<?xml version="1.0" encoding="utf-8" standalone="no"?>
<!--This file represents the results of running a test suite-->
<test-results name="F:\olivier\NeoDatis\06-2009\NeoDatis\test\NeoDatisNunitProject.nunit" total="312" failures="50" not-run="0" date="2009-08-19" time="09:31:57">
  <environment nunit-version="2.4.8.0" clr-version="2.0.50727.1433" os-version="Microsoft Windows NT 5.1.2600 Service Pack 2" platform="Win32NT" cwd="F:\olivier\NeoDatis\06-2009\NeoDatis\test" machine-name="ORAXP" user="olivier" user-domain="ORAXP" />
  <culture-info current-culture="pt-BR" current-uiculture="pt-BR" />
  <test-suite name="F:\olivier\NeoDatis\06-2009\NeoDatis\test\NeoDatisNunitProject.nunit" success="False" time="264.815" asserts="0">
    <results>
      <test-suite name="F:\olivier\NeoDatis\06-2009\NeoDatis\test\bin\Debug\NeoDatisUnitTest.dll" success="False" time="264.725" asserts="0">
        <results>
          <test-suite name="NeoDatis" success="False" time="264.685" asserts="0">
            <results>
              <test-suite name="Odb" success="False" time="264.595" asserts="0">
                <results>
                  <test-suite name="Test" success="False" time="264.595" asserts="0">
                    <results>
                      <test-suite name="Acid" success="True" time="0.020" asserts="0">
                        <results>
                          <test-suite name="TestConsistency" success="True" time="0.010" asserts="0">
                            <results>
                              <test-case name="NeoDatis.Odb.Test.Acid.TestConsistency.Test1" executed="True" success="True" time="0.010" asserts="1" />
                            </results>
                          </test-suite>
                          <test-suite name="TestStopEngineWithoutCommit" success="True" time="0.000" asserts="0">
                            <results>
                              <test-case name="NeoDatis.Odb.Test.Acid.TestStopEngineWithoutCommit.Test1" executed="True" success="True" time="0.000" asserts="0" />
                            </results>
                          </test-suite>
                        </results>
                      </test-suite>
                      <test-suite name="Arraycollectionmap" success="False" time="38.749" asserts="0">
                        <results>
                          <test-suite name="TestArray" success="False" time="1.045" asserts="0">
                            <results>
                              <test-case name="NeoDatis.Odb.Test.Arraycollectionmap.TestArray.TestArray1" executed="True" success="True" time="0.424" asserts="2" />
                              <test-case name="NeoDatis.Odb.Test.Arraycollectionmap.TestArray.TestArray2" executed="True" success="True" time="0.010" asserts="51" />
                              <test-case name="NeoDatis.Odb.Test.Arraycollectionmap.TestArray.TestArray3" executed="True" success="True" time="0.010" asserts="51" />
                              <test-case name="NeoDatis.Odb.Test.Arraycollectionmap.TestArray.TestArray4" executed="True" success="True" time="0.050" asserts="51" />
                              <test-case name="NeoDatis.Odb.Test.Arraycollectionmap.TestArray.TestArray5" executed="True" success="True" time="0.040" asserts="4" />
                              <test-case name="NeoDatis.Odb.Test.Arraycollectionmap.TestArray.TestArray6" executed="True" success="True" time="0.010" asserts="2" />
                              <test-case name="NeoDatis.Odb.Test.Arraycollectionmap.TestArray.TestArray61" executed="True" success="True" time="0.040" asserts="2" />
                              <test-case name="NeoDatis.Odb.Test.Arraycollectionmap.TestArray.TestArray6UpdateIncreasingArraySize" executed="True" success="True" time="0.010" asserts="3" />
                              <test-case name="NeoDatis.Odb.Test.Arraycollectionmap.TestArray.TestArrayOfDate" executed="True" success="False" time="0.190" asserts="0">
                                <failure>
                                  <message><![CDATA[System.IO.IOException : The process cannot access the file 'F:\olivier\NeoDatis\06-2009\NeoDatis\test\bin\Debug\array1.neodatis' because it is being used by another process.]]></message>
                                  <stack-trace><![CDATA[at System.IO.__Error.WinIOError(Int32 errorCode, String maybeFullPath)
at System.IO.File.Delete(String path)
at NeoDatis.Tool.Wrappers.IO.OdbFile.Delete() in F:\olivier\NeoDatis\06-2009\NeoDatis\src\NeoDatis\Tool\Wrappers\IO\OdbFile.cs:line 64
at NeoDatis.Tool.IOUtil.DeleteFile(String fileName) in F:\olivier\NeoDatis\06-2009\NeoDatis\src\NeoDatis\Tool\IOUtil.cs:line 23
at NeoDatis.Odb.Test.ODBTest.DeleteBase(String baseName) in F:\olivier\NeoDatis\06-2009\NeoDatis\test\Neodatis\Odb\Test\ODBTest.cs:line 97
at NeoDatis.Odb.Test.Arraycollectionmap.TestArray.TestArrayOfDate() in F:\olivier\NeoDatis\06-2009\NeoDatis\test\Neodatis\Odb\Test\Arraycollectionmap\TestArray.cs:line 286
]]></stack-trace>
                                </failure>
                              </test-case>
                              <test-case name="NeoDatis.Odb.Test.Arraycollectionmap.TestArray.TestArrayQuery" executed="True" success="False" time="0.000" asserts="0">
                                <failure>
                                  <message><![CDATA[System.IO.IOException : The process cannot access the file 'F:\olivier\NeoDatis\06-2009\NeoDatis\test\bin\Debug\array1.neodatis' because it is being used by another process.]]></message>
                                  <stack-trace><![CDATA[at System.IO.__Error.WinIOError(Int32 errorCode, String maybeFullPath)
at System.IO.File.Delete(String path)
at NeoDatis.Tool.Wrappers.IO.OdbFile.Delete() in F:\olivier\NeoDatis\06-2009\NeoDatis\src\NeoDatis\Tool\Wrappers\IO\OdbFile.cs:line 64
at NeoDatis.Tool.IOUtil.DeleteFile(String fileName) in F:\olivier\NeoDatis\06-2009\NeoDatis\src\NeoDatis\Tool\IOUtil.cs:line 23
at NeoDatis.Odb.Test.ODBTest.DeleteBase(String baseName) in F:\olivier\NeoDatis\06-2009\NeoDatis\test\Neodatis\Odb\Test\ODBTest.cs:line 97
at NeoDatis.Odb.Test.Arraycollectionmap.TestArray.TestArrayQuery() in F:\olivier\NeoDatis\06-2009\NeoDatis\test\Neodatis\Odb\Test\Arraycollectionmap\TestArray.cs:line 189
]]></stack-trace>
                                </failure>
                              </test-case>
                              <test-case name="NeoDatis.Odb.Test.Arraycollectionmap.TestArray.TestArrayUpdateDecreasingArraySize" executed="True" success="False" time="0.010" asserts="0">
                                <failure>
                                  <message><![CDATA[System.IO.IOException : The process cannot access the file 'F:\olivier\NeoDatis\06-2009\NeoDatis\test\bin\Debug\array1.neodatis' because it is being used by another process.]]></message>
                                  <stack-trace><![CDATA[at System.IO.__Error.WinIOError(Int32 errorCode, String maybeFullPath)
at System.IO.File.Delete(String path)
at NeoDatis.Tool.Wrappers.IO.OdbFile.Delete() in F:\olivier\NeoDatis\06-2009\NeoDatis\src\NeoDatis\Tool\Wrappers\IO\OdbFile.cs:line 64
at NeoDatis.Tool.IOUtil.DeleteFile(String fileName) in F:\olivier\NeoDatis\06-2009\NeoDatis\src\NeoDatis\Tool\IOUtil.cs:line 23
at NeoDatis.Odb.Test.ODBTest.DeleteBase(String baseName) in F:\olivier\NeoDatis\06-2009\NeoDatis\test\Neodatis\Odb\Test\ODBTest.cs:line 97
at NeoDatis.Odb.Test.Arraycollectionmap.TestArray.TestArrayUpdateDecreasingArraySize() in F:\olivier\NeoDatis\06-2009\NeoDatis\test\Neodatis\Odb\Test\Arraycollectionmap\TestArray.cs:line 576
]]></stack-trace>
                                </failure>
                              </test-case>
                            </results>
                          </test-suite>
                          <test-suite name="TestList" success="True" time="36.953" asserts="0">
                            <results>
                              <test-case name="NeoDatis.Odb.Test.Arraycollectionmap.TestList.TestBigList" executed="True" success="True" time="1.582" asserts="1" />
                              <test-case name="NeoDatis.Odb.Test.Arraycollectionmap.TestList.TestCollectionWithContain" executed="True" success="True" time="0.030" asserts="1" />
                              <test-case name="NeoDatis.Odb.Test.Arraycollectionmap.TestList.TestDeletingOneElementOfTheList" executed="True" success="True" time="0.000" asserts="0" />
                              <test-case name="NeoDatis.Odb.Test.Arraycollectionmap.TestList.TestList1" executed="True" success="True" time="0.040" asserts="2" />
                              <test-case name="NeoDatis.Odb.Test.Arraycollectionmap.TestList.TestList1WithNull" executed="True" success="True" time="0.000" asserts="2" />
                              <test-case name="NeoDatis.Odb.Test.Arraycollectionmap.TestList.TestList2" executed="True" success="True" time="0.000" asserts="1" />
                              <test-case name="NeoDatis.Odb.Test.Arraycollectionmap.TestList.TestList3" executed="True" success="True" time="0.010" asserts="1" />
                              <test-case name="NeoDatis.Odb.Test.Arraycollectionmap.TestList.TestList4Update" executed="True" success="True" time="0.010" asserts="3" />
                              <test-case name="NeoDatis.Odb.Test.Arraycollectionmap.TestList.TestList4Update2" executed="True" success="True" time="0.010" asserts="6" />
                              <test-case name="NeoDatis.Odb.Test.Arraycollectionmap.TestList.TestList4Update3" executed="True" success="True" time="0.010" asserts="3" />
                              <test-case name="NeoDatis.Odb.Test.Arraycollectionmap.TestList.TestList4Update4" executed="True" success="True" time="1.823" asserts="3" />
                              <test-case name="NeoDatis.Odb.Test.Arraycollectionmap.TestList.TestList4Update4Middle" executed="True" success="True" time="1.933" asserts="3" />
                              <test-case name="NeoDatis.Odb.Test.Arraycollectionmap.TestList.TestList4Update4Middle2" executed="True" success="True" time="23.153" asserts="2" />
                              <test-case name="NeoDatis.Odb.Test.Arraycollectionmap.TestList.TestList4Update5" executed="True" success="True" time="8.242" asserts="2" />
                            </results>
                          </test-suite>
                          <test-suite name="TestMap" success="True" time="0.180" asserts="0">
                            <results>
                              <test-case name="NeoDatis.Odb.Test.Arraycollectionmap.TestMap.Test1" executed="True" success="True" time="0.110" asserts="1" />
                              <test-case name="NeoDatis.Odb.Test.Arraycollectionmap.TestMap.Test2" executed="True" success="True" time="0.010" asserts="1" />
                              <test-case name="NeoDatis.Odb.Test.Arraycollectionmap.TestMap.Test3" executed="True" success="True" time="0.010" asserts="2" />
                              <test-case name="NeoDatis.Odb.Test.Arraycollectionmap.TestMap.Test4" executed="True" success="True" time="0.010" asserts="2" />
                              <test-case name="NeoDatis.Odb.Test.Arraycollectionmap.TestMap.Test5updateIncreasingSize" executed="True" success="True" time="0.010" asserts="4" />
                              <test-case name="NeoDatis.Odb.Test.Arraycollectionmap.TestMap.Test6updateChangingKeyValue" executed="True" success="True" time="0.010" asserts="2" />
                              <test-case name="NeoDatis.Odb.Test.Arraycollectionmap.TestMap.Test6updateDecreasingSize" executed="True" success="True" time="0.010" asserts="2" />
                              <test-case name="NeoDatis.Odb.Test.Arraycollectionmap.TestMap.TestNonGenericMap" executed="True" success="True" time="0.010" asserts="5" />
                            </results>
                          </test-suite>
                          <test-suite name="TestMapContainingCollection" success="False" time="0.561" asserts="0">
                            <results>
                              <test-case name="NeoDatis.Odb.Test.Arraycollectionmap.TestMapContainingCollection.Test1" executed="True" success="True" time="0.010" asserts="3" />
                              <test-case name="NeoDatis.Odb.Test.Arraycollectionmap.TestMapContainingCollection.Test2" executed="True" success="False" time="0.531" asserts="3">
                                <failure>
                                  <message><![CDATA[System.InvalidOperationException : Enumeration has either not started or has already finished.]]></message>
                                  <stack-trace><![CDATA[at System.ThrowHelper.ThrowInvalidOperationException(ExceptionResource resource)
at System.Collections.Generic.List`1.Enumerator.System.Collections.IEnumerator.get_Current()
at NeoDatis.Odb.Test.Arraycollectionmap.TestMapContainingCollection.Test2() in F:\olivier\NeoDatis\06-2009\NeoDatis\test\Neodatis\Odb\Test\Arraycollectionmap\TestMapContainingCollection.cs:line 58
]]></stack-trace>
                                </failure>
                              </test-case>
                              <test-case name="NeoDatis.Odb.Test.Arraycollectionmap.TestMapContainingCollection.Test3" executed="True" success="False" time="0.010" asserts="2">
                                <failure>
                                  <message><![CDATA[System.InvalidOperationException : Enumeration has either not started or has already finished.]]></message>
                                  <stack-trace><![CDATA[at System.ThrowHelper.ThrowInvalidOperationException(ExceptionResource resource)
at System.Collections.Generic.List`1.Enumerator.System.Collections.IEnumerator.get_Current()
at NeoDatis.Odb.Test.Arraycollectionmap.TestMapContainingCollection.Test3() in F:\olivier\NeoDatis\06-2009\NeoDatis\test\Neodatis\Odb\Test\Arraycollectionmap\TestMapContainingCollection.cs:line 91
]]></stack-trace>
                                </failure>
                              </test-case>
                            </results>
                          </test-suite>
                        </results>
                      </test-suite>
                      <test-suite name="Buffer" success="True" time="0.000" asserts="0">
                        <results>
                          <test-suite name="TestBigData" success="True" time="0.000" asserts="0">
                            <results />
                          </test-suite>
                        </results>
                      </test-suite>
                      <test-suite name="Cache" success="False" time="0.601" asserts="0">
                        <results>
                          <test-suite name="TestCache" success="False" time="0.080" asserts="0">
                            <results>
                              <test-case name="NeoDatis.Odb.Test.Cache.TestCache.Test1" executed="True" success="False" time="0.040" asserts="1">
                                <failure>
                                  <message><![CDATA[  Expected: False
  But was:  True
]]></message>
                                  <stack-trace><![CDATA[at NeoDatis.Odb.Test.NeoDatisAssert.AssertFalse(Boolean condition) in F:\olivier\NeoDatis\06-2009\NeoDatis\test\Neodatis\Odb\Test\NeoDatisAssert.cs:line 44
at NeoDatis.Odb.Test.Cache.TestCache.Test1() in F:\olivier\NeoDatis\06-2009\NeoDatis\test\Neodatis\Odb\Test\Cache\TestCache.cs:line 36
]]></stack-trace>
                                </failure>
                              </test-case>
                              <test-case name="NeoDatis.Odb.Test.Cache.TestCache.Test2" executed="True" success="False" time="0.040" asserts="0">
                                <failure>
                                  <message><![CDATA[NeoDatis.Odb.ODBRuntimeException : 
NeoDatis has thrown an Exception, please help us filling a bug report at https://sourceforge.net/tracker/?func=add&group_id=179124&atid=887885 with the following error message
Version=1.9 , Build=566, Date=21-05-2009-18-01-30, Thread=TestRunnerThread
Error:1013:cache.neodatis file is locked by the current Virtual machine - check if the database has not been opened in the current VM! : thread = TestRunnerThread - using multi thread ? True]]></message>
                                  <stack-trace><![CDATA[at NeoDatis.Odb.Impl.Core.Layers.Layer3.Buffer.MultiBufferedFileIO.Init(String fileName, Boolean canWrite) in F:\olivier\NeoDatis\06-2009\NeoDatis\src\NeoDatis\Odb\Impl\Core\Layers\Layer3\Buffer\MultiBufferedFileIO.cs:line 64
at NeoDatis.Odb.Impl.Core.Layers.Layer3.Buffer.MultiBufferedFileIO..ctor(Int32 nbBuffers, String name, String fileName, Boolean canWrite, Int32 bufferSize) in F:\olivier\NeoDatis\06-2009\NeoDatis\src\NeoDatis\Odb\Impl\Core\Layers\Layer3\Buffer\MultiBufferedFileIO.cs:line 24
at NeoDatis.Odb.Impl.DefaultCoreProvider.GetIO(String name, IBaseIdentification parameters, Int32 bufferSize) in F:\olivier\NeoDatis\06-2009\NeoDatis\src\NeoDatis\Odb\Impl\DefaultCoreProvider.cs:line 142
at NeoDatis.Odb.Core.Layers.Layer3.Engine.FileSystemInterface..ctor(String name, IBaseIdentification parameters, Boolean canLog, Int32 bufferSize) in F:\olivier\NeoDatis\06-2009\NeoDatis\src\NeoDatis\Odb\Core\Layers\Layer3\Engine\FileSystemInterface.cs:line 57
at NeoDatis.Odb.Impl.Core.Layers.Layer3.Engine.LocalFileSystemInterface..ctor(String name, ISession session, IBaseIdentification parameters, Boolean canLog, Int32 bufferSize) in F:\olivier\NeoDatis\06-2009\NeoDatis\src\NeoDatis\Odb\Impl\Core\Layers\Layer3\Engine\LocalFileSystemInterface.cs:line 14
at NeoDatis.Odb.Impl.Core.Layers.Layer3.Engine.LocalObjectWriter.BuildFSI() in F:\olivier\NeoDatis\06-2009\NeoDatis\src\NeoDatis\Odb\Impl\Core\Layers\Layer3\Engine\LocalObjectWriter.cs:line 21
at NeoDatis.Odb.Impl.Core.Layers.Layer3.Engine.AbstractObjectWriter.Init2() in F:\olivier\NeoDatis\06-2009\NeoDatis\src\NeoDatis\Odb\Impl\Core\Layers\Layer3\Engine\AbstractObjectWriter.cs:line 81
at NeoDatis.Odb.Core.Layers.Layer3.Engine.AbstractStorageEngine.Init() in F:\olivier\NeoDatis\06-2009\NeoDatis\src\NeoDatis\Odb\Core\Layers\Layer3\Engine\AbstractStorageEngine.cs:line 108
at NeoDatis.Odb.Core.Layers.Layer3.Engine.AbstractStorageEngine..ctor(IBaseIdentification parameters) in F:\olivier\NeoDatis\06-2009\NeoDatis\src\NeoDatis\Odb\Core\Layers\Layer3\Engine\AbstractStorageEngine.cs:line 89
at NeoDatis.Odb.Impl.Core.Layers.Layer3.Engine.LocalStorageEngine..ctor(IBaseIdentification parameters) in F:\olivier\NeoDatis\06-2009\NeoDatis\src\NeoDatis\Odb\Impl\Core\Layers\Layer3\Engine\LocalStorageEngine.cs:line 7
at NeoDatis.Odb.Impl.DefaultCoreProvider.GetClientStorageEngine(IBaseIdentification baseIdentification) in F:\olivier\NeoDatis\06-2009\NeoDatis\src\NeoDatis\Odb\Impl\DefaultCoreProvider.cs:line 64
at NeoDatis.Odb.Impl.Main.LocalODB..ctor(String fileName, String user, String password) in F:\olivier\NeoDatis\06-2009\NeoDatis\src\NeoDatis\Odb\Impl\Main\LocalODB.cs:line 24
at NeoDatis.Odb.Impl.Main.LocalODB.GetInstance(String fileName, String user, String password) in F:\olivier\NeoDatis\06-2009\NeoDatis\src\NeoDatis\Odb\Impl\Main\LocalODB.cs:line 16
at NeoDatis.Odb.ODBFactory.Open(String fileName, String user, String password) in F:\olivier\NeoDatis\06-2009\NeoDatis\src\NeoDatis\Odb\ODBFactory.cs:line 21
at NeoDatis.Odb.Test.ODBTest.Open(String fileName) in F:\olivier\NeoDatis\06-2009\NeoDatis\test\Neodatis\Odb\Test\ODBTest.cs:line 63
at NeoDatis.Odb.Test.Cache.TestCache.Test2() in F:\olivier\NeoDatis\06-2009\NeoDatis\test\Neodatis\Odb\Test\Cache\TestCache.cs:line 47
]]></stack-trace>
                                </failure>
                              </test-case>
                            </results>
                          </test-suite>
                          <test-suite name="TestHashCode" success="True" time="0.501" asserts="0">
                            <results>
                              <test-case name="NeoDatis.Odb.Test.Cache.TestHashCode.Test1" executed="True" success="True" time="0.300" asserts="2" />
                              <test-case name="NeoDatis.Odb.Test.Cache.TestHashCode.Test2" executed="True" success="True" time="0.200" asserts="2" />
                            </results>
                          </test-suite>
                          <test-suite name="TestInsertingObject" success="True" time="0.010" asserts="0">
                            <results>
                              <test-case name="NeoDatis.Odb.Test.Cache.TestInsertingObject.Test1" executed="True" success="True" time="0.000" asserts="6" />
                              <test-case name="NeoDatis.Odb.Test.Cache.TestInsertingObject.Test2" executed="True" success="True" time="0.000" asserts="12" />
                              <test-case name="NeoDatis.Odb.Test.Cache.TestInsertingObject.Test3" executed="True" success="True" time="0.000" asserts="6" />
                            </results>
                          </test-suite>
                        </results>
                      </test-suite>
                      <test-suite name="Commit" success="True" time="3.805" asserts="0">
                        <results>
                          <test-suite name="TestCommit" success="True" time="3.805" asserts="0">
                            <results>
                              <test-case name="NeoDatis.Odb.Test.Commit.TestCommit.TestInsertWithCommitsComplexObject" executed="True" success="True" time="2.854" asserts="3" />
                              <test-case name="NeoDatis.Odb.Test.Commit.TestCommit.TestInsertWithCommitsSimpleObject" executed="True" success="True" time="0.951" asserts="1" />
                            </results>
                          </test-suite>
                        </results>
                      </test-suite>
                      <test-suite name="Conversion" success="False" time="0.130" asserts="0">
                        <results>
                          <test-suite name="TestNumberConversion" success="False" time="0.130" asserts="0">
                            <results>
                              <test-case name="NeoDatis.Odb.Test.Conversion.TestNumberConversion.Test1" executed="True" success="False" time="0.130" asserts="0">
                                <failure>
                                  <message><![CDATA[System.ArgumentException : Object must be of type Int32.]]></message>
                                  <stack-trace><![CDATA[at System.Int32.CompareTo(Object value)
at NeoDatis.Odb.Impl.Core.Layers.Layer2.Meta.Compare.AttributeValueComparator.Compare(IComparable c1, IComparable c2) in F:\olivier\NeoDatis\06-2009\NeoDatis\src\NeoDatis\Odb\Impl\Core\Layers\Layer2\Meta\Compare\AttributeValueComparator.cs:line 12
at NeoDatis.Odb.Test.Conversion.TestNumberConversion.Test1() in F:\olivier\NeoDatis\06-2009\NeoDatis\test\Neodatis\Odb\Test\Conversion\TestNumberConversion.cs:line 11
]]></stack-trace>
                                </failure>
                              </test-case>
                            </results>
                          </test-suite>
                        </results>
                      </test-suite>
                      <test-suite name="Delete" success="False" time="9.734" asserts="0">
                        <results>
                          <test-suite name="TestDelete" success="False" time="9.414" asserts="0">
                            <results>
                              <test-case name="NeoDatis.Odb.Test.Delete.TestDelete.Test1" executed="True" success="True" time="0.010" asserts="1" />
                              <test-case name="NeoDatis.Odb.Test.Delete.TestDelete.Test10" executed="True" success="True" time="0.000" asserts="2" />
                              <test-case name="NeoDatis.Odb.Test.Delete.TestDelete.Test11" executed="True" success="True" time="0.010" asserts="1" />
                              <test-case name="NeoDatis.Odb.Test.Delete.TestDelete.Test12" executed="True" success="False" time="0.010" asserts="1">
                                <failure>
                                  <message><![CDATA[  Expected: 1
  But was:  2
]]></message>
                                  <stack-trace><![CDATA[at NeoDatis.Odb.Test.NeoDatisAssert.AssertEquals(Int32 expected, Int32 actual) in F:\olivier\NeoDatis\06-2009\NeoDatis\test\Neodatis\Odb\Test\NeoDatisAssert.cs:line 239
at NeoDatis.Odb.Test.Delete.TestDelete.Test12() in F:\olivier\NeoDatis\06-2009\NeoDatis\test\Neodatis\Odb\Test\Delete\TestDelete.cs:line 490
]]></stack-trace>
                                </failure>
                              </test-case>
                              <test-case name="NeoDatis.Odb.Test.Delete.TestDelete.Test13" executed="True" success="True" time="0.010" asserts="1" />
                              <test-case name="NeoDatis.Odb.Test.Delete.TestDelete.Test14" executed="True" success="True" time="0.010" asserts="7" />
                              <test-case name="NeoDatis.Odb.Test.Delete.TestDelete.Test15" executed="True" success="True" time="0.000" asserts="4" />
                              <test-case name="NeoDatis.Odb.Test.Delete.TestDelete.Test15_by_oid" executed="True" success="True" time="0.000" asserts="4" />
                              <test-case name="NeoDatis.Odb.Test.Delete.TestDelete.Test15_by_oid_2" executed="True" success="True" time="0.010" asserts="4" />
                              <test-case name="NeoDatis.Odb.Test.Delete.TestDelete.Test16" executed="True" success="True" time="2.283" asserts="4" />
                              <test-case name="NeoDatis.Odb.Test.Delete.TestDelete.Test17" executed="True" success="True" time="0.010" asserts="4" />
                              <test-case name="NeoDatis.Odb.Test.Delete.TestDelete.Test18" executed="True" success="True" time="0.000" asserts="4" />
                              <test-case name="NeoDatis.Odb.Test.Delete.TestDelete.Test19" executed="True" success="True" time="0.000" asserts="3" />
                              <test-case name="NeoDatis.Odb.Test.Delete.TestDelete.Test2" executed="True" success="False" time="0.010" asserts="0">
                                <failure>
                                  <message><![CDATA[NeoDatis.Odb.ODBRuntimeException : 
NeoDatis has thrown an Exception, please help us filling a bug report at https://sourceforge.net/tracker/?func=add&group_id=179124&atid=887885 with the following error message
Version=1.9 , Build=566, Date=21-05-2009-18-01-30, Thread=TestRunnerThread
Error:1013:cache.neodatis file is locked by the current Virtual machine - check if the database has not been opened in the current VM! : thread = TestRunnerThread - using multi thread ? True]]></message>
                                  <stack-trace><![CDATA[at NeoDatis.Odb.Impl.Core.Layers.Layer3.Buffer.MultiBufferedFileIO.Init(String fileName, Boolean canWrite) in F:\olivier\NeoDatis\06-2009\NeoDatis\src\NeoDatis\Odb\Impl\Core\Layers\Layer3\Buffer\MultiBufferedFileIO.cs:line 64
at NeoDatis.Odb.Impl.Core.Layers.Layer3.Buffer.MultiBufferedFileIO..ctor(Int32 nbBuffers, String name, String fileName, Boolean canWrite, Int32 bufferSize) in F:\olivier\NeoDatis\06-2009\NeoDatis\src\NeoDatis\Odb\Impl\Core\Layers\Layer3\Buffer\MultiBufferedFileIO.cs:line 24
at NeoDatis.Odb.Impl.DefaultCoreProvider.GetIO(String name, IBaseIdentification parameters, Int32 bufferSize) in F:\olivier\NeoDatis\06-2009\NeoDatis\src\NeoDatis\Odb\Impl\DefaultCoreProvider.cs:line 142
at NeoDatis.Odb.Core.Layers.Layer3.Engine.FileSystemInterface..ctor(String name, IBaseIdentification parameters, Boolean canLog, Int32 bufferSize) in F:\olivier\NeoDatis\06-2009\NeoDatis\src\NeoDatis\Odb\Core\Layers\Layer3\Engine\FileSystemInterface.cs:line 57
at NeoDatis.Odb.Impl.Core.Layers.Layer3.Engine.LocalFileSystemInterface..ctor(String name, ISession session, IBaseIdentification parameters, Boolean canLog, Int32 bufferSize) in F:\olivier\NeoDatis\06-2009\NeoDatis\src\NeoDatis\Odb\Impl\Core\Layers\Layer3\Engine\LocalFileSystemInterface.cs:line 14
at NeoDatis.Odb.Impl.Core.Layers.Layer3.Engine.LocalObjectWriter.BuildFSI() in F:\olivier\NeoDatis\06-2009\NeoDatis\src\NeoDatis\Odb\Impl\Core\Layers\Layer3\Engine\LocalObjectWriter.cs:line 21
at NeoDatis.Odb.Impl.Core.Layers.Layer3.Engine.AbstractObjectWriter.Init2() in F:\olivier\NeoDatis\06-2009\NeoDatis\src\NeoDatis\Odb\Impl\Core\Layers\Layer3\Engine\AbstractObjectWriter.cs:line 81
at NeoDatis.Odb.Core.Layers.Layer3.Engine.AbstractStorageEngine.Init() in F:\olivier\NeoDatis\06-2009\NeoDatis\src\NeoDatis\Odb\Core\Layers\Layer3\Engine\AbstractStorageEngine.cs:line 108
at NeoDatis.Odb.Core.Layers.Layer3.Engine.AbstractStorageEngine..ctor(IBaseIdentification parameters) in F:\olivier\NeoDatis\06-2009\NeoDatis\src\NeoDatis\Odb\Core\Layers\Layer3\Engine\AbstractStorageEngine.cs:line 89
at NeoDatis.Odb.Impl.Core.Layers.Layer3.Engine.LocalStorageEngine..ctor(IBaseIdentification parameters) in F:\olivier\NeoDatis\06-2009\NeoDatis\src\NeoDatis\Odb\Impl\Core\Layers\Layer3\Engine\LocalStorageEngine.cs:line 7
at NeoDatis.Odb.Impl.DefaultCoreProvider.GetClientStorageEngine(IBaseIdentification baseIdentification) in F:\olivier\NeoDatis\06-2009\NeoDatis\src\NeoDatis\Odb\Impl\DefaultCoreProvider.cs:line 64
at NeoDatis.Odb.Impl.Main.LocalODB..ctor(String fileName, String user, String password) in F:\olivier\NeoDatis\06-2009\NeoDatis\src\NeoDatis\Odb\Impl\Main\LocalODB.cs:line 24
at NeoDatis.Odb.Impl.Main.LocalODB.GetInstance(String fileName, String user, String password) in F:\olivier\NeoDatis\06-2009\NeoDatis\src\NeoDatis\Odb\Impl\Main\LocalODB.cs:line 16
at NeoDatis.Odb.ODBFactory.Open(String fileName, String user, String password) in F:\olivier\NeoDatis\06-2009\NeoDatis\src\NeoDatis\Odb\ODBFactory.cs:line 21
at NeoDatis.Odb.Test.ODBTest.Open(String fileName) in F:\olivier\NeoDatis\06-2009\NeoDatis\test\Neodatis\Odb\Test\ODBTest.cs:line 63
at NeoDatis.Odb.Test.Delete.TestDelete.Test2() in F:\olivier\NeoDatis\06-2009\NeoDatis\test\Neodatis\Odb\Test\Delete\TestDelete.cs:line 52
]]></stack-trace>
                                </failure>
                              </test-case>
                              <test-case name="NeoDatis.Odb.Test.Delete.TestDelete.Test20" executed="True" success="False" time="0.290" asserts="1">
                                <failure>
                                  <message><![CDATA[  Expected: 1
  But was:  2
]]></message>
                                  <stack-trace><![CDATA[at NeoDatis.Odb.Test.NeoDatisAssert.AssertEquals(Int32 expected, Int32 actual) in F:\olivier\NeoDatis\06-2009\NeoDatis\test\Neodatis\Odb\Test\NeoDatisAssert.cs:line 239
at NeoDatis.Odb.Test.Delete.TestDelete.Test20() in F:\olivier\NeoDatis\06-2009\NeoDatis\test\Neodatis\Odb\Test\Delete\TestDelete.cs:line 912
]]></stack-trace>
                                </failure>
                              </test-case>
                              <test-case name="NeoDatis.Odb.Test.Delete.TestDelete.Test21" executed="True" success="True" time="0.020" asserts="1" />
                              <test-case name="NeoDatis.Odb.Test.Delete.TestDelete.Test22Last_toCheckDuration" executed="True" success="True" time="0.000" asserts="0" />
                              <test-case name="NeoDatis.Odb.Test.Delete.TestDelete.Test3" executed="True" success="False" time="0.120" asserts="0">
                                <failure>
                                  <message><![CDATA[NeoDatis.Odb.ODBRuntimeException : 
NeoDatis has thrown an Exception, please help us filling a bug report at https://sourceforge.net/tracker/?func=add&group_id=179124&atid=887885 with the following error message
Version=1.9 , Build=566, Date=21-05-2009-18-01-30, Thread=TestRunnerThread
Error:269:Error while getting object from list at index 0
  ----> System.ArgumentOutOfRangeException : Index was out of range. Must be non-negative and less than the size of the collection.
Parameter name: index]]></message>
                                  <stack-trace><![CDATA[at NeoDatis.Odb.Impl.Core.Query.List.Objects.LazySimpleListFromOid`1.Next() in F:\olivier\NeoDatis\06-2009\NeoDatis\src\NeoDatis\Odb\Impl\Core\Query\List\Objects\LazySimpleListFromOid.cs:line 106
at NeoDatis.Odb.Test.Delete.TestDelete.Test3() in F:\olivier\NeoDatis\06-2009\NeoDatis\test\Neodatis\Odb\Test\Delete\TestDelete.cs:line 135
--ArgumentOutOfRangeException
at System.ThrowHelper.ThrowArgumentOutOfRangeException(ExceptionArgument argument, ExceptionResource resource)
at System.ThrowHelper.ThrowArgumentOutOfRangeException()
at System.Collections.Generic.List`1.get_Item(Int32 index)
at NeoDatis.Odb.Impl.Core.Query.List.Objects.LazySimpleListFromOid`1.Next() in F:\olivier\NeoDatis\06-2009\NeoDatis\src\NeoDatis\Odb\Impl\Core\Query\List\Objects\LazySimpleListFromOid.cs:line 102
]]></stack-trace>
                                </failure>
                              </test-case>
                              <test-case name="NeoDatis.Odb.Test.Delete.TestDelete.Test30" executed="True" success="True" time="0.010" asserts="1" />
                              <test-case name="NeoDatis.Odb.Test.Delete.TestDelete.Test4" executed="True" success="True" time="5.628" asserts="2000" />
                              <test-case name="NeoDatis.Odb.Test.Delete.TestDelete.Test5" executed="True" success="True" time="0.010" asserts="0" />
                              <test-case name="NeoDatis.Odb.Test.Delete.TestDelete.Test5_byOid" executed="True" success="True" time="0.010" asserts="0" />
                              <test-case name="NeoDatis.Odb.Test.Delete.TestDelete.Test5_deleteNullObject" executed="True" success="True" time="0.020" asserts="0" />
                              <test-case name="NeoDatis.Odb.Test.Delete.TestDelete.Test6" executed="True" success="True" time="0.010" asserts="0" />
                              <test-case name="NeoDatis.Odb.Test.Delete.TestDelete.Test7" executed="True" success="True" time="0.020" asserts="1" />
                              <test-case name="NeoDatis.Odb.Test.Delete.TestDelete.Test8" executed="True" success="True" time="0.861" asserts="1" />
                              <test-case name="NeoDatis.Odb.Test.Delete.TestDelete.Test9" executed="True" success="True" time="0.030" asserts="1" />
                            </results>
                          </test-suite>
                          <test-suite name="TestDelete2" success="False" time="0.300" asserts="0">
                            <results>
                              <test-case name="NeoDatis.Odb.Test.Delete.TestDelete2.TestDeleteListElements" executed="True" success="True" time="0.280" asserts="0" />
                              <test-case name="NeoDatis.Odb.Test.Delete.TestDelete2.TestDeleteListElements2" executed="True" success="False" time="0.020" asserts="3">
                                <failure>
                                  <message><![CDATA[System.IO.IOException : The process cannot access the file 'F:\olivier\NeoDatis\06-2009\NeoDatis\test\bin\Debug\my name633862708669261040.neodatis' because it is being used by another process.]]></message>
                                  <stack-trace><![CDATA[at System.IO.__Error.WinIOError(Int32 errorCode, String maybeFullPath)
at System.IO.File.Delete(String path)
at NeoDatis.Tool.Wrappers.IO.OdbFile.Delete() in F:\olivier\NeoDatis\06-2009\NeoDatis\src\NeoDatis\Tool\Wrappers\IO\OdbFile.cs:line 64
at NeoDatis.Tool.IOUtil.DeleteFile(String fileName) in F:\olivier\NeoDatis\06-2009\NeoDatis\src\NeoDatis\Tool\IOUtil.cs:line 23
at NeoDatis.Odb.Test.ODBTest.DeleteBase(String baseName) in F:\olivier\NeoDatis\06-2009\NeoDatis\test\Neodatis\Odb\Test\ODBTest.cs:line 97
at NeoDatis.Odb.Test.Delete.TestDelete2.TestDeleteListElements2() in F:\olivier\NeoDatis\06-2009\NeoDatis\test\Neodatis\Odb\Test\Delete\TestDelete2.cs:line 96
]]></stack-trace>
                                </failure>
                              </test-case>
                            </results>
                          </test-suite>
                        </results>
                      </test-suite>
                      <test-suite name="Encoding" success="False" time="0.190" asserts="0">
                        <results>
                          <test-suite name="TestEncoding" success="False" time="0.190" asserts="0">
                            <results>
                              <test-case name="NeoDatis.Odb.Test.Encoding.TestEncoding.Test1" executed="True" success="False" time="0.180" asserts="0">
                                <failure>
                                  <message><![CDATA[System.ArgumentException : 'ISO8859-5' is not a supported encoding name.
Parameter name: name]]></message>
                                  <stack-trace><![CDATA[at System.Globalization.EncodingTable.internalGetCodePageFromName(String name)
at System.Globalization.EncodingTable.GetCodePageFromName(String name)
at System.Text.Encoding.GetEncoding(String name)
at NeoDatis.Odb.Impl.Core.Layers.Layer3.Engine.DefaultByteArrayConverter.TestEncoding(String encoding) in F:\olivier\NeoDatis\06-2009\NeoDatis\src\NeoDatis\Odb\Impl\Core\Layers\Layer3\Engine\DefaultByteArrayConverter.cs:line 329
at NeoDatis.Odb.OdbConfiguration.SetDatabaseCharacterEncoding(String dbCharacterEncoding) in F:\olivier\NeoDatis\06-2009\NeoDatis\src\NeoDatis\Odb\OdbConfiguration.cs:line 630
at NeoDatis.Odb.Test.Encoding.TestEncoding.Test1() in F:\olivier\NeoDatis\06-2009\NeoDatis\test\Neodatis\Odb\Test\Encoding\TestEncoding.cs:line 16
]]></stack-trace>
                                </failure>
                              </test-case>
                              <test-case name="NeoDatis.Odb.Test.Encoding.TestEncoding.Test2_ClientServer" executed="True" success="False" time="0.010" asserts="0">
                                <failure>
                                  <message><![CDATA[System.ArgumentException : 'ISO8859-5' is not a supported encoding name.
Parameter name: name]]></message>
                                  <stack-trace><![CDATA[at System.Globalization.EncodingTable.internalGetCodePageFromName(String name)
at System.Globalization.EncodingTable.GetCodePageFromName(String name)
at System.Text.Encoding.GetEncoding(String name)
at NeoDatis.Odb.Impl.Core.Layers.Layer3.Engine.DefaultByteArrayConverter.TestEncoding(String encoding) in F:\olivier\NeoDatis\06-2009\NeoDatis\src\NeoDatis\Odb\Impl\Core\Layers\Layer3\Engine\DefaultByteArrayConverter.cs:line 329
at NeoDatis.Odb.OdbConfiguration.SetDatabaseCharacterEncoding(String dbCharacterEncoding) in F:\olivier\NeoDatis\06-2009\NeoDatis\src\NeoDatis\Odb\OdbConfiguration.cs:line 630
at NeoDatis.Odb.Test.Encoding.TestEncoding.Test2_ClientServer() in F:\olivier\NeoDatis\06-2009\NeoDatis\test\Neodatis\Odb\Test\Encoding\TestEncoding.cs:line 53
]]></stack-trace>
                                </failure>
                              </test-case>
                            </results>
                          </test-suite>
                        </results>
                      </test-suite>
                      <test-suite name="Enum" success="True" time="0.040" asserts="0">
                        <results>
                          <test-suite name="TestEnum" success="True" time="0.040" asserts="0">
                            <results>
                              <test-case name="NeoDatis.Odb.Test.Enum.TestEnum.TestEnum1" executed="True" success="True" time="0.010" asserts="1" />
                              <test-case name="NeoDatis.Odb.Test.Enum.TestEnum.TestEnumUpdate" executed="True" success="True" time="0.030" asserts="2" />
                            </results>
                          </test-suite>
                        </results>
                      </test-suite>
                      <test-suite name="Error" success="True" time="0.010" asserts="0">
                        <results>
                          <test-suite name="TestError" success="True" time="0.010" asserts="0">
                            <results>
                              <test-case name="NeoDatis.Odb.Test.Error.TestError.Test2" executed="True" success="True" time="0.010" asserts="1" />
                              <test-case name="NeoDatis.Odb.Test.Error.TestError.Test3" executed="True" success="True" time="0.000" asserts="1" />
                              <test-case name="NeoDatis.Odb.Test.Error.TestError.Test4" executed="True" success="True" time="0.000" asserts="1" />
                              <test-case name="NeoDatis.Odb.Test.Error.TestError.TestDollarInParam" executed="True" success="True" time="0.000" asserts="1" />
                            </results>
                          </test-suite>
                        </results>
                      </test-suite>
                      <test-suite name="Inheritance" success="True" time="0.040" asserts="0">
                        <results>
                          <test-suite name="TestInheritance" success="True" time="0.040" asserts="0">
                            <results>
                              <test-case name="NeoDatis.Odb.Test.Inheritance.TestInheritance.TestInterface" executed="True" success="True" time="0.020" asserts="2" />
                              <test-case name="NeoDatis.Odb.Test.Inheritance.TestInheritance.TestSubClass" executed="True" success="True" time="0.010" asserts="2" />
                            </results>
                          </test-suite>
                        </results>
                      </test-suite>
                      <test-suite name="Insert" success="False" time="0.691" asserts="0">
                        <results>
                          <test-suite name="StorageEngineTest" success="True" time="0.130" asserts="0">
                            <results>
                              <test-case name="NeoDatis.Odb.Test.Insert.StorageEngineTest.TestComplexInstance" executed="True" success="True" time="0.010" asserts="4" />
                              <test-case name="NeoDatis.Odb.Test.Insert.StorageEngineTest.TestNonNativeAttributes" executed="True" success="True" time="0.000" asserts="1" />
                              <test-case name="NeoDatis.Odb.Test.Insert.StorageEngineTest.TestSimpleInstance" executed="True" success="True" time="0.120" asserts="16" />
                              <test-case name="NeoDatis.Odb.Test.Insert.StorageEngineTest.TestSimpleInstanceRetrievingWithNQ" executed="True" success="True" time="0.000" asserts="0" />
                              <test-case name="NeoDatis.Odb.Test.Insert.StorageEngineTest.TestSimpleInstanceRetrievingWithNQWithNullBoolean" executed="True" success="True" time="0.000" asserts="0" />
                            </results>
                          </test-suite>
                          <test-suite name="TestInsert" success="False" time="0.551" asserts="0">
                            <results>
                              <test-case name="NeoDatis.Odb.Test.Insert.TestInsert.Test1" executed="True" success="True" time="0.000" asserts="1" />
                              <test-case name="NeoDatis.Odb.Test.Insert.TestInsert.Test6" executed="True" success="True" time="0.010" asserts="2" />
                              <test-case name="NeoDatis.Odb.Test.Insert.TestInsert.Test7" executed="True" success="True" time="0.000" asserts="1" />
                              <test-case name="NeoDatis.Odb.Test.Insert.TestInsert.Test8" executed="True" success="True" time="0.010" asserts="4" />
                              <test-case name="NeoDatis.Odb.Test.Insert.TestInsert.TestBufferSize" executed="True" success="False" time="0.050" asserts="1">
                                <failure>
                                  <message><![CDATA[System.NullReferenceException : Object reference not set to an instance of an object.]]></message>
                                  <stack-trace><![CDATA[at NeoDatis.Odb.Test.Insert.TestInsert.TestBufferSize() in F:\olivier\NeoDatis\06-2009\NeoDatis\test\Neodatis\Odb\Test\Insert\TestInsert.cs:line 279
]]></stack-trace>
                                </failure>
                              </test-case>
                              <test-case name="NeoDatis.Odb.Test.Insert.TestInsert.TestCompositeCollection1" executed="True" success="True" time="0.010" asserts="1" />
                              <test-case name="NeoDatis.Odb.Test.Insert.TestInsert.TestCompositeCollection2" executed="True" success="True" time="0.010" asserts="3" />
                              <test-case name="NeoDatis.Odb.Test.Insert.TestInsert.TestCompositeCollection2DifferentObjects" executed="True" success="True" time="0.020" asserts="3" />
                              <test-case name="NeoDatis.Odb.Test.Insert.TestInsert.TestCompositeCollection3" executed="True" success="True" time="0.020" asserts="3" />
                              <test-case name="NeoDatis.Odb.Test.Insert.TestInsert.TestCompositeCollection4" executed="True" success="True" time="0.120" asserts="3" />
                              <test-case name="NeoDatis.Odb.Test.Insert.TestInsert.TestDatePersistence" executed="True" success="True" time="0.080" asserts="3" />
                              <test-case name="NeoDatis.Odb.Test.Insert.TestInsert.TestSimple" executed="True" success="True" time="0.040" asserts="2" />
                              <test-case name="NeoDatis.Odb.Test.Insert.TestInsert.TestStringPersistence" executed="True" success="False" time="0.100" asserts="3">
                                <failure>
                                  <message><![CDATA[  Expected: null
  But was:  0m
]]></message>
                                  <stack-trace><![CDATA[at NeoDatis.Odb.Test.NeoDatisAssert.AssertEquals(Object expected, Object actual) in F:\olivier\NeoDatis\06-2009\NeoDatis\test\Neodatis\Odb\Test\NeoDatisAssert.cs:line 78
at NeoDatis.Odb.Test.Insert.TestInsert.TestStringPersistence() in F:\olivier\NeoDatis\06-2009\NeoDatis\test\Neodatis\Odb\Test\Insert\TestInsert.cs:line 337
]]></stack-trace>
                                </failure>
                              </test-case>
                            </results>
                          </test-suite>
                        </results>
                      </test-suite>
                      <test-suite name="List" success="True" time="5.147" asserts="0">
                        <results>
                          <test-suite name="TestFieldComparatorSort" success="True" time="0.220" asserts="0">
                            <results>
                              <test-case name="NeoDatis.Odb.Test.List.TestFieldComparatorSort.Test1" executed="True" success="True" time="0.080" asserts="2" />
                              <test-case name="NeoDatis.Odb.Test.List.TestFieldComparatorSort.Test1_2" executed="True" success="True" time="0.040" asserts="2" />
                              <test-case name="NeoDatis.Odb.Test.List.TestFieldComparatorSort.Test2" executed="True" success="True" time="0.040" asserts="2" />
                              <test-case name="NeoDatis.Odb.Test.List.TestFieldComparatorSort.Test2_2" executed="True" success="True" time="0.060" asserts="2" />
                            </results>
                          </test-suite>
                          <test-suite name="TestLong" success="True" time="0.000" asserts="0">
                            <results />
                          </test-suite>
                          <test-suite name="Update" success="True" time="4.897" asserts="0">
                            <results>
                              <test-suite name="TestUpdateList" success="True" time="4.897" asserts="0">
                                <results>
                                  <test-case name="NeoDatis.Odb.Test.List.Update.TestUpdateList.Test1" executed="True" success="True" time="0.030" asserts="1" />
                                  <test-case name="NeoDatis.Odb.Test.List.Update.TestUpdateList.Test2" executed="True" success="True" time="4.867" asserts="203" />
                                </results>
                              </test-suite>
                            </results>
                          </test-suite>
                        </results>
                      </test-suite>
                      <test-suite name="Lookup" success="True" time="0.000" asserts="0">
                        <results>
                          <test-suite name="TestLookup" success="True" time="0.000" asserts="0">
                            <results>
                              <test-case name="NeoDatis.Odb.Test.Lookup.TestLookup.Test1" executed="True" success="True" time="0.000" asserts="1" />
                              <test-case name="NeoDatis.Odb.Test.Lookup.TestLookup.Test2" executed="True" success="True" time="0.000" asserts="1" />
                            </results>
                          </test-suite>
                        </results>
                      </test-suite>
                      <test-suite name="Oid" success="False" time="53.419" asserts="0">
                        <results>
                          <test-suite name="TestGetObjectByOid" success="True" time="52.117" asserts="0">
                            <results>
                              <test-case name="NeoDatis.Odb.Test.Oid.TestGetObjectByOid.Test1" executed="True" success="True" time="0.030" asserts="2" />
                              <test-case name="NeoDatis.Odb.Test.Oid.TestGetObjectByOid.Test2" executed="True" success="True" time="0.010" asserts="1" />
                              <test-case name="NeoDatis.Odb.Test.Oid.TestGetObjectByOid.Test3" executed="True" success="True" time="0.020" asserts="1" />
                              <test-case name="NeoDatis.Odb.Test.Oid.TestGetObjectByOid.Test4" executed="True" success="True" time="0.010" asserts="1" />
                              <test-case name="NeoDatis.Odb.Test.Oid.TestGetObjectByOid.Test5" executed="True" success="True" time="0.020" asserts="2" />
                              <test-case name="NeoDatis.Odb.Test.Oid.TestGetObjectByOid.Test6" executed="True" success="True" time="13.422" asserts="20001" />
                              <test-case name="NeoDatis.Odb.Test.Oid.TestGetObjectByOid.Test7" executed="True" success="True" time="38.585" asserts="10001" />
                              <test-case name="NeoDatis.Odb.Test.Oid.TestGetObjectByOid.TestGetOIDThatDoesNotExist" executed="True" success="True" time="0.000" asserts="1" />
                            </results>
                          </test-suite>
                          <test-suite name="TestOid" success="True" time="1.162" asserts="0">
                            <results>
                              <test-case name="NeoDatis.Odb.Test.Oid.TestOid.TestAndy1" executed="True" success="True" time="0.250" asserts="3" />
                              <test-case name="NeoDatis.Odb.Test.Oid.TestOid.TestAndy2" executed="True" success="True" time="0.000" asserts="3" />
                              <test-case name="NeoDatis.Odb.Test.Oid.TestOid.TestAndy3" executed="True" success="True" time="0.220" asserts="0" />
                              <test-case name="NeoDatis.Odb.Test.Oid.TestOid.TestEquals" executed="True" success="True" time="0.000" asserts="1" />
                              <test-case name="NeoDatis.Odb.Test.Oid.TestOid.TestOIdInMap" executed="True" success="True" time="0.000" asserts="1" />
                              <test-case name="NeoDatis.Odb.Test.Oid.TestOid.TestPerformanceOid" executed="True" success="True" time="0.681" asserts="300000" />
                            </results>
                          </test-suite>
                          <test-suite name="TestOidAsNativeObject" success="True" time="0.010" asserts="0">
                            <results>
                              <test-case name="NeoDatis.Odb.Test.Oid.TestOidAsNativeObject.Test1" executed="True" success="True" time="0.010" asserts="2" />
                            </results>
                          </test-suite>
                          <test-suite name="TestOIDToString" success="False" time="0.040" asserts="0">
                            <results>
                              <test-case name="NeoDatis.Odb.Test.Oid.TestOIDToString.Test1" executed="True" success="True" time="0.010" asserts="1" />
                              <test-case name="NeoDatis.Odb.Test.Oid.TestOIDToString.Test2" executed="True" success="True" time="0.000" asserts="1" />
                              <test-case name="NeoDatis.Odb.Test.Oid.TestOIDToString.Test3" executed="True" success="False" time="0.010" asserts="1">
                                <failure>
                                  <message><![CDATA[  Expected: <2>
  But was:  <2>
]]></message>
                                  <stack-trace><![CDATA[at NeoDatis.Odb.Test.NeoDatisAssert.AssertEquals(Object expected, Object actual) in F:\olivier\NeoDatis\06-2009\NeoDatis\test\Neodatis\Odb\Test\NeoDatisAssert.cs:line 78
at NeoDatis.Odb.Test.Oid.TestOIDToString.Test3() in F:\olivier\NeoDatis\06-2009\NeoDatis\test\Neodatis\Odb\Test\Oid\TestOIDToString.cs:line 35
]]></stack-trace>
                                </failure>
                              </test-case>
                              <test-case name="NeoDatis.Odb.Test.Oid.TestOIDToString.Test4" executed="True" success="True" time="0.010" asserts="1" />
                            </results>
                          </test-suite>
                          <test-suite name="TestStoreWithOID" success="True" time="0.060" asserts="0">
                            <results>
                              <test-case name="NeoDatis.Odb.Test.Oid.TestStoreWithOID.Test1" executed="True" success="True" time="0.060" asserts="1" />
                            </results>
                          </test-suite>
                        </results>
                      </test-suite>
                      <test-suite name="Other" success="False" time="9.537" asserts="0">
                        <results>
                          <test-suite name="Test2Closes" success="True" time="0.030" asserts="0">
                            <results>
                              <test-case name="NeoDatis.Odb.Test.Other.Test2Closes.Test1" executed="True" success="True" time="0.030" asserts="2" />
                            </results>
                          </test-suite>
                          <test-suite name="TestAgainstNativeObjects" success="True" time="0.010" asserts="0">
                            <results>
                              <test-case name="NeoDatis.Odb.Test.Other.TestAgainstNativeObjects.Test1" executed="True" success="True" time="0.000" asserts="0" />
                              <test-case name="NeoDatis.Odb.Test.Other.TestAgainstNativeObjects.Test2" executed="True" success="True" time="0.000" asserts="0" />
                            </results>
                          </test-suite>
                          <test-suite name="TestDownloadManager" success="False" time="9.217" asserts="0">
                            <results>
                              <test-case name="NeoDatis.Odb.Test.Other.TestDownloadManager.Test1" executed="True" success="False" time="9.117" asserts="1">
                                <failure>
                                  <message><![CDATA[  Expected: 2
  But was:  2012
]]></message>
                                  <stack-trace><![CDATA[at NeoDatis.Odb.Test.NeoDatisAssert.AssertEquals(Int64 expected, Int64 actual) in F:\olivier\NeoDatis\06-2009\NeoDatis\test\Neodatis\Odb\Test\NeoDatisAssert.cs:line 154
at NeoDatis.Odb.Test.Other.TestDownloadManager.Test1() in F:\olivier\NeoDatis\06-2009\NeoDatis\test\Neodatis\Odb\Test\Other\TestDownloadManager.cs:line 62
]]></stack-trace>
                                </failure>
                              </test-case>
                              <test-case name="NeoDatis.Odb.Test.Other.TestDownloadManager.Test2" executed="True" success="False" time="0.010" asserts="0">
                                <failure>
                                  <message><![CDATA[NeoDatis.Odb.ODBRuntimeException : 
NeoDatis has thrown an Exception, please help us filling a bug report at https://sourceforge.net/tracker/?func=add&group_id=179124&atid=887885 with the following error message
Version=1.9 , Build=566, Date=21-05-2009-18-01-30, Thread=TestRunnerThread
Error:1013:cache.neodatis file is locked by the current Virtual machine - check if the database has not been opened in the current VM! : thread = TestRunnerThread - using multi thread ? True]]></message>
                                  <stack-trace><![CDATA[at NeoDatis.Odb.Impl.Core.Layers.Layer3.Buffer.MultiBufferedFileIO.Init(String fileName, Boolean canWrite) in F:\olivier\NeoDatis\06-2009\NeoDatis\src\NeoDatis\Odb\Impl\Core\Layers\Layer3\Buffer\MultiBufferedFileIO.cs:line 64
at NeoDatis.Odb.Impl.Core.Layers.Layer3.Buffer.MultiBufferedFileIO..ctor(Int32 nbBuffers, String name, String fileName, Boolean canWrite, Int32 bufferSize) in F:\olivier\NeoDatis\06-2009\NeoDatis\src\NeoDatis\Odb\Impl\Core\Layers\Layer3\Buffer\MultiBufferedFileIO.cs:line 24
at NeoDatis.Odb.Impl.DefaultCoreProvider.GetIO(String name, IBaseIdentification parameters, Int32 bufferSize) in F:\olivier\NeoDatis\06-2009\NeoDatis\src\NeoDatis\Odb\Impl\DefaultCoreProvider.cs:line 142
at NeoDatis.Odb.Core.Layers.Layer3.Engine.FileSystemInterface..ctor(String name, IBaseIdentification parameters, Boolean canLog, Int32 bufferSize) in F:\olivier\NeoDatis\06-2009\NeoDatis\src\NeoDatis\Odb\Core\Layers\Layer3\Engine\FileSystemInterface.cs:line 57
at NeoDatis.Odb.Impl.Core.Layers.Layer3.Engine.LocalFileSystemInterface..ctor(String name, ISession session, IBaseIdentification parameters, Boolean canLog, Int32 bufferSize) in F:\olivier\NeoDatis\06-2009\NeoDatis\src\NeoDatis\Odb\Impl\Core\Layers\Layer3\Engine\LocalFileSystemInterface.cs:line 14
at NeoDatis.Odb.Impl.Core.Layers.Layer3.Engine.LocalObjectWriter.BuildFSI() in F:\olivier\NeoDatis\06-2009\NeoDatis\src\NeoDatis\Odb\Impl\Core\Layers\Layer3\Engine\LocalObjectWriter.cs:line 21
at NeoDatis.Odb.Impl.Core.Layers.Layer3.Engine.AbstractObjectWriter.Init2() in F:\olivier\NeoDatis\06-2009\NeoDatis\src\NeoDatis\Odb\Impl\Core\Layers\Layer3\Engine\AbstractObjectWriter.cs:line 81
at NeoDatis.Odb.Core.Layers.Layer3.Engine.AbstractStorageEngine.Init() in F:\olivier\NeoDatis\06-2009\NeoDatis\src\NeoDatis\Odb\Core\Layers\Layer3\Engine\AbstractStorageEngine.cs:line 108
at NeoDatis.Odb.Core.Layers.Layer3.Engine.AbstractStorageEngine..ctor(IBaseIdentification parameters) in F:\olivier\NeoDatis\06-2009\NeoDatis\src\NeoDatis\Odb\Core\Layers\Layer3\Engine\AbstractStorageEngine.cs:line 89
at NeoDatis.Odb.Impl.Core.Layers.Layer3.Engine.LocalStorageEngine..ctor(IBaseIdentification parameters) in F:\olivier\NeoDatis\06-2009\NeoDatis\src\NeoDatis\Odb\Impl\Core\Layers\Layer3\Engine\LocalStorageEngine.cs:line 7
at NeoDatis.Odb.Impl.DefaultCoreProvider.GetClientStorageEngine(IBaseIdentification baseIdentification) in F:\olivier\NeoDatis\06-2009\NeoDatis\src\NeoDatis\Odb\Impl\DefaultCoreProvider.cs:line 64
at NeoDatis.Odb.Impl.Main.LocalODB..ctor(String fileName, String user, String password) in F:\olivier\NeoDatis\06-2009\NeoDatis\src\NeoDatis\Odb\Impl\Main\LocalODB.cs:line 24
at NeoDatis.Odb.Impl.Main.LocalODB.GetInstance(String fileName, String user, String password) in F:\olivier\NeoDatis\06-2009\NeoDatis\src\NeoDatis\Odb\Impl\Main\LocalODB.cs:line 16
at NeoDatis.Odb.ODBFactory.Open(String fileName, String user, String password) in F:\olivier\NeoDatis\06-2009\NeoDatis\src\NeoDatis\Odb\ODBFactory.cs:line 21
at NeoDatis.Odb.Test.ODBTest.Open(String fileName) in F:\olivier\NeoDatis\06-2009\NeoDatis\test\Neodatis\Odb\Test\ODBTest.cs:line 63
at NeoDatis.Odb.Test.Other.TestDownloadManager.NewDownload(String name, String email, String downloadType, String fileName) in F:\olivier\NeoDatis\06-2009\NeoDatis\test\Neodatis\Odb\Test\Other\TestDownloadManager.cs:line 18
at NeoDatis.Odb.Test.Other.TestDownloadManager.Test2() in F:\olivier\NeoDatis\06-2009\NeoDatis\test\Neodatis\Odb\Test\Other\TestDownloadManager.cs:line 78
]]></stack-trace>
                                </failure>
                              </test-case>
                            </results>
                          </test-suite>
                          <test-suite name="TestGetDatabaseName" success="False" time="0.050" asserts="0">
                            <results>
                              <test-case name="NeoDatis.Odb.Test.Other.TestGetDatabaseName.Test1" executed="True" success="True" time="0.050" asserts="1" />
                              <test-case name="NeoDatis.Odb.Test.Other.TestGetDatabaseName.Test2" executed="True" success="False" time="0.000" asserts="0">
                                <failure>
                                  <message><![CDATA[NeoDatis.Odb.ODBRuntimeException : 
NeoDatis has thrown an Exception, please help us filling a bug report at https://sourceforge.net/tracker/?func=add&group_id=179124&atid=887885 with the following error message
Version=1.9 , Build=566, Date=21-05-2009-18-01-30, Thread=TestRunnerThread
Error:1013:cache.neodatis file is locked by the current Virtual machine - check if the database has not been opened in the current VM! : thread = TestRunnerThread - using multi thread ? True]]></message>
                                  <stack-trace><![CDATA[at NeoDatis.Odb.Impl.Core.Layers.Layer3.Buffer.MultiBufferedFileIO.Init(String fileName, Boolean canWrite) in F:\olivier\NeoDatis\06-2009\NeoDatis\src\NeoDatis\Odb\Impl\Core\Layers\Layer3\Buffer\MultiBufferedFileIO.cs:line 64
at NeoDatis.Odb.Impl.Core.Layers.Layer3.Buffer.MultiBufferedFileIO..ctor(Int32 nbBuffers, String name, String fileName, Boolean canWrite, Int32 bufferSize) in F:\olivier\NeoDatis\06-2009\NeoDatis\src\NeoDatis\Odb\Impl\Core\Layers\Layer3\Buffer\MultiBufferedFileIO.cs:line 24
at NeoDatis.Odb.Impl.DefaultCoreProvider.GetIO(String name, IBaseIdentification parameters, Int32 bufferSize) in F:\olivier\NeoDatis\06-2009\NeoDatis\src\NeoDatis\Odb\Impl\DefaultCoreProvider.cs:line 142
at NeoDatis.Odb.Core.Layers.Layer3.Engine.FileSystemInterface..ctor(String name, IBaseIdentification parameters, Boolean canLog, Int32 bufferSize) in F:\olivier\NeoDatis\06-2009\NeoDatis\src\NeoDatis\Odb\Core\Layers\Layer3\Engine\FileSystemInterface.cs:line 57
at NeoDatis.Odb.Impl.Core.Layers.Layer3.Engine.LocalFileSystemInterface..ctor(String name, ISession session, IBaseIdentification parameters, Boolean canLog, Int32 bufferSize) in F:\olivier\NeoDatis\06-2009\NeoDatis\src\NeoDatis\Odb\Impl\Core\Layers\Layer3\Engine\LocalFileSystemInterface.cs:line 14
at NeoDatis.Odb.Impl.Core.Layers.Layer3.Engine.LocalObjectWriter.BuildFSI() in F:\olivier\NeoDatis\06-2009\NeoDatis\src\NeoDatis\Odb\Impl\Core\Layers\Layer3\Engine\LocalObjectWriter.cs:line 21
at NeoDatis.Odb.Impl.Core.Layers.Layer3.Engine.AbstractObjectWriter.Init2() in F:\olivier\NeoDatis\06-2009\NeoDatis\src\NeoDatis\Odb\Impl\Core\Layers\Layer3\Engine\AbstractObjectWriter.cs:line 81
at NeoDatis.Odb.Core.Layers.Layer3.Engine.AbstractStorageEngine.Init() in F:\olivier\NeoDatis\06-2009\NeoDatis\src\NeoDatis\Odb\Core\Layers\Layer3\Engine\AbstractStorageEngine.cs:line 108
at NeoDatis.Odb.Core.Layers.Layer3.Engine.AbstractStorageEngine..ctor(IBaseIdentification parameters) in F:\olivier\NeoDatis\06-2009\NeoDatis\src\NeoDatis\Odb\Core\Layers\Layer3\Engine\AbstractStorageEngine.cs:line 89
at NeoDatis.Odb.Impl.Core.Layers.Layer3.Engine.LocalStorageEngine..ctor(IBaseIdentification parameters) in F:\olivier\NeoDatis\06-2009\NeoDatis\src\NeoDatis\Odb\Impl\Core\Layers\Layer3\Engine\LocalStorageEngine.cs:line 7
at NeoDatis.Odb.Impl.DefaultCoreProvider.GetClientStorageEngine(IBaseIdentification baseIdentification) in F:\olivier\NeoDatis\06-2009\NeoDatis\src\NeoDatis\Odb\Impl\DefaultCoreProvider.cs:line 64
at NeoDatis.Odb.Impl.Main.LocalODB..ctor(String fileName, String user, String password) in F:\olivier\NeoDatis\06-2009\NeoDatis\src\NeoDatis\Odb\Impl\Main\LocalODB.cs:line 24
at NeoDatis.Odb.Impl.Main.LocalODB.GetInstance(String fileName, String user, String password) in F:\olivier\NeoDatis\06-2009\NeoDatis\src\NeoDatis\Odb\Impl\Main\LocalODB.cs:line 16
at NeoDatis.Odb.ODBFactory.Open(String fileName, String user, String password) in F:\olivier\NeoDatis\06-2009\NeoDatis\src\NeoDatis\Odb\ODBFactory.cs:line 21
at NeoDatis.Odb.Test.ODBTest.Open(String fileName) in F:\olivier\NeoDatis\06-2009\NeoDatis\test\Neodatis\Odb\Test\ODBTest.cs:line 63
at NeoDatis.Odb.Test.Other.TestGetDatabaseName.Test2() in F:\olivier\NeoDatis\06-2009\NeoDatis\test\Neodatis\Odb\Test\Other\TestGetDatabaseName.cs:line 30
]]></stack-trace>
                                </failure>
                              </test-case>
                            </results>
                          </test-suite>
                          <test-suite name="TestJavaClassPersistence" success="True" time="0.210" asserts="0">
                            <results>
                              <test-case name="NeoDatis.Odb.Test.Other.TestJavaClassPersistence.Test1" executed="True" success="True" time="0.210" asserts="0" />
                            </results>
                          </test-suite>
                          <test-suite name="TestObjectWithOid" success="True" time="0.010" asserts="0">
                            <results>
                              <test-case name="NeoDatis.Odb.Test.Other.TestObjectWithOid.Test1" executed="True" success="True" time="0.010" asserts="2" />
                            </results>
                          </test-suite>
                          <test-suite name="TestShutdownHook" success="True" time="0.010" asserts="0">
                            <results>
                              <test-case name="NeoDatis.Odb.Test.Other.TestShutdownHook.Test1" executed="True" success="True" time="0.000" asserts="0" />
                            </results>
                          </test-suite>
                        </results>
                      </test-suite>
                      <test-suite name="Performance" success="False" time="102.139" asserts="0">
                        <results>
                          <test-suite name="TestArrayCopy" success="True" time="0.551" asserts="0">
                            <results>
                              <test-case name="NeoDatis.Odb.Test.Performance.TestArrayCopy.Test1" executed="True" success="True" time="0.551" asserts="1" />
                            </results>
                          </test-suite>
                          <test-suite name="TestArrayList_vs_array" success="True" time="0.130" asserts="0">
                            <results>
                              <test-case name="NeoDatis.Odb.Test.Performance.TestArrayList_vs_array.Test1" executed="True" success="True" time="0.120" asserts="0" />
                            </results>
                          </test-suite>
                          <test-suite name="TestBatchInsert" success="False" time="0.030" asserts="0">
                            <results>
                              <test-case name="NeoDatis.Odb.Test.Performance.TestBatchInsert.TestEmpty" executed="True" success="True" time="0.000" asserts="0" />
                              <test-case name="NeoDatis.Odb.Test.Performance.TestBatchInsert.TestSelect" executed="True" success="False" time="0.030" asserts="1">
                                <failure>
                                  <message><![CDATA[  Expected: 1
  But was:  0
]]></message>
                                  <stack-trace><![CDATA[at NeoDatis.Odb.Test.NeoDatisAssert.AssertEquals(Int32 expected, Int32 actual) in F:\olivier\NeoDatis\06-2009\NeoDatis\test\Neodatis\Odb\Test\NeoDatisAssert.cs:line 239
at NeoDatis.Odb.Test.Performance.TestBatchInsert.TestSelect() in F:\olivier\NeoDatis\06-2009\NeoDatis\test\Neodatis\Odb\Test\Performance\TestBatchInsert.cs:line 55
]]></stack-trace>
                                </failure>
                              </test-case>
                            </results>
                          </test-suite>
                          <test-suite name="TestByteConversion" success="True" time="0.270" asserts="0">
                            <results>
                              <test-case name="NeoDatis.Odb.Test.Performance.TestByteConversion.TestBigDecimal1" executed="True" success="True" time="0.000" asserts="1" />
                              <test-case name="NeoDatis.Odb.Test.Performance.TestByteConversion.TestBigDecimal10" executed="True" success="True" time="0.040" asserts="1" />
                              <test-case name="NeoDatis.Odb.Test.Performance.TestByteConversion.TestBigDecimal11" executed="True" success="True" time="0.000" asserts="1" />
                              <test-case name="NeoDatis.Odb.Test.Performance.TestByteConversion.TestBigDecimal2" executed="True" success="True" time="0.000" asserts="1" />
                              <test-case name="NeoDatis.Odb.Test.Performance.TestByteConversion.TestBigDecimal3" executed="True" success="True" time="0.000" asserts="1" />
                              <test-case name="NeoDatis.Odb.Test.Performance.TestByteConversion.TestBigDecimal4" executed="True" success="True" time="0.000" asserts="1" />
                              <test-case name="NeoDatis.Odb.Test.Performance.TestByteConversion.TestBigDecimal5" executed="True" success="True" time="0.020" asserts="1" />
                              <test-case name="NeoDatis.Odb.Test.Performance.TestByteConversion.TestBigDecimal6" executed="True" success="True" time="0.000" asserts="1" />
                              <test-case name="NeoDatis.Odb.Test.Performance.TestByteConversion.TestBigDecimal7" executed="True" success="True" time="0.000" asserts="1" />
                              <test-case name="NeoDatis.Odb.Test.Performance.TestByteConversion.TestBigDecimal8" executed="True" success="True" time="0.000" asserts="1" />
                              <test-case name="NeoDatis.Odb.Test.Performance.TestByteConversion.TestBigDecimal9" executed="True" success="True" time="0.000" asserts="1" />
                              <test-case name="NeoDatis.Odb.Test.Performance.TestByteConversion.TestBoolean" executed="True" success="True" time="0.000" asserts="2" />
                              <test-case name="NeoDatis.Odb.Test.Performance.TestByteConversion.TestChar" executed="True" success="True" time="0.000" asserts="1" />
                              <test-case name="NeoDatis.Odb.Test.Performance.TestByteConversion.TestDouble" executed="True" success="True" time="0.000" asserts="1" />
                              <test-case name="NeoDatis.Odb.Test.Performance.TestByteConversion.TestFloat" executed="True" success="True" time="0.020" asserts="1" />
                              <test-case name="NeoDatis.Odb.Test.Performance.TestByteConversion.TestInt" executed="True" success="True" time="0.000" asserts="1" />
                              <test-case name="NeoDatis.Odb.Test.Performance.TestByteConversion.TestLong" executed="True" success="True" time="0.000" asserts="3" />
                              <test-case name="NeoDatis.Odb.Test.Performance.TestByteConversion.TestShort" executed="True" success="True" time="0.000" asserts="3" />
                              <test-case name="NeoDatis.Odb.Test.Performance.TestByteConversion.TestString" executed="True" success="True" time="0.000" asserts="1" />
                            </results>
                          </test-suite>
                          <test-suite name="TestComparisonDotNet" success="True" time="90.923" asserts="0">
                            <results>
                              <test-case name="NeoDatis.Odb.Test.Performance.TestComparisonDotNet.Test1" executed="True" success="True" time="90.923" asserts="0" />
                            </results>
                          </test-suite>
                          <test-suite name="TestFilePersisterHighPerformance2" success="False" time="0.661" asserts="0">
                            <results>
                              <test-case name="NeoDatis.Odb.Test.Performance.TestFilePersisterHighPerformance2.TestInsertSimpleObjectODB" executed="True" success="False" time="0.641" asserts="0">
                                <failure>
                                  <message><![CDATA[NeoDatis.Odb.ODBRuntimeException : 
NeoDatis has thrown an Exception, please help us filling a bug report at https://sourceforge.net/tracker/?func=add&group_id=179124&atid=887885 with the following error message
Version=1.9 , Build=566, Date=21-05-2009-18-01-30, Thread=TestRunnerThread
Error:269:Error while getting object from list at index 0
  ----> System.ArgumentOutOfRangeException : Index was out of range. Must be non-negative and less than the size of the collection.
Parameter name: index]]></message>
                                  <stack-trace><![CDATA[at NeoDatis.Odb.Impl.Core.Query.List.Objects.LazySimpleListFromOid`1.Next() in F:\olivier\NeoDatis\06-2009\NeoDatis\src\NeoDatis\Odb\Impl\Core\Query\List\Objects\LazySimpleListFromOid.cs:line 106
at NeoDatis.Odb.Test.Performance.TestFilePersisterHighPerformance2.TestInsertSimpleObjectODB() in F:\olivier\NeoDatis\06-2009\NeoDatis\test\Neodatis\Odb\Test\Performance\TestFilePersisterHighPerformance2.cs:line 173
--ArgumentOutOfRangeException
at System.ThrowHelper.ThrowArgumentOutOfRangeException(ExceptionArgument argument, ExceptionResource resource)
at System.ThrowHelper.ThrowArgumentOutOfRangeException()
at System.Collections.Generic.List`1.get_Item(Int32 index)
at NeoDatis.Odb.Impl.Core.Query.List.Objects.LazySimpleListFromOid`1.Next() in F:\olivier\NeoDatis\06-2009\NeoDatis\src\NeoDatis\Odb\Impl\Core\Query\List\Objects\LazySimpleListFromOid.cs:line 102
]]></stack-trace>
                                </failure>
                              </test-case>
                              <test-case name="NeoDatis.Odb.Test.Performance.TestFilePersisterHighPerformance2.TestInsertUserODB" executed="True" success="False" time="0.010" asserts="0">
                                <failure>
                                  <message><![CDATA[System.IO.IOException : The process cannot access the file 'F:\olivier\NeoDatis\06-2009\NeoDatis\test\bin\Debug\perf.neodatis' because it is being used by another process.]]></message>
                                  <stack-trace><![CDATA[at System.IO.__Error.WinIOError(Int32 errorCode, String maybeFullPath)
at System.IO.File.Delete(String path)
at NeoDatis.Tool.Wrappers.IO.OdbFile.Delete() in F:\olivier\NeoDatis\06-2009\NeoDatis\src\NeoDatis\Tool\Wrappers\IO\OdbFile.cs:line 64
at NeoDatis.Tool.IOUtil.DeleteFile(String fileName) in F:\olivier\NeoDatis\06-2009\NeoDatis\src\NeoDatis\Tool\IOUtil.cs:line 23
at NeoDatis.Odb.Test.ODBTest.DeleteBase(String baseName) in F:\olivier\NeoDatis\06-2009\NeoDatis\test\Neodatis\Odb\Test\ODBTest.cs:line 97
at NeoDatis.Odb.Test.Performance.TestFilePersisterHighPerformance2.TestInsertUserODB() in F:\olivier\NeoDatis\06-2009\NeoDatis\test\Neodatis\Odb\Test\Performance\TestFilePersisterHighPerformance2.cs:line 20
]]></stack-trace>
                                </failure>
                              </test-case>
                            </results>
                          </test-suite>
                          <test-suite name="TestGetWithStartIndex" success="False" time="0.060" asserts="0">
                            <results>
                              <test-case name="NeoDatis.Odb.Test.Performance.TestGetWithStartIndex.Test1" executed="True" success="False" time="0.060" asserts="1">
                                <failure>
                                  <message><![CDATA[  Expected: 3
  But was:  0
]]></message>
                                  <stack-trace><![CDATA[at NeoDatis.Odb.Test.NeoDatisAssert.AssertEquals(Int32 expected, Int32 actual) in F:\olivier\NeoDatis\06-2009\NeoDatis\test\Neodatis\Odb\Test\NeoDatisAssert.cs:line 239
at NeoDatis.Odb.Test.Performance.TestGetWithStartIndex.Test1() in F:\olivier\NeoDatis\06-2009\NeoDatis\test\Neodatis\Odb\Test\Performance\TestGetWithStartIndex.cs:line 28
]]></stack-trace>
                                </failure>
                              </test-case>
                            </results>
                          </test-suite>
                          <test-suite name="TestInstanceOf" success="True" time="1.001" asserts="0">
                            <results>
                              <test-case name="NeoDatis.Odb.Test.Performance.TestInstanceOf.TestIf" executed="True" success="True" time="0.671" asserts="1" />
                              <test-case name="NeoDatis.Odb.Test.Performance.TestInstanceOf.TestIfInstanceOf" executed="True" success="True" time="0.330" asserts="1" />
                            </results>
                          </test-suite>
                          <test-suite name="TestLazy" success="False" time="8.502" asserts="0">
                            <results>
                              <test-case name="NeoDatis.Odb.Test.Performance.TestLazy.Test1" executed="True" success="False" time="8.502" asserts="0">
                                <failure>
                                  <message><![CDATA[NeoDatis.Odb.ODBRuntimeException : 
NeoDatis has thrown an Exception, please help us filling a bug report at https://sourceforge.net/tracker/?func=add&group_id=179124&atid=887885 with the following error message
Version=1.9 , Build=566, Date=21-05-2009-18-01-30, Thread=TestRunnerThread
Error:269:Error while getting object from list at index 0
  ----> System.ArgumentOutOfRangeException : Index was out of range. Must be non-negative and less than the size of the collection.
Parameter name: index]]></message>
                                  <stack-trace><![CDATA[at NeoDatis.Odb.Impl.Core.Query.List.Objects.LazySimpleListFromOid`1.Next() in F:\olivier\NeoDatis\06-2009\NeoDatis\src\NeoDatis\Odb\Impl\Core\Query\List\Objects\LazySimpleListFromOid.cs:line 106
at NeoDatis.Odb.Test.Performance.TestLazy.Test1() in F:\olivier\NeoDatis\06-2009\NeoDatis\test\Neodatis\Odb\Test\Performance\TestLazy.cs:line 38
--ArgumentOutOfRangeException
at System.ThrowHelper.ThrowArgumentOutOfRangeException(ExceptionArgument argument, ExceptionResource resource)
at System.ThrowHelper.ThrowArgumentOutOfRangeException()
at System.Collections.Generic.List`1.get_Item(Int32 index)
at NeoDatis.Odb.Impl.Core.Query.List.Objects.LazySimpleListFromOid`1.Next() in F:\olivier\NeoDatis\06-2009\NeoDatis\src\NeoDatis\Odb\Impl\Core\Query\List\Objects\LazySimpleListFromOid.cs:line 102
]]></stack-trace>
                                </failure>
                              </test-case>
                            </results>
                          </test-suite>
                        </results>
                      </test-suite>
                      <test-suite name="Query" success="False" time="38.758" asserts="0">
                        <results>
                          <test-suite name="Criteria" success="False" time="25.739" asserts="0">
                            <results>
                              <test-suite name="TestCriteriaQuery" success="True" time="0.551" asserts="0">
                                <results>
                                  <test-case name="NeoDatis.Odb.Test.Query.Criteria.TestCriteriaQuery.Test1" executed="True" success="True" time="0.030" asserts="2" />
                                  <test-case name="NeoDatis.Odb.Test.Query.Criteria.TestCriteriaQuery.Test2" executed="True" success="True" time="0.040" asserts="2" />
[...]
at NeoDatis.Odb.Impl.Core.Layers.Layer3.Engine.LocalObjectWriter.BuildFSI() in F:\olivier\NeoDatis\06-2009\NeoDatis\src\NeoDatis\Odb\Impl\Core\Layers\Layer3\Engine\LocalObjectWriter.cs:line 21
at NeoDatis.Odb.Impl.Core.Layers.Layer3.Engine.AbstractObjectWriter.Init2() in F:\olivier\NeoDatis\06-2009\NeoDatis\src\NeoDatis\Odb\Impl\Core\Layers\Layer3\Engine\AbstractObjectWriter.cs:line 81
at NeoDatis.Odb.Core.Layers.Layer3.Engine.AbstractStorageEngine.Init() in F:\olivier\NeoDatis\06-2009\NeoDatis\src\NeoDatis\Odb\Core\Layers\Layer3\Engine\AbstractStorageEngine.cs:line 108
at NeoDatis.Odb.Core.Layers.Layer3.Engine.AbstractStorageEngine..ctor(IBaseIdentification parameters) in F:\olivier\NeoDatis\06-2009\NeoDatis\src\NeoDatis\Odb\Core\Layers\Layer3\Engine\AbstractStorageEngine.cs:line 89
at NeoDatis.Odb.Impl.Core.Layers.Layer3.Engine.LocalStorageEngine..ctor(IBaseIdentification parameters) in F:\olivier\NeoDatis\06-2009\NeoDatis\src\NeoDatis\Odb\Impl\Core\Layers\Layer3\Engine\LocalStorageEngine.cs:line 7
at NeoDatis.Odb.Impl.DefaultCoreProvider.GetClientStorageEngine(IBaseIdentification baseIdentification) in F:\olivier\NeoDatis\06-2009\NeoDatis\src\NeoDatis\Odb\Impl\DefaultCoreProvider.cs:line 64
at NeoDatis.Odb.Impl.Main.LocalODB..ctor(String fileName, String user, String password) in F:\olivier\NeoDatis\06-2009\NeoDatis\src\NeoDatis\Odb\Impl\Main\LocalODB.cs:line 24
at NeoDatis.Odb.Impl.Main.LocalODB.GetInstance(String fileName, String user, String password) in F:\olivier\NeoDatis\06-2009\NeoDatis\src\NeoDatis\Odb\Impl\Main\LocalODB.cs:line 16
at NeoDatis.Odb.ODBFactory.Open(String fileName, String user, String password) in F:\olivier\NeoDatis\06-2009\NeoDatis\src\NeoDatis\Odb\ODBFactory.cs:line 21
at NeoDatis.Odb.Test.ODBTest.Open(String fileName) in F:\olivier\NeoDatis\06-2009\NeoDatis\test\Neodatis\Odb\Test\ODBTest.cs:line 63
at NeoDatis.Odb.Test.Update.TestUpdate.Test2() in F:\olivier\NeoDatis\06-2009\NeoDatis\test\Neodatis\Odb\Test\Update\TestUpdate.cs:line 68
]]></stack-trace>
                                </failure>
                              </test-case>
                              <test-case name="NeoDatis.Odb.Test.Update.TestUpdate.Test3" executed="True" success="False" time="0.000" asserts="0">
                                <failure>
                                  <message><![CDATA[NeoDatis.Odb.ODBRuntimeException : 
NeoDatis has thrown an Exception, please help us filling a bug report at https://sourceforge.net/tracker/?func=add&group_id=179124&atid=887885 with the following error message
Version=1.9 , Build=566, Date=21-05-2009-18-01-30, Thread=TestRunnerThread
Error:1013:cache.neodatis file is locked by the current Virtual machine - check if the database has not been opened in the current VM! : thread = TestRunnerThread - using multi thread ? True]]></message>
                                  <stack-trace><![CDATA[at NeoDatis.Odb.Impl.Core.Layers.Layer3.Buffer.MultiBufferedFileIO.Init(String fileName, Boolean canWrite) in F:\olivier\NeoDatis\06-2009\NeoDatis\src\NeoDatis\Odb\Impl\Core\Layers\Layer3\Buffer\MultiBufferedFileIO.cs:line 64
at NeoDatis.Odb.Impl.Core.Layers.Layer3.Buffer.MultiBufferedFileIO..ctor(Int32 nbBuffers, String name, String fileName, Boolean canWrite, Int32 bufferSize) in F:\olivier\NeoDatis\06-2009\NeoDatis\src\NeoDatis\Odb\Impl\Core\Layers\Layer3\Buffer\MultiBufferedFileIO.cs:line 24
at NeoDatis.Odb.Impl.DefaultCoreProvider.GetIO(String name, IBaseIdentification parameters, Int32 bufferSize) in F:\olivier\NeoDatis\06-2009\NeoDatis\src\NeoDatis\Odb\Impl\DefaultCoreProvider.cs:line 142
at NeoDatis.Odb.Core.Layers.Layer3.Engine.FileSystemInterface..ctor(String name, IBaseIdentification parameters, Boolean canLog, Int32 bufferSize) in F:\olivier\NeoDatis\06-2009\NeoDatis\src\NeoDatis\Odb\Core\Layers\Layer3\Engine\FileSystemInterface.cs:line 57
at NeoDatis.Odb.Impl.Core.Layers.Layer3.Engine.LocalFileSystemInterface..ctor(String name, ISession session, IBaseIdentification parameters, Boolean canLog, Int32 bufferSize) in F:\olivier\NeoDatis\06-2009\NeoDatis\src\NeoDatis\Odb\Impl\Core\Layers\Layer3\Engine\LocalFileSystemInterface.cs:line 14
at NeoDatis.Odb.Impl.Core.Layers.Layer3.Engine.LocalObjectWriter.BuildFSI() in F:\olivier\NeoDatis\06-2009\NeoDatis\src\NeoDatis\Odb\Impl\Core\Layers\Layer3\Engine\LocalObjectWriter.cs:line 21
at NeoDatis.Odb.Impl.Core.Layers.Layer3.Engine.AbstractObjectWriter.Init2() in F:\olivier\NeoDatis\06-2009\NeoDatis\src\NeoDatis\Odb\Impl\Core\Layers\Layer3\Engine\AbstractObjectWriter.cs:line 81
at NeoDatis.Odb.Core.Layers.Layer3.Engine.AbstractStorageEngine.Init() in F:\olivier\NeoDatis\06-2009\NeoDatis\src\NeoDatis\Odb\Core\Layers\Layer3\Engine\AbstractStorageEngine.cs:line 108
at NeoDatis.Odb.Core.Layers.Layer3.Engine.AbstractStorageEngine..ctor(IBaseIdentification parameters) in F:\olivier\NeoDatis\06-2009\NeoDatis\src\NeoDatis\Odb\Core\Layers\Layer3\Engine\AbstractStorageEngine.cs:line 89
at NeoDatis.Odb.Impl.Core.Layers.Layer3.Engine.LocalStorageEngine..ctor(IBaseIdentification parameters) in F:\olivier\NeoDatis\06-2009\NeoDatis\src\NeoDatis\Odb\Impl\Core\Layers\Layer3\Engine\LocalStorageEngine.cs:line 7
at NeoDatis.Odb.Impl.DefaultCoreProvider.GetClientStorageEngine(IBaseIdentification baseIdentification) in F:\olivier\NeoDatis\06-2009\NeoDatis\src\NeoDatis\Odb\Impl\DefaultCoreProvider.cs:line 64
at NeoDatis.Odb.Impl.Main.LocalODB..ctor(String fileName, String user, String password) in F:\olivier\NeoDatis\06-2009\NeoDatis\src\NeoDatis\Odb\Impl\Main\LocalODB.cs:line 24
at NeoDatis.Odb.Impl.Main.LocalODB.GetInstance(String fileName, String user, String password) in F:\olivier\NeoDatis\06-2009\NeoDatis\src\NeoDatis\Odb\Impl\Main\LocalODB.cs:line 16
at NeoDatis.Odb.ODBFactory.Open(String fileName, String user, String password) in F:\olivier\NeoDatis\06-2009\NeoDatis\src\NeoDatis\Odb\ODBFactory.cs:line 21
at NeoDatis.Odb.Test.ODBTest.Open(String fileName) in F:\olivier\NeoDatis\06-2009\NeoDatis\test\Neodatis\Odb\Test\ODBTest.cs:line 63
at NeoDatis.Odb.Test.Update.TestUpdate.Test3() in F:\olivier\NeoDatis\06-2009\NeoDatis\test\Neodatis\Odb\Test\Update\TestUpdate.cs:line 119
]]></stack-trace>
                                </failure>
                              </test-case>
                              <test-case name="NeoDatis.Odb.Test.Update.TestUpdate.Test4" executed="True" success="False" time="0.010" asserts="0">
                                <failure>
                                  <message><![CDATA[System.IO.IOException : The process cannot access the file 'F:\olivier\NeoDatis\06-2009\NeoDatis\test\bin\Debug\update.neodatis' because it is being used by another process.]]></message>
                                  <stack-trace><![CDATA[at System.IO.__Error.WinIOError(Int32 errorCode, String maybeFullPath)
at System.IO.File.Delete(String path)
at NeoDatis.Tool.Wrappers.IO.OdbFile.Delete() in F:\olivier\NeoDatis\06-2009\NeoDatis\src\NeoDatis\Tool\Wrappers\IO\OdbFile.cs:line 64
at NeoDatis.Tool.IOUtil.DeleteFile(String fileName) in F:\olivier\NeoDatis\06-2009\NeoDatis\src\NeoDatis\Tool\IOUtil.cs:line 23
at NeoDatis.Odb.Test.ODBTest.DeleteBase(String baseName) in F:\olivier\NeoDatis\06-2009\NeoDatis\test\Neodatis\Odb\Test\ODBTest.cs:line 97
at NeoDatis.Odb.Test.Update.TestUpdate.Test4() in F:\olivier\NeoDatis\06-2009\NeoDatis\test\Neodatis\Odb\Test\Update\TestUpdate.cs:line 173
]]></stack-trace>
                                </failure>
                              </test-case>
                              <test-case name="NeoDatis.Odb.Test.Update.TestUpdate.Test5" executed="True" success="False" time="0.000" asserts="0">
                                <failure>
                                  <message><![CDATA[System.IO.IOException : The process cannot access the file 'F:\olivier\NeoDatis\06-2009\NeoDatis\test\bin\Debug\update.neodatis' because it is being used by another process.]]></message>
                                  <stack-trace><![CDATA[at System.IO.__Error.WinIOError(Int32 errorCode, String maybeFullPath)
at System.IO.File.Delete(String path)
at NeoDatis.Tool.Wrappers.IO.OdbFile.Delete() in F:\olivier\NeoDatis\06-2009\NeoDatis\src\NeoDatis\Tool\Wrappers\IO\OdbFile.cs:line 64
at NeoDatis.Tool.IOUtil.DeleteFile(String fileName) in F:\olivier\NeoDatis\06-2009\NeoDatis\src\NeoDatis\Tool\IOUtil.cs:line 23
at NeoDatis.Odb.Test.ODBTest.DeleteBase(String baseName) in F:\olivier\NeoDatis\06-2009\NeoDatis\test\Neodatis\Odb\Test\ODBTest.cs:line 97
at NeoDatis.Odb.Test.Update.TestUpdate.Test5() in F:\olivier\NeoDatis\06-2009\NeoDatis\test\Neodatis\Odb\Test\Update\TestUpdate.cs:line 219
]]></stack-trace>
                                </failure>
                              </test-case>
                              <test-case name="NeoDatis.Odb.Test.Update.TestUpdate.Test6" executed="True" success="False" time="0.010" asserts="0">
                                <failure>
                                  <message><![CDATA[System.IO.IOException : The process cannot access the file 'F:\olivier\NeoDatis\06-2009\NeoDatis\test\bin\Debug\update.neodatis' because it is being used by another process.]]></message>
                                  <stack-trace><![CDATA[at System.IO.__Error.WinIOError(Int32 errorCode, String maybeFullPath)
at System.IO.File.Delete(String path)
at NeoDatis.Tool.Wrappers.IO.OdbFile.Delete() in F:\olivier\NeoDatis\06-2009\NeoDatis\src\NeoDatis\Tool\Wrappers\IO\OdbFile.cs:line 64
at NeoDatis.Tool.IOUtil.DeleteFile(String fileName) in F:\olivier\NeoDatis\06-2009\NeoDatis\src\NeoDatis\Tool\IOUtil.cs:line 23
at NeoDatis.Odb.Test.ODBTest.DeleteBase(String baseName) in F:\olivier\NeoDatis\06-2009\NeoDatis\test\Neodatis\Odb\Test\ODBTest.cs:line 97
at NeoDatis.Odb.Test.Update.TestUpdate.Test6() in F:\olivier\NeoDatis\06-2009\NeoDatis\test\Neodatis\Odb\Test\Update\TestUpdate.cs:line 255
]]></stack-trace>
                                </failure>
                              </test-case>
                              <test-case name="NeoDatis.Odb.Test.Update.TestUpdate.Test7" executed="True" success="False" time="0.000" asserts="0">
                                <failure>
                                  <message><![CDATA[System.IO.IOException : The process cannot access the file 'F:\olivier\NeoDatis\06-2009\NeoDatis\test\bin\Debug\update.neodatis' because it is being used by another process.]]></message>
                                  <stack-trace><![CDATA[at System.IO.__Error.WinIOError(Int32 errorCode, String maybeFullPath)
at System.IO.File.Delete(String path)
at NeoDatis.Tool.Wrappers.IO.OdbFile.Delete() in F:\olivier\NeoDatis\06-2009\NeoDatis\src\NeoDatis\Tool\Wrappers\IO\OdbFile.cs:line 64
at NeoDatis.Tool.IOUtil.DeleteFile(String fileName) in F:\olivier\NeoDatis\06-2009\NeoDatis\src\NeoDatis\Tool\IOUtil.cs:line 23
at NeoDatis.Odb.Test.ODBTest.DeleteBase(String baseName) in F:\olivier\NeoDatis\06-2009\NeoDatis\test\Neodatis\Odb\Test\ODBTest.cs:line 97
at NeoDatis.Odb.Test.Update.TestUpdate.Test7() in F:\olivier\NeoDatis\06-2009\NeoDatis\test\Neodatis\Odb\Test\Update\TestUpdate.cs:line 289
]]></stack-trace>
                                </failure>
                              </test-case>
                              <test-case name="NeoDatis.Odb.Test.Update.TestUpdate.Test8" executed="True" success="False" time="0.000" asserts="0">
                                <failure>
                                  <message><![CDATA[System.IO.IOException : The process cannot access the file 'F:\olivier\NeoDatis\06-2009\NeoDatis\test\bin\Debug\update.neodatis' because it is being used by another process.]]></message>
                                  <stack-trace><![CDATA[at System.IO.__Error.WinIOError(Int32 errorCode, String maybeFullPath)
at System.IO.File.Delete(String path)
at NeoDatis.Tool.Wrappers.IO.OdbFile.Delete() in F:\olivier\NeoDatis\06-2009\NeoDatis\src\NeoDatis\Tool\Wrappers\IO\OdbFile.cs:line 64
at NeoDatis.Tool.IOUtil.DeleteFile(String fileName) in F:\olivier\NeoDatis\06-2009\NeoDatis\src\NeoDatis\Tool\IOUtil.cs:line 23
at NeoDatis.Odb.Test.ODBTest.DeleteBase(String baseName) in F:\olivier\NeoDatis\06-2009\NeoDatis\test\Neodatis\Odb\Test\ODBTest.cs:line 97
at NeoDatis.Odb.Test.Update.TestUpdate.Test8() in F:\olivier\NeoDatis\06-2009\NeoDatis\test\Neodatis\Odb\Test\Update\TestUpdate.cs:line 322
]]></stack-trace>
                                </failure>
                              </test-case>
                              <test-case name="NeoDatis.Odb.Test.Update.TestUpdate.TestDirectSave" executed="True" success="False" time="0.010" asserts="0">
                                <failure>
                                  <message><![CDATA[NeoDatis.Odb.ODBRuntimeException : 
NeoDatis has thrown an Exception, please help us filling a bug report at https://sourceforge.net/tracker/?func=add&group_id=179124&atid=887885 with the following error message
Version=1.9 , Build=566, Date=21-05-2009-18-01-30, Thread=TestRunnerThread
Error:235:Class NeoDatis.Odb.Test.VO.Login.Function does not exist in meta-model]]></message>
                                  <stack-trace><![CDATA[at NeoDatis.Odb.Core.Layers.Layer2.Meta.MetaModel.GetClassInfo(String fullClassName, Boolean throwExceptionIfDoesNotExist) in F:\olivier\NeoDatis\06-2009\NeoDatis\src\NeoDatis\Odb\Core\Layers\Layer2\Meta\MetaModel.cs:line 150
at NeoDatis.Odb.Test.Update.TestUpdate.TestDirectSave() in F:\olivier\NeoDatis\06-2009\NeoDatis\test\Neodatis\Odb\Test\Update\TestUpdate.cs:line 505
]]></stack-trace>
                                </failure>
                              </test-case>
                              <test-case name="NeoDatis.Odb.Test.Update.TestUpdate.TestUpdateObjectReference" executed="True" success="False" time="0.000" asserts="0">
                                <failure>
                                  <message><![CDATA[System.IO.IOException : The process cannot access the file 'F:\olivier\NeoDatis\06-2009\NeoDatis\test\bin\Debug\update.neodatis' because it is being used by another process.]]></message>
                                  <stack-trace><![CDATA[at System.IO.__Error.WinIOError(Int32 errorCode, String maybeFullPath)
at System.IO.File.Delete(String path)
at NeoDatis.Tool.Wrappers.IO.OdbFile.Delete() in F:\olivier\NeoDatis\06-2009\NeoDatis\src\NeoDatis\Tool\Wrappers\IO\OdbFile.cs:line 64
at NeoDatis.Tool.IOUtil.DeleteFile(String fileName) in F:\olivier\NeoDatis\06-2009\NeoDatis\src\NeoDatis\Tool\IOUtil.cs:line 23
at NeoDatis.Odb.Test.ODBTest.DeleteBase(String baseName) in F:\olivier\NeoDatis\06-2009\NeoDatis\test\Neodatis\Odb\Test\ODBTest.cs:line 97
at NeoDatis.Odb.Test.Update.TestUpdate.TestUpdateObjectReference() in F:\olivier\NeoDatis\06-2009\NeoDatis\test\Neodatis\Odb\Test\Update\TestUpdate.cs:line 355
]]></stack-trace>
                                </failure>
                              </test-case>
                              <test-case name="NeoDatis.Odb.Test.Update.TestUpdate.TestUpdateObjectReference2" executed="True" success="False" time="0.000" asserts="0">
                                <failure>
                                  <message><![CDATA[System.IO.IOException : The process cannot access the file 'F:\olivier\NeoDatis\06-2009\NeoDatis\test\bin\Debug\update.neodatis' because it is being used by another process.]]></message>
                                  <stack-trace><![CDATA[at System.IO.__Error.WinIOError(Int32 errorCode, String maybeFullPath)
at System.IO.File.Delete(String path)
at NeoDatis.Tool.Wrappers.IO.OdbFile.Delete() in F:\olivier\NeoDatis\06-2009\NeoDatis\src\NeoDatis\Tool\Wrappers\IO\OdbFile.cs:line 64
at NeoDatis.Tool.IOUtil.DeleteFile(String fileName) in F:\olivier\NeoDatis\06-2009\NeoDatis\src\NeoDatis\Tool\IOUtil.cs:line 23
at NeoDatis.Odb.Test.ODBTest.DeleteBase(String baseName) in F:\olivier\NeoDatis\06-2009\NeoDatis\test\Neodatis\Odb\Test\ODBTest.cs:line 97
at NeoDatis.Odb.Test.Update.TestUpdate.TestUpdateObjectReference2() in F:\olivier\NeoDatis\06-2009\NeoDatis\test\Neodatis\Odb\Test\Update\TestUpdate.cs:line 387
]]></stack-trace>
                                </failure>
                              </test-case>
                              <test-case name="NeoDatis.Odb.Test.Update.TestUpdate.TestUpdateObjectReference3" executed="True" success="False" time="0.010" asserts="0">
                                <failure>
                                  <message><![CDATA[System.IO.IOException : The process cannot access the file 'F:\olivier\NeoDatis\06-2009\NeoDatis\test\bin\Debug\update.neodatis' because it is being used by another process.]]></message>
                                  <stack-trace><![CDATA[at System.IO.__Error.WinIOError(Int32 errorCode, String maybeFullPath)
at System.IO.File.Delete(String path)
at NeoDatis.Tool.Wrappers.IO.OdbFile.Delete() in F:\olivier\NeoDatis\06-2009\NeoDatis\src\NeoDatis\Tool\Wrappers\IO\OdbFile.cs:line 64
at NeoDatis.Tool.IOUtil.DeleteFile(String fileName) in F:\olivier\NeoDatis\06-2009\NeoDatis\src\NeoDatis\Tool\IOUtil.cs:line 23
at NeoDatis.Odb.Test.ODBTest.DeleteBase(String baseName) in F:\olivier\NeoDatis\06-2009\NeoDatis\test\Neodatis\Odb\Test\ODBTest.cs:line 97
at NeoDatis.Odb.Test.Update.TestUpdate.TestUpdateObjectReference3() in F:\olivier\NeoDatis\06-2009\NeoDatis\test\Neodatis\Odb\Test\Update\TestUpdate.cs:line 423
]]></stack-trace>
                                </failure>
                              </test-case>
                              <test-case name="NeoDatis.Odb.Test.Update.TestUpdate.TestUpdateObjectReference4" executed="True" success="False" time="0.000" asserts="0">
                                <failure>
                                  <message><![CDATA[System.IO.IOException : The process cannot access the file 'F:\olivier\NeoDatis\06-2009\NeoDatis\test\bin\Debug\update.neodatis' because it is being used by another process.]]></message>
                                  <stack-trace><![CDATA[at System.IO.__Error.WinIOError(Int32 errorCode, String maybeFullPath)
at System.IO.File.Delete(String path)
at NeoDatis.Tool.Wrappers.IO.OdbFile.Delete() in F:\olivier\NeoDatis\06-2009\NeoDatis\src\NeoDatis\Tool\Wrappers\IO\OdbFile.cs:line 64
at NeoDatis.Tool.IOUtil.DeleteFile(String fileName) in F:\olivier\NeoDatis\06-2009\NeoDatis\src\NeoDatis\Tool\IOUtil.cs:line 23
at NeoDatis.Odb.Test.ODBTest.DeleteBase(String baseName) in F:\olivier\NeoDatis\06-2009\NeoDatis\test\Neodatis\Odb\Test\ODBTest.cs:line 97
at NeoDatis.Odb.Test.Update.TestUpdate.TestUpdateObjectReference4() in F:\olivier\NeoDatis\06-2009\NeoDatis\test\Neodatis\Odb\Test\Update\TestUpdate.cs:line 456
]]></stack-trace>
                                </failure>
                              </test-case>
                              <test-case name="NeoDatis.Odb.Test.Update.TestUpdate.TestUpdateRelation" executed="True" success="True" time="0.010" asserts="2" />
                            </results>
                          </test-suite>
                        </results>
                      </test-suite>
                      <test-suite name="VO" success="True" time="0.010" asserts="0">
                        <results>
                          <test-suite name="Attribute" success="True" time="0.010" asserts="0">
                            <results>
                              <test-suite name="TestClass" success="True" time="0.010" asserts="0">
                                <results />
                              </test-suite>
                            </results>
                          </test-suite>
                        </results>
                      </test-suite>
                    </results>
                  </test-suite>
                </results>
              </test-suite>
            </results>
          </test-suite>
        </results>
      </test-suite>
    </results>
  </test-suite>
</test-results>