<?xml version="1.0" encoding="utf-8" standalone="no"?>
<!--This file represents the results of running a test suite-->
<test-results name="F:\olivier\NeoDatis\06-2009\NeoDatis\test\NeoDatisNunitProject.nunit" total="281" failures="73" not-run="0" date="2009-08-06" time="15:46:59">
  <environment nunit-version="2.4.8.0" clr-version="2.0.50727.1433" os-version="Microsoft Windows NT 5.1.2600 Service Pack 2" platform="Win32NT" cwd="F:\olivier\NeoDatis\06-2009\NeoDatis\test" machine-name="ORAXP" user="olivier" user-domain="ORAXP" />
  <culture-info current-culture="pt-BR" current-uiculture="pt-BR" />
  <test-suite name="F:\olivier\NeoDatis\06-2009\NeoDatis\test\NeoDatisNunitProject.nunit" success="False" time="606.558" asserts="0">
    <results>
      <test-suite name="F:\olivier\NeoDatis\06-2009\NeoDatis\test\bin\Debug\NeoDatisUnitTest.dll" success="False" time="606.458" asserts="0">
        <results>
          <test-suite name="NeoDatis" success="False" time="606.328" asserts="0">
            <results>
              <test-suite name="Odb" success="False" time="606.207" asserts="0">
                <results>
                  <test-suite name="Test" success="False" time="606.167" asserts="0">
                    <results>
                      <test-suite name="Acid" success="True" time="0.030" asserts="0">
                        <results>
                          <test-suite name="TestConsistency" success="True" time="0.010" asserts="0">
                            <results>
                              <test-case name="NeoDatis.Odb.Test.Acid.TestConsistency.Test1" executed="True" success="True" time="0.010" asserts="1" />
                            </results>
                          </test-suite>
                          <test-suite name="TestStopEngineWithoutCommit" success="True" time="0.000" asserts="0">
                            <results>
                              <test-case name="NeoDatis.Odb.Test.Acid.TestStopEngineWithoutCommit.Test1" executed="True" success="True" time="0.000" asserts="0" />
                            </results>
                          </test-suite>
                        </results>
                      </test-suite>
                      <test-suite name="Arraycollectionmap" success="False" time="71.817" asserts="0">
                        <results>
                          <test-suite name="TestArray" success="False" time="0.691" asserts="0">
                            <results>
                              <test-case name="NeoDatis.Odb.Test.Arraycollectionmap.TestArray.TestArray1" executed="True" success="True" time="0.411" asserts="2" />
                              <test-case name="NeoDatis.Odb.Test.Arraycollectionmap.TestArray.TestArray2" executed="True" success="True" time="0.010" asserts="51" />
                              <test-case name="NeoDatis.Odb.Test.Arraycollectionmap.TestArray.TestArray3" executed="True" success="True" time="0.010" asserts="51" />
                              <test-case name="NeoDatis.Odb.Test.Arraycollectionmap.TestArray.TestArray4" executed="True" success="True" time="0.010" asserts="51" />
                              <test-case name="NeoDatis.Odb.Test.Arraycollectionmap.TestArray.TestArray5" executed="True" success="True" time="0.070" asserts="4" />
                              <test-case name="NeoDatis.Odb.Test.Arraycollectionmap.TestArray.TestArray6" executed="True" success="True" time="0.010" asserts="2" />
                              <test-case name="NeoDatis.Odb.Test.Arraycollectionmap.TestArray.TestArray61" executed="True" success="True" time="0.020" asserts="2" />
                              <test-case name="NeoDatis.Odb.Test.Arraycollectionmap.TestArray.TestArray6UpdateIncreasingArraySize" executed="True" success="True" time="0.020" asserts="3" />
                              <test-case name="NeoDatis.Odb.Test.Arraycollectionmap.TestArray.TestArrayOfDate" executed="True" success="False" time="0.060" asserts="0">
                                <failure>
                                  <message><![CDATA[System.IO.IOException : The process cannot access the file 'F:\olivier\NeoDatis\06-2009\NeoDatis\test\bin\Debug\array1.neodatis' because it is being used by another process.]]></message>
                                  <stack-trace><![CDATA[at System.IO.__Error.WinIOError(Int32 errorCode, String maybeFullPath)
at System.IO.File.Delete(String path)
at NeoDatis.Tool.Wrappers.IO.OdbFile.Delete() in F:\olivier\NeoDatis\06-2009\NeoDatis\src\NeoDatis\Tool\Wrappers\IO\OdbFile.cs:line 64
at NeoDatis.Tool.IOUtil.DeleteFile(String fileName) in F:\olivier\NeoDatis\06-2009\NeoDatis\src\NeoDatis\Tool\IOUtil.cs:line 23
at NeoDatis.Odb.Test.ODBTest.DeleteBase(String baseName) in F:\olivier\NeoDatis\06-2009\NeoDatis\test\Neodatis\Odb\Test\ODBTest.cs:line 97
at NeoDatis.Odb.Test.Arraycollectionmap.TestArray.TestArrayOfDate() in F:\olivier\NeoDatis\06-2009\NeoDatis\test\Neodatis\Odb\Test\Arraycollectionmap\TestArray.cs:line 286
]]></stack-trace>
                                </failure>
                              </test-case>
                              <test-case name="NeoDatis.Odb.Test.Arraycollectionmap.TestArray.TestArrayQuery" executed="True" success="False" time="0.000" asserts="0">
                                <failure>
                                  <message><![CDATA[System.IO.IOException : The process cannot access the file 'F:\olivier\NeoDatis\06-2009\NeoDatis\test\bin\Debug\array1.neodatis' because it is being used by another process.]]></message>
                                  <stack-trace><![CDATA[at System.IO.__Error.WinIOError(Int32 errorCode, String maybeFullPath)
at System.IO.File.Delete(String path)
at NeoDatis.Tool.Wrappers.IO.OdbFile.Delete() in F:\olivier\NeoDatis\06-2009\NeoDatis\src\NeoDatis\Tool\Wrappers\IO\OdbFile.cs:line 64
at NeoDatis.Tool.IOUtil.DeleteFile(String fileName) in F:\olivier\NeoDatis\06-2009\NeoDatis\src\NeoDatis\Tool\IOUtil.cs:line 23
at NeoDatis.Odb.Test.ODBTest.DeleteBase(String baseName) in F:\olivier\NeoDatis\06-2009\NeoDatis\test\Neodatis\Odb\Test\ODBTest.cs:line 97
at NeoDatis.Odb.Test.Arraycollectionmap.TestArray.TestArrayQuery() in F:\olivier\NeoDatis\06-2009\NeoDatis\test\Neodatis\Odb\Test\Arraycollectionmap\TestArray.cs:line 189
]]></stack-trace>
                                </failure>
                              </test-case>
                              <test-case name="NeoDatis.Odb.Test.Arraycollectionmap.TestArray.TestArrayUpdateDecreasingArraySize" executed="True" success="False" time="0.010" asserts="0">
                                <failure>
                                  <message><![CDATA[System.IO.IOException : The process cannot access the file 'F:\olivier\NeoDatis\06-2009\NeoDatis\test\bin\Debug\array1.neodatis' because it is being used by another process.]]></message>
                                  <stack-trace><![CDATA[at System.IO.__Error.WinIOError(Int32 errorCode, String maybeFullPath)
at System.IO.File.Delete(String path)
at NeoDatis.Tool.Wrappers.IO.OdbFile.Delete() in F:\olivier\NeoDatis\06-2009\NeoDatis\src\NeoDatis\Tool\Wrappers\IO\OdbFile.cs:line 64
at NeoDatis.Tool.IOUtil.DeleteFile(String fileName) in F:\olivier\NeoDatis\06-2009\NeoDatis\src\NeoDatis\Tool\IOUtil.cs:line 23
at NeoDatis.Odb.Test.ODBTest.DeleteBase(String baseName) in F:\olivier\NeoDatis\06-2009\NeoDatis\test\Neodatis\Odb\Test\ODBTest.cs:line 97
at NeoDatis.Odb.Test.Arraycollectionmap.TestArray.TestArrayUpdateDecreasingArraySize() in F:\olivier\NeoDatis\06-2009\NeoDatis\test\Neodatis\Odb\Test\Arraycollectionmap\TestArray.cs:line 576
]]></stack-trace>
                                </failure>
                              </test-case>
                            </results>
                          </test-suite>
                          <test-suite name="TestList" success="False" time="71.006" asserts="0">
                            <results>
                              <test-case name="NeoDatis.Odb.Test.Arraycollectionmap.TestList.TestCollectionWithContain" executed="True" success="False" time="0.050" asserts="0">
                                <failure>
                                  <message><![CDATA[NeoDatis.Odb.ODBRuntimeException : 
NeoDatis has thrown an Exception, please help us filling a bug report at https://sourceforge.net/tracker/?func=add&group_id=179124&atid=887885 with the following error message
Version=1.9 , Build=566, Date=21-05-2009-18-01-30, Thread=TestRunnerThread
Error:1025:Where.contain can not be used with a NeoDatis.Odb.Impl.Core.Oid.OdbObjectOID, only collections and arrays are supported]]></message>
                                  <stack-trace><![CDATA[at NeoDatis.Odb.Impl.Core.Query.Criteria.ContainsCriterion.Match(Object valueToMatch) in F:\olivier\NeoDatis\06-2009\NeoDatis\src\NeoDatis\Odb\Impl\Core\Query\Criteria\ContainsCriterion.cs:line 121
at NeoDatis.Odb.Impl.Core.Query.Criteria.CriteriaQuery.Match(IDictionary map) in F:\olivier\NeoDatis\06-2009\NeoDatis\src\NeoDatis\Odb\Impl\Core\Query\Criteria\CriteriaQuery.cs:line 38
at NeoDatis.Odb.Impl.Core.Query.Criteria.CriteriaQueryManager.Match(CriteriaQuery query, IDictionary map) in F:\olivier\NeoDatis\06-2009\NeoDatis\src\NeoDatis\Odb\Impl\Core\Query\Criteria\CriteriaQueryManager.cs:line 8
at NeoDatis.Odb.Impl.Core.Query.Criteria.CriteriaQueryExecutor.MatchObjectWithOid(OID oid, Boolean returnObject, Boolean inMemory) in F:\olivier\NeoDatis\06-2009\NeoDatis\src\NeoDatis\Odb\Impl\Core\Query\Criteria\CriteriaQueryExecutor.cs:line 70
at NeoDatis.Odb.Core.Query.Execution.GenericQueryExecutor.ExecuteFullScan[T](Boolean inMemory, Int32 startIndex, Int32 endIndex, Boolean returnObjects, IMatchingObjectAction queryResultAction) in F:\olivier\NeoDatis\06-2009\NeoDatis\src\NeoDatis\Odb\Core\Query\Execution\GenericQueryExecutor.cs:line 277
at NeoDatis.Odb.Core.Query.Execution.GenericQueryExecutor.Execute[T](Boolean inMemory, Int32 startIndex, Int32 endIndex, Boolean returnObjects, IMatchingObjectAction queryResultAction) in F:\olivier\NeoDatis\06-2009\NeoDatis\src\NeoDatis\Odb\Core\Query\Execution\GenericQueryExecutor.cs:line 144
at NeoDatis.Odb.Impl.Core.Layers.Layer3.Engine.ObjectReader.GetObjects[T](IQuery query, Boolean inMemory, Int32 startIndex, Int32 endIndex) in F:\olivier\NeoDatis\06-2009\NeoDatis\src\NeoDatis\Odb\Impl\Core\Layers\Layer3\Engine\ObjectReader.cs:line 2194
at NeoDatis.Odb.Core.Layers.Layer3.Engine.AbstractStorageEngineReader.GetObjects[T](IQuery query, Boolean inMemory, Int32 startIndex, Int32 endIndex) in F:\olivier\NeoDatis\06-2009\NeoDatis\src\NeoDatis\Odb\Core\Layers\Layer3\Engine\AbstractStorageEngineReader.cs:line 30
at NeoDatis.Odb.Impl.Main.ODBAdapter.GetObjects[T](IQuery query) in F:\olivier\NeoDatis\06-2009\NeoDatis\src\NeoDatis\Odb\Impl\Main\ODBAdapter.cs:line 84
at NeoDatis.Odb.Test.Arraycollectionmap.TestList.TestCollectionWithContain() in F:\olivier\NeoDatis\06-2009\NeoDatis\test\Neodatis\Odb\Test\Arraycollectionmap\TestList.cs:line 428
]]></stack-trace>
                                </failure>
                              </test-case>
                              <test-case name="NeoDatis.Odb.Test.Arraycollectionmap.TestList.TestDeletingOneElementOfTheList" executed="True" success="True" time="0.010" asserts="0" />
                              <test-case name="NeoDatis.Odb.Test.Arraycollectionmap.TestList.TestList1" executed="True" success="True" time="0.040" asserts="2" />
                              <test-case name="NeoDatis.Odb.Test.Arraycollectionmap.TestList.TestList1WithNull" executed="True" success="True" time="0.010" asserts="2" />
                              <test-case name="NeoDatis.Odb.Test.Arraycollectionmap.TestList.TestList2" executed="True" success="False" time="0.120" asserts="0">
                                <failure>
                                  <message><![CDATA[NeoDatis.Odb.ODBRuntimeException : 
NeoDatis has thrown an Exception, please help us filling a bug report at https://sourceforge.net/tracker/?func=add&group_id=179124&atid=887885 with the following error message
Version=1.9 , Build=566, Date=21-05-2009-18-01-30, Thread=TestRunnerThread
Error:1002:Incompatible meta-model : System.Reflection.RtFieldInfo,mscorlib is Compatible = False
Incompatible changes = NeoDatis.Tool.Wrappers.List.OdbArrayList`1[System.String]
Compatible changes = NeoDatis.Tool.Wrappers.List.OdbArrayList`1[System.String]]]></message>
                                  <stack-trace><![CDATA[at NeoDatis.Odb.Core.Layers.Layer3.Engine.AbstractStorageEngine.CheckMetaModelCompatibility(IDictionary`2 currentCIs) in F:\olivier\NeoDatis\06-2009\NeoDatis\src\NeoDatis\Odb\Core\Layers\Layer3\Engine\AbstractStorageEngine.cs:line 195
at NeoDatis.Odb.Core.Layers.Layer3.Engine.AbstractStorageEngine.Init() in F:\olivier\NeoDatis\06-2009\NeoDatis\src\NeoDatis\Odb\Core\Layers\Layer3\Engine\AbstractStorageEngine.cs:line 137
at NeoDatis.Odb.Core.Layers.Layer3.Engine.AbstractStorageEngine..ctor(IBaseIdentification parameters) in F:\olivier\NeoDatis\06-2009\NeoDatis\src\NeoDatis\Odb\Core\Layers\Layer3\Engine\AbstractStorageEngine.cs:line 88
at NeoDatis.Odb.Impl.Core.Layers.Layer3.Engine.LocalStorageEngine..ctor(IBaseIdentification parameters) in F:\olivier\NeoDatis\06-2009\NeoDatis\src\NeoDatis\Odb\Impl\Core\Layers\Layer3\Engine\LocalStorageEngine.cs:line 7
at NeoDatis.Odb.Impl.DefaultCoreProvider.GetClientStorageEngine(IBaseIdentification baseIdentification) in F:\olivier\NeoDatis\06-2009\NeoDatis\src\NeoDatis\Odb\Impl\DefaultCoreProvider.cs:line 64
at NeoDatis.Odb.Impl.Main.LocalODB..ctor(String fileName, String user, String password) in F:\olivier\NeoDatis\06-2009\NeoDatis\src\NeoDatis\Odb\Impl\Main\LocalODB.cs:line 24
at NeoDatis.Odb.Impl.Main.LocalODB.GetInstance(String fileName, String user, String password) in F:\olivier\NeoDatis\06-2009\NeoDatis\src\NeoDatis\Odb\Impl\Main\LocalODB.cs:line 16
at NeoDatis.Odb.ODBFactory.Open(String fileName, String user, String password) in F:\olivier\NeoDatis\06-2009\NeoDatis\src\NeoDatis\Odb\ODBFactory.cs:line 21
at NeoDatis.Odb.Test.ODBTest.Open(String fileName) in F:\olivier\NeoDatis\06-2009\NeoDatis\test\Neodatis\Odb\Test\ODBTest.cs:line 63
at NeoDatis.Odb.Test.Arraycollectionmap.TestList.TestList2() in F:\olivier\NeoDatis\06-2009\NeoDatis\test\Neodatis\Odb\Test\Arraycollectionmap\TestList.cs:line 77
]]></stack-trace>
                                </failure>
                              </test-case>
                              <test-case name="NeoDatis.Odb.Test.Arraycollectionmap.TestList.TestList3" executed="True" success="True" time="0.811" asserts="1" />
                              <test-case name="NeoDatis.Odb.Test.Arraycollectionmap.TestList.TestList4Update" executed="True" success="False" time="0.040" asserts="3">
                                <failure>
                                  <message><![CDATA[  Expected string length 11 but was 7. Strings differ at index 6.
  Expected: "object 2bis"
  But was:  "object2"
  -----------------^
]]></message>
                                  <stack-trace><![CDATA[at NeoDatis.Odb.Test.NeoDatisAssert.AssertEquals(Object expected, Object actual) in F:\olivier\NeoDatis\06-2009\NeoDatis\test\Neodatis\Odb\Test\NeoDatisAssert.cs:line 78
at NeoDatis.Odb.Test.Arraycollectionmap.TestList.TestList4Update() in F:\olivier\NeoDatis\06-2009\NeoDatis\test\Neodatis\Odb\Test\Arraycollectionmap\TestList.cs:line 138
]]></stack-trace>
                                </failure>
                              </test-case>
                              <test-case name="NeoDatis.Odb.Test.Arraycollectionmap.TestList.TestList4Update2" executed="True" success="False" time="0.000" asserts="0">
                                <failure>
                                  <message><![CDATA[System.IO.IOException : The process cannot access the file 'F:\olivier\NeoDatis\06-2009\NeoDatis\test\bin\Debug\list4.neodatis' because it is being used by another process.]]></message>
                                  <stack-trace><![CDATA[at System.IO.__Error.WinIOError(Int32 errorCode, String maybeFullPath)
at System.IO.File.Delete(String path)
at NeoDatis.Tool.Wrappers.IO.OdbFile.Delete() in F:\olivier\NeoDatis\06-2009\NeoDatis\src\NeoDatis\Tool\Wrappers\IO\OdbFile.cs:line 64
at NeoDatis.Tool.IOUtil.DeleteFile(String fileName) in F:\olivier\NeoDatis\06-2009\NeoDatis\src\NeoDatis\Tool\IOUtil.cs:line 23
at NeoDatis.Odb.Test.ODBTest.DeleteBase(String baseName) in F:\olivier\NeoDatis\06-2009\NeoDatis\test\Neodatis\Odb\Test\ODBTest.cs:line 97
at NeoDatis.Odb.Test.Arraycollectionmap.TestList.TestList4Update2() in F:\olivier\NeoDatis\06-2009\NeoDatis\test\Neodatis\Odb\Test\Arraycollectionmap\TestList.cs:line 149
]]></stack-trace>
                                </failure>
                              </test-case>
                              <test-case name="NeoDatis.Odb.Test.Arraycollectionmap.TestList.TestList4Update3" executed="True" success="True" time="0.020" asserts="3" />
                              <test-case name="NeoDatis.Odb.Test.Arraycollectionmap.TestList.TestList4Update4" executed="True" success="True" time="4.356" asserts="3" />
                              <test-case name="NeoDatis.Odb.Test.Arraycollectionmap.TestList.TestList4Update4Middle" executed="True" success="True" time="4.246" asserts="3" />
                              <test-case name="NeoDatis.Odb.Test.Arraycollectionmap.TestList.TestList4Update4Middle2" executed="True" success="True" time="34.994" asserts="2" />
                              <test-case name="NeoDatis.Odb.Test.Arraycollectionmap.TestList.TestList4Update5" executed="True" success="True" time="26.298" asserts="2" />
                            </results>
                          </test-suite>
                          <test-suite name="TestMap" success="False" time="0.090" asserts="0">
                            <results>
                              <test-case name="NeoDatis.Odb.Test.Arraycollectionmap.TestMap.Test1" executed="True" success="False" time="0.030" asserts="0">
                                <failure>
                                  <message><![CDATA[System.ArgumentOutOfRangeException : Index was out of range. Must be non-negative and less than the size of the collection.
Parameter name: index]]></message>
                                  <stack-trace><![CDATA[at System.ThrowHelper.ThrowArgumentOutOfRangeException(ExceptionArgument argument, ExceptionResource resource)
at System.ThrowHelper.ThrowArgumentOutOfRangeException()
at System.Collections.Generic.List`1.get_Item(Int32 index)
at NeoDatis.Odb.Impl.Core.Query.List.Objects.SimpleList`1.GetFirst() in F:\olivier\NeoDatis\06-2009\NeoDatis\src\NeoDatis\Odb\Impl\Core\Query\List\Objects\SimpleList.cs:line 34
at NeoDatis.Odb.Test.Arraycollectionmap.TestMap.Test1() in F:\olivier\NeoDatis\06-2009\NeoDatis\test\Neodatis\Odb\Test\Arraycollectionmap\TestMap.cs:line 42
]]></stack-trace>
                                </failure>
                              </test-case>
                              <test-case name="NeoDatis.Odb.Test.Arraycollectionmap.TestMap.Test2" executed="True" success="False" time="0.000" asserts="0">
                                <failure>
                                  <message><![CDATA[NeoDatis.Odb.ODBRuntimeException : 
NeoDatis has thrown an Exception, please help us filling a bug report at https://sourceforge.net/tracker/?func=add&group_id=179124&atid=887885 with the following error message
Version=1.9 , Build=566, Date=21-05-2009-18-01-30, Thread=TestRunnerThread
Error:1013:map.neodatis file is locked by the current Virtual machine - check if the database has not been opened in the current VM! : thread = TestRunnerThread - using multi thread ? True]]></message>
                                  <stack-trace><![CDATA[at NeoDatis.Odb.Impl.Core.Layers.Layer3.Buffer.MultiBufferedFileIO.Init(String fileName, Boolean canWrite) in F:\olivier\NeoDatis\06-2009\NeoDatis\src\NeoDatis\Odb\Impl\Core\Layers\Layer3\Buffer\MultiBufferedFileIO.cs:line 64
at NeoDatis.Odb.Impl.Core.Layers.Layer3.Buffer.MultiBufferedFileIO..ctor(Int32 nbBuffers, String name, String fileName, Boolean canWrite, Int32 bufferSize) in F:\olivier\NeoDatis\06-2009\NeoDatis\src\NeoDatis\Odb\Impl\Core\Layers\Layer3\Buffer\MultiBufferedFileIO.cs:line 24
at NeoDatis.Odb.Impl.DefaultCoreProvider.GetIO(String name, IBaseIdentification parameters, Int32 bufferSize) in F:\olivier\NeoDatis\06-2009\NeoDatis\src\NeoDatis\Odb\Impl\DefaultCoreProvider.cs:line 142
at NeoDatis.Odb.Core.Layers.Layer3.Engine.FileSystemInterface..ctor(String name, IBaseIdentification parameters, Boolean canLog, Int32 bufferSize) in F:\olivier\NeoDatis\06-2009\NeoDatis\src\NeoDatis\Odb\Core\Layers\Layer3\Engine\FileSystemInterface.cs:line 57
at NeoDatis.Odb.Impl.Core.Layers.Layer3.Engine.LocalFileSystemInterface..ctor(String name, ISession session, IBaseIdentification parameters, Boolean canLog, Int32 bufferSize) in F:\olivier\NeoDatis\06-2009\NeoDatis\src\NeoDatis\Odb\Impl\Core\Layers\Layer3\Engine\LocalFileSystemInterface.cs:line 14
at NeoDatis.Odb.Impl.Core.Layers.Layer3.Engine.LocalObjectWriter.BuildFSI() in F:\olivier\NeoDatis\06-2009\NeoDatis\src\NeoDatis\Odb\Impl\Core\Layers\Layer3\Engine\LocalObjectWriter.cs:line 21
at NeoDatis.Odb.Impl.Core.Layers.Layer3.Engine.AbstractObjectWriter.Init2() in F:\olivier\NeoDatis\06-2009\NeoDatis\src\NeoDatis\Odb\Impl\Core\Layers\Layer3\Engine\AbstractObjectWriter.cs:line 81
at NeoDatis.Odb.Core.Layers.Layer3.Engine.AbstractStorageEngine.Init() in F:\olivier\NeoDatis\06-2009\NeoDatis\src\NeoDatis\Odb\Core\Layers\Layer3\Engine\AbstractStorageEngine.cs:line 108
at NeoDatis.Odb.Core.Layers.Layer3.Engine.AbstractStorageEngine..ctor(IBaseIdentification parameters) in F:\olivier\NeoDatis\06-2009\NeoDatis\src\NeoDatis\Odb\Core\Layers\Layer3\Engine\AbstractStorageEngine.cs:line 88
at NeoDatis.Odb.Impl.Core.Layers.Layer3.Engine.LocalStorageEngine..ctor(IBaseIdentification parameters) in F:\olivier\NeoDatis\06-2009\NeoDatis\src\NeoDatis\Odb\Impl\Core\Layers\Layer3\Engine\LocalStorageEngine.cs:line 7
at NeoDatis.Odb.Impl.DefaultCoreProvider.GetClientStorageEngine(IBaseIdentification baseIdentification) in F:\olivier\NeoDatis\06-2009\NeoDatis\src\NeoDatis\Odb\Impl\DefaultCoreProvider.cs:line 64
at NeoDatis.Odb.Impl.Main.LocalODB..ctor(String fileName, String user, String password) in F:\olivier\NeoDatis\06-2009\NeoDatis\src\NeoDatis\Odb\Impl\Main\LocalODB.cs:line 24
at NeoDatis.Odb.Impl.Main.LocalODB.GetInstance(String fileName, String user, String password) in F:\olivier\NeoDatis\06-2009\NeoDatis\src\NeoDatis\Odb\Impl\Main\LocalODB.cs:line 16
at NeoDatis.Odb.ODBFactory.Open(String fileName, String user, String password) in F:\olivier\NeoDatis\06-2009\NeoDatis\src\NeoDatis\Odb\ODBFactory.cs:line 21
at NeoDatis.Odb.Test.ODBTest.Open(String fileName) in F:\olivier\NeoDatis\06-2009\NeoDatis\test\Neodatis\Odb\Test\ODBTest.cs:line 63
at NeoDatis.Odb.Test.Arraycollectionmap.TestMap.Test2() in F:\olivier\NeoDatis\06-2009\NeoDatis\test\Neodatis\Odb\Test\Arraycollectionmap\TestMap.cs:line 51
]]></stack-trace>
                                </failure>
                              </test-case>
                              <test-case name="NeoDatis.Odb.Test.Arraycollectionmap.TestMap.Test3" executed="True" success="False" time="0.010" asserts="0">
                                <failure>
                                  <message><![CDATA[NeoDatis.Odb.ODBRuntimeException : 
NeoDatis has thrown an Exception, please help us filling a bug report at https://sourceforge.net/tracker/?func=add&group_id=179124&atid=887885 with the following error message
Version=1.9 , Build=566, Date=21-05-2009-18-01-30, Thread=TestRunnerThread
Error:1013:map.neodatis file is locked by the current Virtual machine - check if the database has not been opened in the current VM! : thread = TestRunnerThread - using multi thread ? True]]></message>
                                  <stack-trace><![CDATA[at NeoDatis.Odb.Impl.Core.Layers.Layer3.Buffer.MultiBufferedFileIO.Init(String fileName, Boolean canWrite) in F:\olivier\NeoDatis\06-2009\NeoDatis\src\NeoDatis\Odb\Impl\Core\Layers\Layer3\Buffer\MultiBufferedFileIO.cs:line 64
at NeoDatis.Odb.Impl.Core.Layers.Layer3.Buffer.MultiBufferedFileIO..ctor(Int32 nbBuffers, String name, String fileName, Boolean canWrite, Int32 bufferSize) in F:\olivier\NeoDatis\06-2009\NeoDatis\src\NeoDatis\Odb\Impl\Core\Layers\Layer3\Buffer\MultiBufferedFileIO.cs:line 24
at NeoDatis.Odb.Impl.DefaultCoreProvider.GetIO(String name, IBaseIdentification parameters, Int32 bufferSize) in F:\olivier\NeoDatis\06-2009\NeoDatis\src\NeoDatis\Odb\Impl\DefaultCoreProvider.cs:line 142
at NeoDatis.Odb.Core.Layers.Layer3.Engine.FileSystemInterface..ctor(String name, IBaseIdentification parameters, Boolean canLog, Int32 bufferSize) in F:\olivier\NeoDatis\06-2009\NeoDatis\src\NeoDatis\Odb\Core\Layers\Layer3\Engine\FileSystemInterface.cs:line 57
at NeoDatis.Odb.Impl.Core.Layers.Layer3.Engine.LocalFileSystemInterface..ctor(String name, ISession session, IBaseIdentification parameters, Boolean canLog, Int32 bufferSize) in F:\olivier\NeoDatis\06-2009\NeoDatis\src\NeoDatis\Odb\Impl\Core\Layers\Layer3\Engine\LocalFileSystemInterface.cs:line 14
at NeoDatis.Odb.Impl.Core.Layers.Layer3.Engine.LocalObjectWriter.BuildFSI() in F:\olivier\NeoDatis\06-2009\NeoDatis\src\NeoDatis\Odb\Impl\Core\Layers\Layer3\Engine\LocalObjectWriter.cs:line 21
at NeoDatis.Odb.Impl.Core.Layers.Layer3.Engine.AbstractObjectWriter.Init2() in F:\olivier\NeoDatis\06-2009\NeoDatis\src\NeoDatis\Odb\Impl\Core\Layers\Layer3\Engine\AbstractObjectWriter.cs:line 81
at NeoDatis.Odb.Core.Layers.Layer3.Engine.AbstractStorageEngine.Init() in F:\olivier\NeoDatis\06-2009\NeoDatis\src\NeoDatis\Odb\Core\Layers\Layer3\Engine\AbstractStorageEngine.cs:line 108
at NeoDatis.Odb.Core.Layers.Layer3.Engine.AbstractStorageEngine..ctor(IBaseIdentification parameters) in F:\olivier\NeoDatis\06-2009\NeoDatis\src\NeoDatis\Odb\Core\Layers\Layer3\Engine\AbstractStorageEngine.cs:line 88
at NeoDatis.Odb.Impl.Core.Layers.Layer3.Engine.LocalStorageEngine..ctor(IBaseIdentification parameters) in F:\olivier\NeoDatis\06-2009\NeoDatis\src\NeoDatis\Odb\Impl\Core\Layers\Layer3\Engine\LocalStorageEngine.cs:line 7
at NeoDatis.Odb.Impl.DefaultCoreProvider.GetClientStorageEngine(IBaseIdentification baseIdentification) in F:\olivier\NeoDatis\06-2009\NeoDatis\src\NeoDatis\Odb\Impl\DefaultCoreProvider.cs:line 64
at NeoDatis.Odb.Impl.Main.LocalODB..ctor(String fileName, String user, String password) in F:\olivier\NeoDatis\06-2009\NeoDatis\src\NeoDatis\Odb\Impl\Main\LocalODB.cs:line 24
at NeoDatis.Odb.Impl.Main.LocalODB.GetInstance(String fileName, String user, String password) in F:\olivier\NeoDatis\06-2009\NeoDatis\src\NeoDatis\Odb\Impl\Main\LocalODB.cs:line 16
at NeoDatis.Odb.ODBFactory.Open(String fileName, String user, String password) in F:\olivier\NeoDatis\06-2009\NeoDatis\src\NeoDatis\Odb\ODBFactory.cs:line 21
at NeoDatis.Odb.Test.ODBTest.Open(String fileName) in F:\olivier\NeoDatis\06-2009\NeoDatis\test\Neodatis\Odb\Test\ODBTest.cs:line 63
at NeoDatis.Odb.Test.Arraycollectionmap.TestMap.Test3() in F:\olivier\NeoDatis\06-2009\NeoDatis\test\Neodatis\Odb\Test\Arraycollectionmap\TestMap.cs:line 67
]]></stack-trace>
                                </failure>
                              </test-case>
                              <test-case name="NeoDatis.Odb.Test.Arraycollectionmap.TestMap.Test4" executed="True" success="False" time="0.000" asserts="0">
                                <failure>
                                  <message><![CDATA[NeoDatis.Odb.ODBRuntimeException : 
NeoDatis has thrown an Exception, please help us filling a bug report at https://sourceforge.net/tracker/?func=add&group_id=179124&atid=887885 with the following error message
Version=1.9 , Build=566, Date=21-05-2009-18-01-30, Thread=TestRunnerThread
Error:1013:map.neodatis file is locked by the current Virtual machine - check if the database has not been opened in the current VM! : thread = TestRunnerThread - using multi thread ? True]]></message>
                                  <stack-trace><![CDATA[at NeoDatis.Odb.Impl.Core.Layers.Layer3.Buffer.MultiBufferedFileIO.Init(String fileName, Boolean canWrite) in F:\olivier\NeoDatis\06-2009\NeoDatis\src\NeoDatis\Odb\Impl\Core\Layers\Layer3\Buffer\MultiBufferedFileIO.cs:line 64
at NeoDatis.Odb.Impl.Core.Layers.Layer3.Buffer.MultiBufferedFileIO..ctor(Int32 nbBuffers, String name, String fileName, Boolean canWrite, Int32 bufferSize) in F:\olivier\NeoDatis\06-2009\NeoDatis\src\NeoDatis\Odb\Impl\Core\Layers\Layer3\Buffer\MultiBufferedFileIO.cs:line 24
at NeoDatis.Odb.Impl.DefaultCoreProvider.GetIO(String name, IBaseIdentification parameters, Int32 bufferSize) in F:\olivier\NeoDatis\06-2009\NeoDatis\src\NeoDatis\Odb\Impl\DefaultCoreProvider.cs:line 142
at NeoDatis.Odb.Core.Layers.Layer3.Engine.FileSystemInterface..ctor(String name, IBaseIdentification parameters, Boolean canLog, Int32 bufferSize) in F:\olivier\NeoDatis\06-2009\NeoDatis\src\NeoDatis\Odb\Core\Layers\Layer3\Engine\FileSystemInterface.cs:line 57
at NeoDatis.Odb.Impl.Core.Layers.Layer3.Engine.LocalFileSystemInterface..ctor(String name, ISession session, IBaseIdentification parameters, Boolean canLog, Int32 bufferSize) in F:\olivier\NeoDatis\06-2009\NeoDatis\src\NeoDatis\Odb\Impl\Core\Layers\Layer3\Engine\LocalFileSystemInterface.cs:line 14
at NeoDatis.Odb.Impl.Core.Layers.Layer3.Engine.LocalObjectWriter.BuildFSI() in F:\olivier\NeoDatis\06-2009\NeoDatis\src\NeoDatis\Odb\Impl\Core\Layers\Layer3\Engine\LocalObjectWriter.cs:line 21
at NeoDatis.Odb.Impl.Core.Layers.Layer3.Engine.AbstractObjectWriter.Init2() in F:\olivier\NeoDatis\06-2009\NeoDatis\src\NeoDatis\Odb\Impl\Core\Layers\Layer3\Engine\AbstractObjectWriter.cs:line 81
at NeoDatis.Odb.Core.Layers.Layer3.Engine.AbstractStorageEngine.Init() in F:\olivier\NeoDatis\06-2009\NeoDatis\src\NeoDatis\Odb\Core\Layers\Layer3\Engine\AbstractStorageEngine.cs:line 108
at NeoDatis.Odb.Core.Layers.Layer3.Engine.AbstractStorageEngine..ctor(IBaseIdentification parameters) in F:\olivier\NeoDatis\06-2009\NeoDatis\src\NeoDatis\Odb\Core\Layers\Layer3\Engine\AbstractStorageEngine.cs:line 88
at NeoDatis.Odb.Impl.Core.Layers.Layer3.Engine.LocalStorageEngine..ctor(IBaseIdentification parameters) in F:\olivier\NeoDatis\06-2009\NeoDatis\src\NeoDatis\Odb\Impl\Core\Layers\Layer3\Engine\LocalStorageEngine.cs:line 7
at NeoDatis.Odb.Impl.DefaultCoreProvider.GetClientStorageEngine(IBaseIdentification baseIdentification) in F:\olivier\NeoDatis\06-2009\NeoDatis\src\NeoDatis\Odb\Impl\DefaultCoreProvider.cs:line 64
at NeoDatis.Odb.Impl.Main.LocalODB..ctor(String fileName, String user, String password) in F:\olivier\NeoDatis\06-2009\NeoDatis\src\NeoDatis\Odb\Impl\Main\LocalODB.cs:line 24
at NeoDatis.Odb.Impl.Main.LocalODB.GetInstance(String fileName, String user, String password) in F:\olivier\NeoDatis\06-2009\NeoDatis\src\NeoDatis\Odb\Impl\Main\LocalODB.cs:line 16
at NeoDatis.Odb.ODBFactory.Open(String fileName, String user, String password) in F:\olivier\NeoDatis\06-2009\NeoDatis\src\NeoDatis\Odb\ODBFactory.cs:line 21
at NeoDatis.Odb.Test.ODBTest.Open(String fileName) in F:\olivier\NeoDatis\06-2009\NeoDatis\test\Neodatis\Odb\Test\ODBTest.cs:line 63
at NeoDatis.Odb.Test.Arraycollectionmap.TestMap.Test4() in F:\olivier\NeoDatis\06-2009\NeoDatis\test\Neodatis\Odb\Test\Arraycollectionmap\TestMap.cs:line 84
]]></stack-trace>
                                </failure>
                              </test-case>
                              <test-case name="NeoDatis.Odb.Test.Arraycollectionmap.TestMap.Test5updateIncreasingSize" executed="True" success="False" time="0.010" asserts="0">
                                <failure>
                                  <message><![CDATA[NeoDatis.Odb.ODBRuntimeException : 
NeoDatis has thrown an Exception, please help us filling a bug report at https://sourceforge.net/tracker/?func=add&group_id=179124&atid=887885 with the following error message
Version=1.9 , Build=566, Date=21-05-2009-18-01-30, Thread=TestRunnerThread
Error:1013:map.neodatis file is locked by the current Virtual machine - check if the database has not been opened in the current VM! : thread = TestRunnerThread - using multi thread ? True]]></message>
                                  <stack-trace><![CDATA[at NeoDatis.Odb.Impl.Core.Layers.Layer3.Buffer.MultiBufferedFileIO.Init(String fileName, Boolean canWrite) in F:\olivier\NeoDatis\06-2009\NeoDatis\src\NeoDatis\Odb\Impl\Core\Layers\Layer3\Buffer\MultiBufferedFileIO.cs:line 64
at NeoDatis.Odb.Impl.Core.Layers.Layer3.Buffer.MultiBufferedFileIO..ctor(Int32 nbBuffers, String name, String fileName, Boolean canWrite, Int32 bufferSize) in F:\olivier\NeoDatis\06-2009\NeoDatis\src\NeoDatis\Odb\Impl\Core\Layers\Layer3\Buffer\MultiBufferedFileIO.cs:line 24
at NeoDatis.Odb.Impl.DefaultCoreProvider.GetIO(String name, IBaseIdentification parameters, Int32 bufferSize) in F:\olivier\NeoDatis\06-2009\NeoDatis\src\NeoDatis\Odb\Impl\DefaultCoreProvider.cs:line 142
at NeoDatis.Odb.Core.Layers.Layer3.Engine.FileSystemInterface..ctor(String name, IBaseIdentification parameters, Boolean canLog, Int32 bufferSize) in F:\olivier\NeoDatis\06-2009\NeoDatis\src\NeoDatis\Odb\Core\Layers\Layer3\Engine\FileSystemInterface.cs:line 57
at NeoDatis.Odb.Impl.Core.Layers.Layer3.Engine.LocalFileSystemInterface..ctor(String name, ISession session, IBaseIdentification parameters, Boolean canLog, Int32 bufferSize) in F:\olivier\NeoDatis\06-2009\NeoDatis\src\NeoDatis\Odb\Impl\Core\Layers\Layer3\Engine\LocalFileSystemInterface.cs:line 14
at NeoDatis.Odb.Impl.Core.Layers.Layer3.Engine.LocalObjectWriter.BuildFSI() in F:\olivier\NeoDatis\06-2009\NeoDatis\src\NeoDatis\Odb\Impl\Core\Layers\Layer3\Engine\LocalObjectWriter.cs:line 21
at NeoDatis.Odb.Impl.Core.Layers.Layer3.Engine.AbstractObjectWriter.Init2() in F:\olivier\NeoDatis\06-2009\NeoDatis\src\NeoDatis\Odb\Impl\Core\Layers\Layer3\Engine\AbstractObjectWriter.cs:line 81
at NeoDatis.Odb.Core.Layers.Layer3.Engine.AbstractStorageEngine.Init() in F:\olivier\NeoDatis\06-2009\NeoDatis\src\NeoDatis\Odb\Core\Layers\Layer3\Engine\AbstractStorageEngine.cs:line 108
at NeoDatis.Odb.Core.Layers.Layer3.Engine.AbstractStorageEngine..ctor(IBaseIdentification parameters) in F:\olivier\NeoDatis\06-2009\NeoDatis\src\NeoDatis\Odb\Core\Layers\Layer3\Engine\AbstractStorageEngine.cs:line 88
at NeoDatis.Odb.Impl.Core.Layers.Layer3.Engine.LocalStorageEngine..ctor(IBaseIdentification parameters) in F:\olivier\NeoDatis\06-2009\NeoDatis\src\NeoDatis\Odb\Impl\Core\Layers\Layer3\Engine\LocalStorageEngine.cs:line 7
at NeoDatis.Odb.Impl.DefaultCoreProvider.GetClientStorageEngine(IBaseIdentification baseIdentification) in F:\olivier\NeoDatis\06-2009\NeoDatis\src\NeoDatis\Odb\Impl\DefaultCoreProvider.cs:line 64
at NeoDatis.Odb.Impl.Main.LocalODB..ctor(String fileName, String user, String password) in F:\olivier\NeoDatis\06-2009\NeoDatis\src\NeoDatis\Odb\Impl\Main\LocalODB.cs:line 24
at NeoDatis.Odb.Impl.Main.LocalODB.GetInstance(String fileName, String user, String password) in F:\olivier\NeoDatis\06-2009\NeoDatis\src\NeoDatis\Odb\Impl\Main\LocalODB.cs:line 16
at NeoDatis.Odb.ODBFactory.Open(String fileName, String user, String password) in F:\olivier\NeoDatis\06-2009\NeoDatis\src\NeoDatis\Odb\ODBFactory.cs:line 21
at NeoDatis.Odb.Test.ODBTest.Open(String fileName) in F:\olivier\NeoDatis\06-2009\NeoDatis\test\Neodatis\Odb\Test\ODBTest.cs:line 63
at NeoDatis.Odb.Test.Arraycollectionmap.TestMap.Test5updateIncreasingSize() in F:\olivier\NeoDatis\06-2009\NeoDatis\test\Neodatis\Odb\Test\Arraycollectionmap\TestMap.cs:line 109
]]></stack-trace>
                                </failure>
                              </test-case>
                              <test-case name="NeoDatis.Odb.Test.Arraycollectionmap.TestMap.Test6updateChangingKeyValue" executed="True" success="False" time="0.010" asserts="0">
                                <failure>
                                  <message><![CDATA[NeoDatis.Odb.ODBRuntimeException : 
NeoDatis has thrown an Exception, please help us filling a bug report at https://sourceforge.net/tracker/?func=add&group_id=179124&atid=887885 with the following error message
Version=1.9 , Build=566, Date=21-05-2009-18-01-30, Thread=TestRunnerThread
Error:1013:map.neodatis file is locked by the current Virtual machine - check if the database has not been opened in the current VM! : thread = TestRunnerThread - using multi thread ? True]]></message>
                                  <stack-trace><![CDATA[at NeoDatis.Odb.Impl.Core.Layers.Layer3.Buffer.MultiBufferedFileIO.Init(String fileName, Boolean canWrite) in F:\olivier\NeoDatis\06-2009\NeoDatis\src\NeoDatis\Odb\Impl\Core\Layers\Layer3\Buffer\MultiBufferedFileIO.cs:line 64
at NeoDatis.Odb.Impl.Core.Layers.Layer3.Buffer.MultiBufferedFileIO..ctor(Int32 nbBuffers, String name, String fileName, Boolean canWrite, Int32 bufferSize) in F:\olivier\NeoDatis\06-2009\NeoDatis\src\NeoDatis\Odb\Impl\Core\Layers\Layer3\Buffer\MultiBufferedFileIO.cs:line 24
at NeoDatis.Odb.Impl.DefaultCoreProvider.GetIO(String name, IBaseIdentification parameters, Int32 bufferSize) in F:\olivier\NeoDatis\06-2009\NeoDatis\src\NeoDatis\Odb\Impl\DefaultCoreProvider.cs:line 142
at NeoDatis.Odb.Core.Layers.Layer3.Engine.FileSystemInterface..ctor(String name, IBaseIdentification parameters, Boolean canLog, Int32 bufferSize) in F:\olivier\NeoDatis\06-2009\NeoDatis\src\NeoDatis\Odb\Core\Layers\Layer3\Engine\FileSystemInterface.cs:line 57
at NeoDatis.Odb.Impl.Core.Layers.Layer3.Engine.LocalFileSystemInterface..ctor(String name, ISession session, IBaseIdentification parameters, Boolean canLog, Int32 bufferSize) in F:\olivier\NeoDatis\06-2009\NeoDatis\src\NeoDatis\Odb\Impl\Core\Layers\Layer3\Engine\LocalFileSystemInterface.cs:line 14
at NeoDatis.Odb.Impl.Core.Layers.Layer3.Engine.LocalObjectWriter.BuildFSI() in F:\olivier\NeoDatis\06-2009\NeoDatis\src\NeoDatis\Odb\Impl\Core\Layers\Layer3\Engine\LocalObjectWriter.cs:line 21
at NeoDatis.Odb.Impl.Core.Layers.Layer3.Engine.AbstractObjectWriter.Init2() in F:\olivier\NeoDatis\06-2009\NeoDatis\src\NeoDatis\Odb\Impl\Core\Layers\Layer3\Engine\AbstractObjectWriter.cs:line 81
at NeoDatis.Odb.Core.Layers.Layer3.Engine.AbstractStorageEngine.Init() in F:\olivier\NeoDatis\06-2009\NeoDatis\src\NeoDatis\Odb\Core\Layers\Layer3\Engine\AbstractStorageEngine.cs:line 108
at NeoDatis.Odb.Core.Layers.Layer3.Engine.AbstractStorageEngine..ctor(IBaseIdentification parameters) in F:\olivier\NeoDatis\06-2009\NeoDatis\src\NeoDatis\Odb\Core\Layers\Layer3\Engine\AbstractStorageEngine.cs:line 88
at NeoDatis.Odb.Impl.Core.Layers.Layer3.Engine.LocalStorageEngine..ctor(IBaseIdentification parameters) in F:\olivier\NeoDatis\06-2009\NeoDatis\src\NeoDatis\Odb\Impl\Core\Layers\Layer3\Engine\LocalStorageEngine.cs:line 7
at NeoDatis.Odb.Impl.DefaultCoreProvider.GetClientStorageEngine(IBaseIdentification baseIdentification) in F:\olivier\NeoDatis\06-2009\NeoDatis\src\NeoDatis\Odb\Impl\DefaultCoreProvider.cs:line 64
at NeoDatis.Odb.Impl.Main.LocalODB..ctor(String fileName, String user, String password) in F:\olivier\NeoDatis\06-2009\NeoDatis\src\NeoDatis\Odb\Impl\Main\LocalODB.cs:line 24
at NeoDatis.Odb.Impl.Main.LocalODB.GetInstance(String fileName, String user, String password) in F:\olivier\NeoDatis\06-2009\NeoDatis\src\NeoDatis\Odb\Impl\Main\LocalODB.cs:line 16
at NeoDatis.Odb.ODBFactory.Open(String fileName, String user, String password) in F:\olivier\NeoDatis\06-2009\NeoDatis\src\NeoDatis\Odb\ODBFactory.cs:line 21
at NeoDatis.Odb.Test.ODBTest.Open(String fileName) in F:\olivier\NeoDatis\06-2009\NeoDatis\test\Neodatis\Odb\Test\ODBTest.cs:line 63
at NeoDatis.Odb.Test.Arraycollectionmap.TestMap.Test6updateChangingKeyValue() in F:\olivier\NeoDatis\06-2009\NeoDatis\test\Neodatis\Odb\Test\Arraycollectionmap\TestMap.cs:line 173
]]></stack-trace>
                                </failure>
                              </test-case>
                              <test-case name="NeoDatis.Odb.Test.Arraycollectionmap.TestMap.Test6updateDecreasingSize" executed="True" success="False" time="0.000" asserts="0">
                                <failure>
                                  <message><![CDATA[NeoDatis.Odb.ODBRuntimeException : 
NeoDatis has thrown an Exception, please help us filling a bug report at https://sourceforge.net/tracker/?func=add&group_id=179124&atid=887885 with the following error message
Version=1.9 , Build=566, Date=21-05-2009-18-01-30, Thread=TestRunnerThread
Error:1013:map.neodatis file is locked by the current Virtual machine - check if the database has not been opened in the current VM! : thread = TestRunnerThread - using multi thread ? True]]></message>
                                  <stack-trace><![CDATA[at NeoDatis.Odb.Impl.Core.Layers.Layer3.Buffer.MultiBufferedFileIO.Init(String fileName, Boolean canWrite) in F:\olivier\NeoDatis\06-2009\NeoDatis\src\NeoDatis\Odb\Impl\Core\Layers\Layer3\Buffer\MultiBufferedFileIO.cs:line 64
at NeoDatis.Odb.Impl.Core.Layers.Layer3.Buffer.MultiBufferedFileIO..ctor(Int32 nbBuffers, String name, String fileName, Boolean canWrite, Int32 bufferSize) in F:\olivier\NeoDatis\06-2009\NeoDatis\src\NeoDatis\Odb\Impl\Core\Layers\Layer3\Buffer\MultiBufferedFileIO.cs:line 24
at NeoDatis.Odb.Impl.DefaultCoreProvider.GetIO(String name, IBaseIdentification parameters, Int32 bufferSize) in F:\olivier\NeoDatis\06-2009\NeoDatis\src\NeoDatis\Odb\Impl\DefaultCoreProvider.cs:line 142
at NeoDatis.Odb.Core.Layers.Layer3.Engine.FileSystemInterface..ctor(String name, IBaseIdentification parameters, Boolean canLog, Int32 bufferSize) in F:\olivier\NeoDatis\06-2009\NeoDatis\src\NeoDatis\Odb\Core\Layers\Layer3\Engine\FileSystemInterface.cs:line 57
at NeoDatis.Odb.Impl.Core.Layers.Layer3.Engine.LocalFileSystemInterface..ctor(String name, ISession session, IBaseIdentification parameters, Boolean canLog, Int32 bufferSize) in F:\olivier\NeoDatis\06-2009\NeoDatis\src\NeoDatis\Odb\Impl\Core\Layers\Layer3\Engine\LocalFileSystemInterface.cs:line 14
at NeoDatis.Odb.Impl.Core.Layers.Layer3.Engine.LocalObjectWriter.BuildFSI() in F:\olivier\NeoDatis\06-2009\NeoDatis\src\NeoDatis\Odb\Impl\Core\Layers\Layer3\Engine\LocalObjectWriter.cs:line 21
at NeoDatis.Odb.Impl.Core.Layers.Layer3.Engine.AbstractObjectWriter.Init2() in F:\olivier\NeoDatis\06-2009\NeoDatis\src\NeoDatis\Odb\Impl\Core\Layers\Layer3\Engine\AbstractObjectWriter.cs:line 81
at NeoDatis.Odb.Core.Layers.Layer3.Engine.AbstractStorageEngine.Init() in F:\olivier\NeoDatis\06-2009\NeoDatis\src\NeoDatis\Odb\Core\Layers\Layer3\Engine\AbstractStorageEngine.cs:line 108
at NeoDatis.Odb.Core.Layers.Layer3.Engine.AbstractStorageEngine..ctor(IBaseIdentification parameters) in F:\olivier\NeoDatis\06-2009\NeoDatis\src\NeoDatis\Odb\Core\Layers\Layer3\Engine\AbstractStorageEngine.cs:line 88
at NeoDatis.Odb.Impl.Core.Layers.Layer3.Engine.LocalStorageEngine..ctor(IBaseIdentification parameters) in F:\olivier\NeoDatis\06-2009\NeoDatis\src\NeoDatis\Odb\Impl\Core\Layers\Layer3\Engine\LocalStorageEngine.cs:line 7
at NeoDatis.Odb.Impl.DefaultCoreProvider.GetClientStorageEngine(IBaseIdentification baseIdentification) in F:\olivier\NeoDatis\06-2009\NeoDatis\src\NeoDatis\Odb\Impl\DefaultCoreProvider.cs:line 64
at NeoDatis.Odb.Impl.Main.LocalODB..ctor(String fileName, String user, String password) in F:\olivier\NeoDatis\06-2009\NeoDatis\src\NeoDatis\Odb\Impl\Main\LocalODB.cs:line 24
at NeoDatis.Odb.Impl.Main.LocalODB.GetInstance(String fileName, String user, String password) in F:\olivier\NeoDatis\06-2009\NeoDatis\src\NeoDatis\Odb\Impl\Main\LocalODB.cs:line 16
at NeoDatis.Odb.ODBFactory.Open(String fileName, String user, String password) in F:\olivier\NeoDatis\06-2009\NeoDatis\src\NeoDatis\Odb\ODBFactory.cs:line 21
at NeoDatis.Odb.Test.ODBTest.Open(String fileName) in F:\olivier\NeoDatis\06-2009\NeoDatis\test\Neodatis\Odb\Test\ODBTest.cs:line 63
at NeoDatis.Odb.Test.Arraycollectionmap.TestMap.Test6updateDecreasingSize() in F:\olivier\NeoDatis\06-2009\NeoDatis\test\Neodatis\Odb\Test\Arraycollectionmap\TestMap.cs:line 145
]]></stack-trace>
                                </failure>
                              </test-case>
                            </results>
                          </test-suite>
                          <test-suite name="TestMapContainingCollection" success="False" time="0.020" asserts="0">
                            <results>
                              <test-case name="NeoDatis.Odb.Test.Arraycollectionmap.TestMapContainingCollection.Test1" executed="True" success="False" time="0.010" asserts="0">
                                <failure>
                                  <message><![CDATA[System.InvalidCastException : Unable to cast object of type 'NeoDatis.Tool.Wrappers.Map.OdbHashMap`2[System.Object,System.Object]' to type 'System.Collections.ICollection'.]]></message>
                                  <stack-trace><![CDATA[at NeoDatis.Odb.Impl.Core.Layers.Layer1.Introspector.LocalObjectIntrospector.GetNativeObjectInfoInternal(ODBType type, Object object, Boolean recursive, IDictionary`2 alreadyReadObjects, IIntrospectionCallback callback) in F:\olivier\NeoDatis\06-2009\NeoDatis\src\NeoDatis\Odb\Impl\Core\Layers\Layer1\Introspector\LocalObjectIntrospector.cs:line 74
at NeoDatis.Odb.Impl.Core.Layers.Layer1.Introspector.LocalObjectIntrospector.GetObjectInfoInternal(AbstractObjectInfo nnoi, Object object, ClassInfo ci, Boolean recursive, IDictionary`2 alreadyReadObjects, IIntrospectionCallback callback) in F:\olivier\NeoDatis\06-2009\NeoDatis\src\NeoDatis\Odb\Impl\Core\Layers\Layer1\Introspector\LocalObjectIntrospector.cs:line 254
at NeoDatis.Odb.Impl.Core.Layers.Layer1.Introspector.LocalObjectIntrospector.GetObjectInfo(Object object, ClassInfo ci, Boolean recursive, IDictionary`2 alreadyReadObjects, IIntrospectionCallback callback) in F:\olivier\NeoDatis\06-2009\NeoDatis\src\NeoDatis\Odb\Impl\Core\Layers\Layer1\Introspector\LocalObjectIntrospector.cs:line 47
at NeoDatis.Odb.Impl.Core.Layers.Layer1.Introspector.LocalObjectIntrospector.GetMetaRepresentation(Object object, ClassInfo ci, Boolean recursive, IDictionary`2 alreadyReadObjects, IIntrospectionCallback callback) in F:\olivier\NeoDatis\06-2009\NeoDatis\src\NeoDatis\Odb\Impl\Core\Layers\Layer1\Introspector\LocalObjectIntrospector.cs:line 33
at NeoDatis.Odb.Core.Layers.Layer3.Engine.AbstractStorageEngine.InternalStore(OID oid, Object o) in F:\olivier\NeoDatis\06-2009\NeoDatis\src\NeoDatis\Odb\Core\Layers\Layer3\Engine\AbstractStorageEngine.cs:line 419
at NeoDatis.Odb.Core.Layers.Layer3.Engine.AbstractStorageEngine.Store(OID oid, Object object) in F:\olivier\NeoDatis\06-2009\NeoDatis\src\NeoDatis\Odb\Core\Layers\Layer3\Engine\AbstractStorageEngine.cs:line 337
at NeoDatis.Odb.Core.Layers.Layer3.Engine.AbstractStorageEngine.Store(Object object) in F:\olivier\NeoDatis\06-2009\NeoDatis\src\NeoDatis\Odb\Core\Layers\Layer3\Engine\AbstractStorageEngine.cs:line 324
at NeoDatis.Odb.Impl.Main.ODBAdapter.Store(Object o) in F:\olivier\NeoDatis\06-2009\NeoDatis\src\NeoDatis\Odb\Impl\Main\ODBAdapter.cs:line 40
at NeoDatis.Odb.Test.Arraycollectionmap.TestMapContainingCollection.Test1() in F:\olivier\NeoDatis\06-2009\NeoDatis\test\Neodatis\Odb\Test\Arraycollectionmap\TestMapContainingCollection.cs:line 20
]]></stack-trace>
                                </failure>
                              </test-case>
                              <test-case name="NeoDatis.Odb.Test.Arraycollectionmap.TestMapContainingCollection.Test2" executed="True" success="False" time="0.000" asserts="0">
                                <failure>
                                  <message><![CDATA[System.IO.IOException : The process cannot access the file 'F:\olivier\NeoDatis\06-2009\NeoDatis\test\bin\Debug\map-with-collections' because it is being used by another process.]]></message>
                                  <stack-trace><![CDATA[at System.IO.__Error.WinIOError(Int32 errorCode, String maybeFullPath)
at System.IO.File.Delete(String path)
at NeoDatis.Tool.Wrappers.IO.OdbFile.Delete() in F:\olivier\NeoDatis\06-2009\NeoDatis\src\NeoDatis\Tool\Wrappers\IO\OdbFile.cs:line 64
at NeoDatis.Tool.IOUtil.DeleteFile(String fileName) in F:\olivier\NeoDatis\06-2009\NeoDatis\src\NeoDatis\Tool\IOUtil.cs:line 23
at NeoDatis.Odb.Test.ODBTest.DeleteBase(String baseName) in F:\olivier\NeoDatis\06-2009\NeoDatis\test\Neodatis\Odb\Test\ODBTest.cs:line 97
at NeoDatis.Odb.Test.Arraycollectionmap.TestMapContainingCollection.Test2() in F:\olivier\NeoDatis\06-2009\NeoDatis\test\Neodatis\Odb\Test\Arraycollectionmap\TestMapContainingCollection.cs:line 36
]]></stack-trace>
                                </failure>
                              </test-case>
                              <test-case name="NeoDatis.Odb.Test.Arraycollectionmap.TestMapContainingCollection.Test3" executed="True" success="False" time="0.000" asserts="0">
                                <failure>
                                  <message><![CDATA[System.IO.IOException : The process cannot access the file 'F:\olivier\NeoDatis\06-2009\NeoDatis\test\bin\Debug\map-with-collections' because it is being used by another process.]]></message>
                                  <stack-trace><![CDATA[at System.IO.__Error.WinIOError(Int32 errorCode, String maybeFullPath)
at System.IO.File.Delete(String path)
at NeoDatis.Tool.Wrappers.IO.OdbFile.Delete() in F:\olivier\NeoDatis\06-2009\NeoDatis\src\NeoDatis\Tool\Wrappers\IO\OdbFile.cs:line 64
at NeoDatis.Tool.IOUtil.DeleteFile(String fileName) in F:\olivier\NeoDatis\06-2009\NeoDatis\src\NeoDatis\Tool\IOUtil.cs:line 23
at NeoDatis.Odb.Test.ODBTest.DeleteBase(String baseName) in F:\olivier\NeoDatis\06-2009\NeoDatis\test\Neodatis\Odb\Test\ODBTest.cs:line 97
at NeoDatis.Odb.Test.Arraycollectionmap.TestMapContainingCollection.Test3() in F:\olivier\NeoDatis\06-2009\NeoDatis\test\Neodatis\Odb\Test\Arraycollectionmap\TestMapContainingCollection.cs:line 66
]]></stack-trace>
                                </failure>
                              </test-case>
                            </results>
                          </test-suite>
                        </results>
                      </test-suite>
                      <test-suite name="Buffer" success="True" time="0.000" asserts="0">
                        <results>
                          <test-suite name="TestBigData" success="True" time="0.000" asserts="0">
                            <results />
                          </test-suite>
                        </results>
                      </test-suite>
                      <test-suite name="Cache" success="False" time="0.691" asserts="0">
                        <results>
                          <test-suite name="TestCache" success="False" time="0.000" asserts="0">
                            <results>
                              <test-case name="NeoDatis.Odb.Test.Cache.TestCache.Test1" executed="True" success="False" time="0.000" asserts="1">
                                <failure>
                                  <message><![CDATA[  Expected: False
  But was:  True
]]></message>
                                  <stack-trace><![CDATA[at NeoDatis.Odb.Test.NeoDatisAssert.AssertFalse(Boolean condition) in F:\olivier\NeoDatis\06-2009\NeoDatis\test\Neodatis\Odb\Test\NeoDatisAssert.cs:line 44
at NeoDatis.Odb.Test.Cache.TestCache.Test1() in F:\olivier\NeoDatis\06-2009\NeoDatis\test\Neodatis\Odb\Test\Cache\TestCache.cs:line 36
]]></stack-trace>
                                </failure>
                              </test-case>
                              <test-case name="NeoDatis.Odb.Test.Cache.TestCache.Test2" executed="True" success="False" time="0.000" asserts="0">
                                <failure>
                                  <message><![CDATA[NeoDatis.Odb.ODBRuntimeException : 
NeoDatis has thrown an Exception, please help us filling a bug report at https://sourceforge.net/tracker/?func=add&group_id=179124&atid=887885 with the following error message
Version=1.9 , Build=566, Date=21-05-2009-18-01-30, Thread=TestRunnerThread
Error:1013:map.neodatis file is locked by the current Virtual machine - check if the database has not been opened in the current VM! : thread = TestRunnerThread - using multi thread ? True]]></message>
                                  <stack-trace><![CDATA[at NeoDatis.Odb.Impl.Core.Layers.Layer3.Buffer.MultiBufferedFileIO.Init(String fileName, Boolean canWrite) in F:\olivier\NeoDatis\06-2009\NeoDatis\src\NeoDatis\Odb\Impl\Core\Layers\Layer3\Buffer\MultiBufferedFileIO.cs:line 64
at NeoDatis.Odb.Impl.Core.Layers.Layer3.Buffer.MultiBufferedFileIO..ctor(Int32 nbBuffers, String name, String fileName, Boolean canWrite, Int32 bufferSize) in F:\olivier\NeoDatis\06-2009\NeoDatis\src\NeoDatis\Odb\Impl\Core\Layers\Layer3\Buffer\MultiBufferedFileIO.cs:line 24
at NeoDatis.Odb.Impl.DefaultCoreProvider.GetIO(String name, IBaseIdentification parameters, Int32 bufferSize) in F:\olivier\NeoDatis\06-2009\NeoDatis\src\NeoDatis\Odb\Impl\DefaultCoreProvider.cs:line 142
at NeoDatis.Odb.Core.Layers.Layer3.Engine.FileSystemInterface..ctor(String name, IBaseIdentification parameters, Boolean canLog, Int32 bufferSize) in F:\olivier\NeoDatis\06-2009\NeoDatis\src\NeoDatis\Odb\Core\Layers\Layer3\Engine\FileSystemInterface.cs:line 57
at NeoDatis.Odb.Impl.Core.Layers.Layer3.Engine.LocalFileSystemInterface..ctor(String name, ISession session, IBaseIdentification parameters, Boolean canLog, Int32 bufferSize) in F:\olivier\NeoDatis\06-2009\NeoDatis\src\NeoDatis\Odb\Impl\Core\Layers\Layer3\Engine\LocalFileSystemInterface.cs:line 14
at NeoDatis.Odb.Impl.Core.Layers.Layer3.Engine.LocalObjectWriter.BuildFSI() in F:\olivier\NeoDatis\06-2009\NeoDatis\src\NeoDatis\Odb\Impl\Core\Layers\Layer3\Engine\LocalObjectWriter.cs:line 21
at NeoDatis.Odb.Impl.Core.Layers.Layer3.Engine.AbstractObjectWriter.Init2() in F:\olivier\NeoDatis\06-2009\NeoDatis\src\NeoDatis\Odb\Impl\Core\Layers\Layer3\Engine\AbstractObjectWriter.cs:line 81
at NeoDatis.Odb.Core.Layers.Layer3.Engine.AbstractStorageEngine.Init() in F:\olivier\NeoDatis\06-2009\NeoDatis\src\NeoDatis\Odb\Core\Layers\Layer3\Engine\AbstractStorageEngine.cs:line 108
at NeoDatis.Odb.Core.Layers.Layer3.Engine.AbstractStorageEngine..ctor(IBaseIdentification parameters) in F:\olivier\NeoDatis\06-2009\NeoDatis\src\NeoDatis\Odb\Core\Layers\Layer3\Engine\AbstractStorageEngine.cs:line 88
at NeoDatis.Odb.Impl.Core.Layers.Layer3.Engine.LocalStorageEngine..ctor(IBaseIdentification parameters) in F:\olivier\NeoDatis\06-2009\NeoDatis\src\NeoDatis\Odb\Impl\Core\Layers\Layer3\Engine\LocalStorageEngine.cs:line 7
at NeoDatis.Odb.Impl.DefaultCoreProvider.GetClientStorageEngine(IBaseIdentification baseIdentification) in F:\olivier\NeoDatis\06-2009\NeoDatis\src\NeoDatis\Odb\Impl\DefaultCoreProvider.cs:line 64
at NeoDatis.Odb.Impl.Main.LocalODB..ctor(String fileName, String user, String password) in F:\olivier\NeoDatis\06-2009\NeoDatis\src\NeoDatis\Odb\Impl\Main\LocalODB.cs:line 24
at NeoDatis.Odb.Impl.Main.LocalODB.GetInstance(String fileName, String user, String password) in F:\olivier\NeoDatis\06-2009\NeoDatis\src\NeoDatis\Odb\Impl\Main\LocalODB.cs:line 16
at NeoDatis.Odb.ODBFactory.Open(String fileName, String user, String password) in F:\olivier\NeoDatis\06-2009\NeoDatis\src\NeoDatis\Odb\ODBFactory.cs:line 21
at NeoDatis.Odb.Test.ODBTest.Open(String fileName) in F:\olivier\NeoDatis\06-2009\NeoDatis\test\Neodatis\Odb\Test\ODBTest.cs:line 63
at NeoDatis.Odb.Test.Cache.TestCache.Test2() in F:\olivier\NeoDatis\06-2009\NeoDatis\test\Neodatis\Odb\Test\Cache\TestCache.cs:line 47
]]></stack-trace>
                                </failure>
                              </test-case>
                            </results>
                          </test-suite>
                          <test-suite name="TestHashCode" success="True" time="0.681" asserts="0">
                            <results>
                              <test-case name="NeoDatis.Odb.Test.Cache.TestHashCode.Test1" executed="True" success="True" time="0.340" asserts="2" />
                              <test-case name="NeoDatis.Odb.Test.Cache.TestHashCode.Test2" executed="True" success="True" time="0.340" asserts="2" />
                            </results>
                          </test-suite>
                          <test-suite name="TestInsertingObject" success="True" time="0.010" asserts="0">
                            <results>
                              <test-case name="NeoDatis.Odb.Test.Cache.TestInsertingObject.Test1" executed="True" success="True" time="0.000" asserts="6" />
                              <test-case name="NeoDatis.Odb.Test.Cache.TestInsertingObject.Test2" executed="True" success="True" time="0.010" asserts="12" />
                              <test-case name="NeoDatis.Odb.Test.Cache.TestInsertingObject.Test3" executed="True" success="True" time="0.000" asserts="6" />
                            </results>
                          </test-suite>
                        </results>
                      </test-suite>
                      <test-suite name="Commit" success="True" time="11.258" asserts="0">
                        <results>
                          <test-suite name="TestCommit" success="True" time="11.258" asserts="0">
                            <results>
                              <test-case name="NeoDatis.Odb.Test.Commit.TestCommit.TestInsertWithCommitsComplexObject" executed="True" success="True" time="9.125" asserts="3" />
                              <test-case name="NeoDatis.Odb.Test.Commit.TestCommit.TestInsertWithCommitsSimpleObject" executed="True" success="True" time="2.133" asserts="1" />
                            </results>
                          </test-suite>
                        </results>
                      </test-suite>
                      <test-suite name="Conversion" success="False" time="0.030" asserts="0">
                        <results>
                          <test-suite name="TestNumberConversion" success="False" time="0.030" asserts="0">
                            <results>
                              <test-case name="NeoDatis.Odb.Test.Conversion.TestNumberConversion.Test1" executed="True" success="False" time="0.020" asserts="0">
                                <failure>
                                  <message><![CDATA[System.ArgumentException : Object must be of type Int32.]]></message>
                                  <stack-trace><![CDATA[at System.Int32.CompareTo(Object value)
at NeoDatis.Odb.Impl.Core.Layers.Layer2.Meta.Compare.AttributeValueComparator.Compare(IComparable c1, IComparable c2) in F:\olivier\NeoDatis\06-2009\NeoDatis\src\NeoDatis\Odb\Impl\Core\Layers\Layer2\Meta\Compare\AttributeValueComparator.cs:line 12
at NeoDatis.Odb.Test.Conversion.TestNumberConversion.Test1() in F:\olivier\NeoDatis\06-2009\NeoDatis\test\Neodatis\Odb\Test\Conversion\TestNumberConversion.cs:line 11
]]></stack-trace>
                                </failure>
                              </test-case>
                            </results>
                          </test-suite>
                        </results>
                      </test-suite>
                      <test-suite name="Delete" success="False" time="116.044" asserts="0">
                        <results>
                          <test-suite name="TestDelete" success="False" time="116.004" asserts="0">
                            <results>
                              <test-case name="NeoDatis.Odb.Test.Delete.TestDelete.Test1" executed="True" success="True" time="0.010" asserts="1" />
                              <test-case name="NeoDatis.Odb.Test.Delete.TestDelete.Test10" executed="True" success="True" time="0.010" asserts="2" />
                              <test-case name="NeoDatis.Odb.Test.Delete.TestDelete.Test11" executed="True" success="True" time="0.010" asserts="1" />
                              <test-case name="NeoDatis.Odb.Test.Delete.TestDelete.Test12" executed="True" success="False" time="0.110" asserts="1">
                                <failure>
                                  <message><![CDATA[  Expected: 1
  But was:  2
]]></message>
                                  <stack-trace><![CDATA[at NeoDatis.Odb.Test.NeoDatisAssert.AssertEquals(Int32 expected, Int32 actual) in F:\olivier\NeoDatis\06-2009\NeoDatis\test\Neodatis\Odb\Test\NeoDatisAssert.cs:line 239
at NeoDatis.Odb.Test.Delete.TestDelete.Test12() in F:\olivier\NeoDatis\06-2009\NeoDatis\test\Neodatis\Odb\Test\Delete\TestDelete.cs:line 490
]]></stack-trace>
                                </failure>
                              </test-case>
                              <test-case name="NeoDatis.Odb.Test.Delete.TestDelete.Test13" executed="True" success="True" time="0.010" asserts="1" />
                              <test-case name="NeoDatis.Odb.Test.Delete.TestDelete.Test14" executed="True" success="True" time="0.010" asserts="7" />
                              <test-case name="NeoDatis.Odb.Test.Delete.TestDelete.Test15" executed="True" success="True" time="0.080" asserts="4" />
                              <test-case name="NeoDatis.Odb.Test.Delete.TestDelete.Test15_by_oid" executed="True" success="True" time="0.010" asserts="4" />
                              <test-case name="NeoDatis.Odb.Test.Delete.TestDelete.Test15_by_oid_2" executed="True" success="True" time="0.010" asserts="4" />
                              <test-case name="NeoDatis.Odb.Test.Delete.TestDelete.Test16" executed="True" success="True" time="3.535" asserts="4" />
                              <test-case name="NeoDatis.Odb.Test.Delete.TestDelete.Test17" executed="True" success="True" time="0.010" asserts="4" />
                              <test-case name="NeoDatis.Odb.Test.Delete.TestDelete.Test18" executed="True" success="True" time="0.080" asserts="4" />
                              <test-case name="NeoDatis.Odb.Test.Delete.TestDelete.Test19" executed="True" success="True" time="0.000" asserts="3" />
                              <test-case name="NeoDatis.Odb.Test.Delete.TestDelete.Test2" executed="True" success="True" time="0.010" asserts="3" />
                              <test-case name="NeoDatis.Odb.Test.Delete.TestDelete.Test20" executed="True" success="False" time="0.110" asserts="1">
                                <failure>
                                  <message><![CDATA[  Expected: 1
  But was:  2
]]></message>
                                  <stack-trace><![CDATA[at NeoDatis.Odb.Test.NeoDatisAssert.AssertEquals(Int32 expected, Int32 actual) in F:\olivier\NeoDatis\06-2009\NeoDatis\test\Neodatis\Odb\Test\NeoDatisAssert.cs:line 239
at NeoDatis.Odb.Test.Delete.TestDelete.Test20() in F:\olivier\NeoDatis\06-2009\NeoDatis\test\Neodatis\Odb\Test\Delete\TestDelete.cs:line 912
]]></stack-trace>
                                </failure>
                              </test-case>
                              <test-case name="NeoDatis.Odb.Test.Delete.TestDelete.Test21" executed="True" success="True" time="0.010" asserts="1" />
                              <test-case name="NeoDatis.Odb.Test.Delete.TestDelete.Test22Last_toCheckDuration" executed="True" success="True" time="0.000" asserts="0" />
                              <test-case name="NeoDatis.Odb.Test.Delete.TestDelete.Test3" executed="True" success="False" time="0.140" asserts="0">
                                <failure>
                                  <message><![CDATA[System.InvalidCastException : Unable to cast object of type 'NeoDatis.Odb.Impl.Core.Oid.OdbObjectOID' to type 'NeoDatis.Odb.Test.VO.Login.Function'.]]></message>
                                  <stack-trace><![CDATA[at NeoDatis.Odb.Impl.Core.Query.Criteria.CollectionQueryResultAction`1.ObjectMatch(OID oid, Object object, OdbComparable orderByKey) in F:\olivier\NeoDatis\06-2009\NeoDatis\src\NeoDatis\Odb\Impl\Core\Query\Criteria\CollectionQueryResultAction.cs:line 93
at NeoDatis.Odb.Core.Query.Execution.GenericQueryExecutor.ExecuteFullScan[T](Boolean inMemory, Int32 startIndex, Int32 endIndex, Boolean returnObjects, IMatchingObjectAction queryResultAction) in F:\olivier\NeoDatis\06-2009\NeoDatis\src\NeoDatis\Odb\Core\Query\Execution\GenericQueryExecutor.cs:line 287
at NeoDatis.Odb.Core.Query.Execution.GenericQueryExecutor.Execute[T](Boolean inMemory, Int32 startIndex, Int32 endIndex, Boolean returnObjects, IMatchingObjectAction queryResultAction) in F:\olivier\NeoDatis\06-2009\NeoDatis\src\NeoDatis\Odb\Core\Query\Execution\GenericQueryExecutor.cs:line 144
at NeoDatis.Odb.Impl.Core.Layers.Layer3.Engine.ObjectReader.GetObjects[T](IQuery query, Boolean inMemory, Int32 startIndex, Int32 endIndex) in F:\olivier\NeoDatis\06-2009\NeoDatis\src\NeoDatis\Odb\Impl\Core\Layers\Layer3\Engine\ObjectReader.cs:line 2194
at NeoDatis.Odb.Core.Layers.Layer3.Engine.AbstractStorageEngineReader.GetObjects[T](Type clazz, Boolean inMemory, Int32 startIndex, Int32 endIndex) in F:\olivier\NeoDatis\06-2009\NeoDatis\src\NeoDatis\Odb\Core\Layers\Layer3\Engine\AbstractStorageEngineReader.cs:line 254
at NeoDatis.Odb.Impl.Main.ODBAdapter.GetObjects[T](Boolean inMemory) in F:\olivier\NeoDatis\06-2009\NeoDatis\src\NeoDatis\Odb\Impl\Main\ODBAdapter.cs:line 52
at NeoDatis.Odb.Test.Delete.TestDelete.Test3() in F:\olivier\NeoDatis\06-2009\NeoDatis\test\Neodatis\Odb\Test\Delete\TestDelete.cs:line 131
]]></stack-trace>
                                </failure>
                              </test-case>
                              <test-case name="NeoDatis.Odb.Test.Delete.TestDelete.Test30" executed="True" success="True" time="0.060" asserts="1" />
                              <test-case name="NeoDatis.Odb.Test.Delete.TestDelete.Test4" executed="True" success="True" time="111.488" asserts="2000" />
                              <test-case name="NeoDatis.Odb.Test.Delete.TestDelete.Test5" executed="True" success="True" time="0.070" asserts="0" />
                              <test-case name="NeoDatis.Odb.Test.Delete.TestDelete.Test5_byOid" executed="True" success="True" time="0.060" asserts="0" />
                              <test-case name="NeoDatis.Odb.Test.Delete.TestDelete.Test5_deleteNullObject" executed="True" success="True" time="0.000" asserts="0" />
                              <test-case name="NeoDatis.Odb.Test.Delete.TestDelete.Test6" executed="True" success="True" time="0.010" asserts="0" />
                              <test-case name="NeoDatis.Odb.Test.Delete.TestDelete.Test7" executed="True" success="True" time="0.010" asserts="1" />
                              <test-case name="NeoDatis.Odb.Test.Delete.TestDelete.Test8" executed="True" success="True" time="0.010" asserts="1" />
                              <test-case name="NeoDatis.Odb.Test.Delete.TestDelete.Test9" executed="True" success="True" time="0.070" asserts="1" />
                            </results>
                          </test-suite>
                          <test-suite name="TestDelete2" success="False" time="0.030" asserts="0">
                            <results>
                              <test-case name="NeoDatis.Odb.Test.Delete.TestDelete2.TestDeleteListElements" executed="True" success="True" time="0.000" asserts="0" />
                              <test-case name="NeoDatis.Odb.Test.Delete.TestDelete2.TestDeleteListElements2" executed="True" success="False" time="0.030" asserts="3">
                                <failure>
                                  <message><![CDATA[System.IO.IOException : The process cannot access the file 'F:\olivier\NeoDatis\06-2009\NeoDatis\test\bin\Debug\my name633851670373133264.neodatis' because it is being used by another process.]]></message>
                                  <stack-trace><![CDATA[at System.IO.__Error.WinIOError(Int32 errorCode, String maybeFullPath)
at System.IO.File.Delete(String path)
at NeoDatis.Tool.Wrappers.IO.OdbFile.Delete() in F:\olivier\NeoDatis\06-2009\NeoDatis\src\NeoDatis\Tool\Wrappers\IO\OdbFile.cs:line 64
at NeoDatis.Tool.IOUtil.DeleteFile(String fileName) in F:\olivier\NeoDatis\06-2009\NeoDatis\src\NeoDatis\Tool\IOUtil.cs:line 23
at NeoDatis.Odb.Test.ODBTest.DeleteBase(String baseName) in F:\olivier\NeoDatis\06-2009\NeoDatis\test\Neodatis\Odb\Test\ODBTest.cs:line 97
at NeoDatis.Odb.Test.Delete.TestDelete2.TestDeleteListElements2() in F:\olivier\NeoDatis\06-2009\NeoDatis\test\Neodatis\Odb\Test\Delete\TestDelete2.cs:line 96
]]></stack-trace>
                                </failure>
                              </test-case>
                            </results>
                          </test-suite>
                        </results>
                      </test-suite>
                      <test-suite name="Encoding" success="False" time="0.000" asserts="0">
                        <results>
                          <test-suite name="TestEncoding" success="False" time="0.000" asserts="0">
                            <results>
                              <test-case name="NeoDatis.Odb.Test.Encoding.TestEncoding.Test1" executed="True" success="False" time="0.000" asserts="0">
                                <failure>
                                  <message><![CDATA[System.ArgumentException : 'ISO8859-5' is not a supported encoding name.
Parameter name: name]]></message>
                                  <stack-trace><![CDATA[at System.Globalization.EncodingTable.internalGetCodePageFromName(String name)
at System.Globalization.EncodingTable.GetCodePageFromName(String name)
at System.Text.Encoding.GetEncoding(String name)
at NeoDatis.Odb.Impl.Core.Layers.Layer3.Engine.DefaultByteArrayConverter.TestEncoding(String encoding) in F:\olivier\NeoDatis\06-2009\NeoDatis\src\NeoDatis\Odb\Impl\Core\Layers\Layer3\Engine\DefaultByteArrayConverter.cs:line 327
at NeoDatis.Odb.OdbConfiguration.SetDatabaseCharacterEncoding(String dbCharacterEncoding) in F:\olivier\NeoDatis\06-2009\NeoDatis\src\NeoDatis\Odb\OdbConfiguration.cs:line 630
at NeoDatis.Odb.Test.Encoding.TestEncoding.Test1() in F:\olivier\NeoDatis\06-2009\NeoDatis\test\Neodatis\Odb\Test\Encoding\TestEncoding.cs:line 16
]]></stack-trace>
                                </failure>
                              </test-case>
                              <test-case name="NeoDatis.Odb.Test.Encoding.TestEncoding.Test2_ClientServer" executed="True" success="False" time="0.000" asserts="0">
                                <failure>
                                  <message><![CDATA[System.ArgumentException : 'ISO8859-5' is not a supported encoding name.
Parameter name: name]]></message>
                                  <stack-trace><![CDATA[at System.Globalization.EncodingTable.internalGetCodePageFromName(String name)
at System.Globalization.EncodingTable.GetCodePageFromName(String name)
at System.Text.Encoding.GetEncoding(String name)
at NeoDatis.Odb.Impl.Core.Layers.Layer3.Engine.DefaultByteArrayConverter.TestEncoding(String encoding) in F:\olivier\NeoDatis\06-2009\NeoDatis\src\NeoDatis\Odb\Impl\Core\Layers\Layer3\Engine\DefaultByteArrayConverter.cs:line 327
at NeoDatis.Odb.OdbConfiguration.SetDatabaseCharacterEncoding(String dbCharacterEncoding) in F:\olivier\NeoDatis\06-2009\NeoDatis\src\NeoDatis\Odb\OdbConfiguration.cs:line 630
at NeoDatis.Odb.Test.Encoding.TestEncoding.Test2_ClientServer() in F:\olivier\NeoDatis\06-2009\NeoDatis\test\Neodatis\Odb\Test\Encoding\TestEncoding.cs:line 53
]]></stack-trace>
                                </failure>
                              </test-case>
                            </results>
                          </test-suite>
                        </results>
                      </test-suite>
                      <test-suite name="Error" success="True" time="0.000" asserts="0">
                        <results>
                          <test-suite name="TestError" success="True" time="0.000" asserts="0">
                            <results>
                              <test-case name="NeoDatis.Odb.Test.Error.TestError.Test2" executed="True" success="True" time="0.000" asserts="1" />
                              <test-case name="NeoDatis.Odb.Test.Error.TestError.Test3" executed="True" success="True" time="0.000" asserts="1" />
                              <test-case name="NeoDatis.Odb.Test.Error.TestError.Test4" executed="True" success="True" time="0.000" asserts="1" />
                              <test-case name="NeoDatis.Odb.Test.Error.TestError.TestDollarInParam" executed="True" success="True" time="0.000" asserts="1" />
                            </results>
                          </test-suite>
                        </results>
                      </test-suite>
                      <test-suite name="Inheritance" success="True" time="0.100" asserts="0">
                        <results>
                          <test-suite name="TestInheritance" success="True" time="0.100" asserts="0">
                            <results>
                              <test-case name="NeoDatis.Odb.Test.Inheritance.TestInheritance.TestInterface" executed="True" success="True" time="0.090" asserts="2" />
                              <test-case name="NeoDatis.Odb.Test.Inheritance.TestInheritance.TestSubClass" executed="True" success="True" time="0.010" asserts="2" />
                            </results>
                          </test-suite>
                        </results>
                      </test-suite>
                      <test-suite name="Insert" success="False" time="0.641" asserts="0">
                        <results>
                          <test-suite name="TestInsert" success="False" time="0.631" asserts="0">
                            <results>
                              <test-case name="NeoDatis.Odb.Test.Insert.TestInsert.Test1" executed="True" success="True" time="0.000" asserts="1" />
                              <test-case name="NeoDatis.Odb.Test.Insert.TestInsert.Test6" executed="True" success="True" time="0.010" asserts="2" />
                              <test-case name="NeoDatis.Odb.Test.Insert.TestInsert.Test7" executed="True" success="True" time="0.000" asserts="1" />
                              <test-case name="NeoDatis.Odb.Test.Insert.TestInsert.Test8" executed="True" success="False" time="0.150" asserts="3">
                                <failure>
                                  <message><![CDATA[  Expected: 0001-01-01 00:00:00.001
  But was:  0001-01-01 00:00:00.000
]]></message>
                                  <stack-trace><![CDATA[at NeoDatis.Odb.Test.NeoDatisAssert.AssertEquals(Object expected, Object actual) in F:\olivier\NeoDatis\06-2009\NeoDatis\test\Neodatis\Odb\Test\NeoDatisAssert.cs:line 78
at NeoDatis.Odb.Test.Insert.TestInsert.Test8() in F:\olivier\NeoDatis\06-2009\NeoDatis\test\Neodatis\Odb\Test\Insert\TestInsert.cs:line 429
]]></stack-trace>
                                </failure>
                              </test-case>
                              <test-case name="NeoDatis.Odb.Test.Insert.TestInsert.TestBufferSize" executed="True" success="False" time="0.060" asserts="1">
                                <failure>
                                  <message><![CDATA[System.NullReferenceException : Object reference not set to an instance of an object.]]></message>
                                  <stack-trace><![CDATA[at NeoDatis.Odb.Test.Insert.TestInsert.TestBufferSize() in F:\olivier\NeoDatis\06-2009\NeoDatis\test\Neodatis\Odb\Test\Insert\TestInsert.cs:line 279
]]></stack-trace>
                                </failure>
                              </test-case>
                              <test-case name="NeoDatis.Odb.Test.Insert.TestInsert.TestCompositeCollection1" executed="True" success="True" time="0.020" asserts="1" />
                              <test-case name="NeoDatis.Odb.Test.Insert.TestInsert.TestCompositeCollection2" executed="True" success="True" time="0.020" asserts="3" />
                              <test-case name="NeoDatis.Odb.Test.Insert.TestInsert.TestCompositeCollection2DifferentObjects" executed="True" success="True" time="0.080" asserts="3" />
                              <test-case name="NeoDatis.Odb.Test.Insert.TestInsert.TestCompositeCollection3" executed="True" success="False" time="0.080" asserts="0">
                                <failure>
                                  <message><![CDATA[System.FormatException : Index (zero based) must be greater than or equal to zero and less than the size of the argument list.]]></message>
                                  <stack-trace><![CDATA[at System.Text.StringBuilder.AppendFormat(IFormatProvider provider, String format, Object[] args)
at System.String.Format(IFormatProvider provider, String format, Object[] args)
at System.String.Format(String format, Object[] args)
at NeoDatis.Odb.ODBRuntimeException..ctor(Exception e, String message) in F:\olivier\NeoDatis\06-2009\NeoDatis\src\NeoDatis\Odb\ODBRuntimeException.cs:line 43
at NeoDatis.Odb.Impl.Core.Layers.Layer3.Engine.AbstractObjectWriter.UpdateNonNativeObjectInfo(NonNativeObjectInfo nnoi, Boolean forceUpdate) in F:\olivier\NeoDatis\06-2009\NeoDatis\src\NeoDatis\Odb\Impl\Core\Layers\Layer3\Engine\AbstractObjectWriter.cs:line 2244
at NeoDatis.Odb.Impl.Core.Layers.Layer3.Engine.AbstractObjectWriter.StoreObject(OID oid, NonNativeObjectInfo nnoi) in F:\olivier\NeoDatis\06-2009\NeoDatis\src\NeoDatis\Odb\Impl\Core\Layers\Layer3\Engine\AbstractObjectWriter.cs:line 1913
at NeoDatis.Odb.Impl.Core.Layers.Layer3.Engine.AbstractObjectWriter.WriteNonNativeObjectInfo(OID existingOid, NonNativeObjectInfo objectInfo, Int64 position, Boolean writeDataInTransaction, Boolean isNewObject) in F:\olivier\NeoDatis\06-2009\NeoDatis\src\NeoDatis\Odb\Impl\Core\Layers\Layer3\Engine\AbstractObjectWriter.cs:line 1188
at NeoDatis.Odb.Impl.Core.Layers.Layer3.Engine.AbstractObjectWriter.InsertNonNativeObject(OID oid, NonNativeObjectInfo nnoi, Boolean isNewObject) in F:\olivier\NeoDatis\06-2009\NeoDatis\src\NeoDatis\Odb\Impl\Core\Layers\Layer3\Engine\AbstractObjectWriter.cs:line 1827
at NeoDatis.Odb.Core.Layers.Layer3.Engine.AbstractStorageEngine.InternalStore(OID oid, Object o) in F:\olivier\NeoDatis\06-2009\NeoDatis\src\NeoDatis\Odb\Core\Layers\Layer3\Engine\AbstractStorageEngine.cs:line 426
at NeoDatis.Odb.Core.Layers.Layer3.Engine.AbstractStorageEngine.Store(OID oid, Object object) in F:\olivier\NeoDatis\06-2009\NeoDatis\src\NeoDatis\Odb\Core\Layers\Layer3\Engine\AbstractStorageEngine.cs:line 337
at NeoDatis.Odb.Core.Layers.Layer3.Engine.AbstractStorageEngine.Store(Object object) in F:\olivier\NeoDatis\06-2009\NeoDatis\src\NeoDatis\Odb\Core\Layers\Layer3\Engine\AbstractStorageEngine.cs:line 324
at NeoDatis.Odb.Impl.Main.ODBAdapter.Store(Object o) in F:\olivier\NeoDatis\06-2009\NeoDatis\src\NeoDatis\Odb\Impl\Main\ODBAdapter.cs:line 40
at NeoDatis.Odb.Test.Insert.TestInsert.TestCompositeCollection3() in F:\olivier\NeoDatis\06-2009\NeoDatis\test\Neodatis\Odb\Test\Insert\TestInsert.cs:line 171
]]></stack-trace>
                                </failure>
                              </test-case>
                              <test-case name="NeoDatis.Odb.Test.Insert.TestInsert.TestCompositeCollection4" executed="True" success="False" time="0.090" asserts="0">
                                <failure>
                                  <message><![CDATA[System.FormatException : Index (zero based) must be greater than or equal to zero and less than the size of the argument list.]]></message>
                                  <stack-trace><![CDATA[at System.Text.StringBuilder.AppendFormat(IFormatProvider provider, String format, Object[] args)
at System.String.Format(IFormatProvider provider, String format, Object[] args)
at System.String.Format(String format, Object[] args)
[...]
at NeoDatis.Odb.Impl.Core.Layers.Layer3.Engine.LocalObjectWriter.BuildFSI() in F:\olivier\NeoDatis\06-2009\NeoDatis\src\NeoDatis\Odb\Impl\Core\Layers\Layer3\Engine\LocalObjectWriter.cs:line 21
at NeoDatis.Odb.Impl.Core.Layers.Layer3.Engine.AbstractObjectWriter.Init2() in F:\olivier\NeoDatis\06-2009\NeoDatis\src\NeoDatis\Odb\Impl\Core\Layers\Layer3\Engine\AbstractObjectWriter.cs:line 81
at NeoDatis.Odb.Core.Layers.Layer3.Engine.AbstractStorageEngine.Init() in F:\olivier\NeoDatis\06-2009\NeoDatis\src\NeoDatis\Odb\Core\Layers\Layer3\Engine\AbstractStorageEngine.cs:line 108
at NeoDatis.Odb.Core.Layers.Layer3.Engine.AbstractStorageEngine..ctor(IBaseIdentification parameters) in F:\olivier\NeoDatis\06-2009\NeoDatis\src\NeoDatis\Odb\Core\Layers\Layer3\Engine\AbstractStorageEngine.cs:line 88
at NeoDatis.Odb.Impl.Core.Layers.Layer3.Engine.LocalStorageEngine..ctor(IBaseIdentification parameters) in F:\olivier\NeoDatis\06-2009\NeoDatis\src\NeoDatis\Odb\Impl\Core\Layers\Layer3\Engine\LocalStorageEngine.cs:line 7
at NeoDatis.Odb.Impl.DefaultCoreProvider.GetClientStorageEngine(IBaseIdentification baseIdentification) in F:\olivier\NeoDatis\06-2009\NeoDatis\src\NeoDatis\Odb\Impl\DefaultCoreProvider.cs:line 64
at NeoDatis.Odb.Impl.Main.LocalODB..ctor(String fileName, String user, String password) in F:\olivier\NeoDatis\06-2009\NeoDatis\src\NeoDatis\Odb\Impl\Main\LocalODB.cs:line 24
at NeoDatis.Odb.Impl.Main.LocalODB.GetInstance(String fileName, String user, String password) in F:\olivier\NeoDatis\06-2009\NeoDatis\src\NeoDatis\Odb\Impl\Main\LocalODB.cs:line 16
at NeoDatis.Odb.ODBFactory.Open(String fileName, String user, String password) in F:\olivier\NeoDatis\06-2009\NeoDatis\src\NeoDatis\Odb\ODBFactory.cs:line 21
at NeoDatis.Odb.Test.ODBTest.Open(String fileName) in F:\olivier\NeoDatis\06-2009\NeoDatis\test\Neodatis\Odb\Test\ODBTest.cs:line 63
at NeoDatis.Odb.Test.Update.TestUpdate.Test2() in F:\olivier\NeoDatis\06-2009\NeoDatis\test\Neodatis\Odb\Test\Update\TestUpdate.cs:line 68
]]></stack-trace>
                                </failure>
                              </test-case>
                              <test-case name="NeoDatis.Odb.Test.Update.TestUpdate.Test3" executed="True" success="False" time="0.010" asserts="0">
                                <failure>
                                  <message><![CDATA[NeoDatis.Odb.ODBRuntimeException : 
NeoDatis has thrown an Exception, please help us filling a bug report at https://sourceforge.net/tracker/?func=add&group_id=179124&atid=887885 with the following error message
Version=1.9 , Build=566, Date=21-05-2009-18-01-30, Thread=TestRunnerThread
Error:1013:map.neodatis file is locked by the current Virtual machine - check if the database has not been opened in the current VM! : thread = TestRunnerThread - using multi thread ? True]]></message>
                                  <stack-trace><![CDATA[at NeoDatis.Odb.Impl.Core.Layers.Layer3.Buffer.MultiBufferedFileIO.Init(String fileName, Boolean canWrite) in F:\olivier\NeoDatis\06-2009\NeoDatis\src\NeoDatis\Odb\Impl\Core\Layers\Layer3\Buffer\MultiBufferedFileIO.cs:line 64
at NeoDatis.Odb.Impl.Core.Layers.Layer3.Buffer.MultiBufferedFileIO..ctor(Int32 nbBuffers, String name, String fileName, Boolean canWrite, Int32 bufferSize) in F:\olivier\NeoDatis\06-2009\NeoDatis\src\NeoDatis\Odb\Impl\Core\Layers\Layer3\Buffer\MultiBufferedFileIO.cs:line 24
at NeoDatis.Odb.Impl.DefaultCoreProvider.GetIO(String name, IBaseIdentification parameters, Int32 bufferSize) in F:\olivier\NeoDatis\06-2009\NeoDatis\src\NeoDatis\Odb\Impl\DefaultCoreProvider.cs:line 142
at NeoDatis.Odb.Core.Layers.Layer3.Engine.FileSystemInterface..ctor(String name, IBaseIdentification parameters, Boolean canLog, Int32 bufferSize) in F:\olivier\NeoDatis\06-2009\NeoDatis\src\NeoDatis\Odb\Core\Layers\Layer3\Engine\FileSystemInterface.cs:line 57
at NeoDatis.Odb.Impl.Core.Layers.Layer3.Engine.LocalFileSystemInterface..ctor(String name, ISession session, IBaseIdentification parameters, Boolean canLog, Int32 bufferSize) in F:\olivier\NeoDatis\06-2009\NeoDatis\src\NeoDatis\Odb\Impl\Core\Layers\Layer3\Engine\LocalFileSystemInterface.cs:line 14
at NeoDatis.Odb.Impl.Core.Layers.Layer3.Engine.LocalObjectWriter.BuildFSI() in F:\olivier\NeoDatis\06-2009\NeoDatis\src\NeoDatis\Odb\Impl\Core\Layers\Layer3\Engine\LocalObjectWriter.cs:line 21
at NeoDatis.Odb.Impl.Core.Layers.Layer3.Engine.AbstractObjectWriter.Init2() in F:\olivier\NeoDatis\06-2009\NeoDatis\src\NeoDatis\Odb\Impl\Core\Layers\Layer3\Engine\AbstractObjectWriter.cs:line 81
at NeoDatis.Odb.Core.Layers.Layer3.Engine.AbstractStorageEngine.Init() in F:\olivier\NeoDatis\06-2009\NeoDatis\src\NeoDatis\Odb\Core\Layers\Layer3\Engine\AbstractStorageEngine.cs:line 108
at NeoDatis.Odb.Core.Layers.Layer3.Engine.AbstractStorageEngine..ctor(IBaseIdentification parameters) in F:\olivier\NeoDatis\06-2009\NeoDatis\src\NeoDatis\Odb\Core\Layers\Layer3\Engine\AbstractStorageEngine.cs:line 88
at NeoDatis.Odb.Impl.Core.Layers.Layer3.Engine.LocalStorageEngine..ctor(IBaseIdentification parameters) in F:\olivier\NeoDatis\06-2009\NeoDatis\src\NeoDatis\Odb\Impl\Core\Layers\Layer3\Engine\LocalStorageEngine.cs:line 7
at NeoDatis.Odb.Impl.DefaultCoreProvider.GetClientStorageEngine(IBaseIdentification baseIdentification) in F:\olivier\NeoDatis\06-2009\NeoDatis\src\NeoDatis\Odb\Impl\DefaultCoreProvider.cs:line 64
at NeoDatis.Odb.Impl.Main.LocalODB..ctor(String fileName, String user, String password) in F:\olivier\NeoDatis\06-2009\NeoDatis\src\NeoDatis\Odb\Impl\Main\LocalODB.cs:line 24
at NeoDatis.Odb.Impl.Main.LocalODB.GetInstance(String fileName, String user, String password) in F:\olivier\NeoDatis\06-2009\NeoDatis\src\NeoDatis\Odb\Impl\Main\LocalODB.cs:line 16
at NeoDatis.Odb.ODBFactory.Open(String fileName, String user, String password) in F:\olivier\NeoDatis\06-2009\NeoDatis\src\NeoDatis\Odb\ODBFactory.cs:line 21
at NeoDatis.Odb.Test.ODBTest.Open(String fileName) in F:\olivier\NeoDatis\06-2009\NeoDatis\test\Neodatis\Odb\Test\ODBTest.cs:line 63
at NeoDatis.Odb.Test.Update.TestUpdate.Test3() in F:\olivier\NeoDatis\06-2009\NeoDatis\test\Neodatis\Odb\Test\Update\TestUpdate.cs:line 119
]]></stack-trace>
                                </failure>
                              </test-case>
                              <test-case name="NeoDatis.Odb.Test.Update.TestUpdate.Test4" executed="True" success="False" time="0.000" asserts="0">
                                <failure>
                                  <message><![CDATA[System.IO.IOException : The process cannot access the file 'F:\olivier\NeoDatis\06-2009\NeoDatis\test\bin\Debug\update.neodatis' because it is being used by another process.]]></message>
                                  <stack-trace><![CDATA[at System.IO.__Error.WinIOError(Int32 errorCode, String maybeFullPath)
at System.IO.File.Delete(String path)
at NeoDatis.Tool.Wrappers.IO.OdbFile.Delete() in F:\olivier\NeoDatis\06-2009\NeoDatis\src\NeoDatis\Tool\Wrappers\IO\OdbFile.cs:line 64
at NeoDatis.Tool.IOUtil.DeleteFile(String fileName) in F:\olivier\NeoDatis\06-2009\NeoDatis\src\NeoDatis\Tool\IOUtil.cs:line 23
at NeoDatis.Odb.Test.ODBTest.DeleteBase(String baseName) in F:\olivier\NeoDatis\06-2009\NeoDatis\test\Neodatis\Odb\Test\ODBTest.cs:line 97
at NeoDatis.Odb.Test.Update.TestUpdate.Test4() in F:\olivier\NeoDatis\06-2009\NeoDatis\test\Neodatis\Odb\Test\Update\TestUpdate.cs:line 173
]]></stack-trace>
                                </failure>
                              </test-case>
                              <test-case name="NeoDatis.Odb.Test.Update.TestUpdate.Test5" executed="True" success="False" time="0.010" asserts="0">
                                <failure>
                                  <message><![CDATA[System.IO.IOException : The process cannot access the file 'F:\olivier\NeoDatis\06-2009\NeoDatis\test\bin\Debug\update.neodatis' because it is being used by another process.]]></message>
                                  <stack-trace><![CDATA[at System.IO.__Error.WinIOError(Int32 errorCode, String maybeFullPath)
at System.IO.File.Delete(String path)
at NeoDatis.Tool.Wrappers.IO.OdbFile.Delete() in F:\olivier\NeoDatis\06-2009\NeoDatis\src\NeoDatis\Tool\Wrappers\IO\OdbFile.cs:line 64
at NeoDatis.Tool.IOUtil.DeleteFile(String fileName) in F:\olivier\NeoDatis\06-2009\NeoDatis\src\NeoDatis\Tool\IOUtil.cs:line 23
at NeoDatis.Odb.Test.ODBTest.DeleteBase(String baseName) in F:\olivier\NeoDatis\06-2009\NeoDatis\test\Neodatis\Odb\Test\ODBTest.cs:line 97
at NeoDatis.Odb.Test.Update.TestUpdate.Test5() in F:\olivier\NeoDatis\06-2009\NeoDatis\test\Neodatis\Odb\Test\Update\TestUpdate.cs:line 219
]]></stack-trace>
                                </failure>
                              </test-case>
                              <test-case name="NeoDatis.Odb.Test.Update.TestUpdate.Test6" executed="True" success="False" time="0.000" asserts="0">
                                <failure>
                                  <message><![CDATA[System.IO.IOException : The process cannot access the file 'F:\olivier\NeoDatis\06-2009\NeoDatis\test\bin\Debug\update.neodatis' because it is being used by another process.]]></message>
                                  <stack-trace><![CDATA[at System.IO.__Error.WinIOError(Int32 errorCode, String maybeFullPath)
at System.IO.File.Delete(String path)
at NeoDatis.Tool.Wrappers.IO.OdbFile.Delete() in F:\olivier\NeoDatis\06-2009\NeoDatis\src\NeoDatis\Tool\Wrappers\IO\OdbFile.cs:line 64
at NeoDatis.Tool.IOUtil.DeleteFile(String fileName) in F:\olivier\NeoDatis\06-2009\NeoDatis\src\NeoDatis\Tool\IOUtil.cs:line 23
at NeoDatis.Odb.Test.ODBTest.DeleteBase(String baseName) in F:\olivier\NeoDatis\06-2009\NeoDatis\test\Neodatis\Odb\Test\ODBTest.cs:line 97
at NeoDatis.Odb.Test.Update.TestUpdate.Test6() in F:\olivier\NeoDatis\06-2009\NeoDatis\test\Neodatis\Odb\Test\Update\TestUpdate.cs:line 255
]]></stack-trace>
                                </failure>
                              </test-case>
                              <test-case name="NeoDatis.Odb.Test.Update.TestUpdate.Test7" executed="True" success="False" time="0.000" asserts="0">
                                <failure>
                                  <message><![CDATA[System.IO.IOException : The process cannot access the file 'F:\olivier\NeoDatis\06-2009\NeoDatis\test\bin\Debug\update.neodatis' because it is being used by another process.]]></message>
                                  <stack-trace><![CDATA[at System.IO.__Error.WinIOError(Int32 errorCode, String maybeFullPath)
at System.IO.File.Delete(String path)
at NeoDatis.Tool.Wrappers.IO.OdbFile.Delete() in F:\olivier\NeoDatis\06-2009\NeoDatis\src\NeoDatis\Tool\Wrappers\IO\OdbFile.cs:line 64
at NeoDatis.Tool.IOUtil.DeleteFile(String fileName) in F:\olivier\NeoDatis\06-2009\NeoDatis\src\NeoDatis\Tool\IOUtil.cs:line 23
at NeoDatis.Odb.Test.ODBTest.DeleteBase(String baseName) in F:\olivier\NeoDatis\06-2009\NeoDatis\test\Neodatis\Odb\Test\ODBTest.cs:line 97
at NeoDatis.Odb.Test.Update.TestUpdate.Test7() in F:\olivier\NeoDatis\06-2009\NeoDatis\test\Neodatis\Odb\Test\Update\TestUpdate.cs:line 289
]]></stack-trace>
                                </failure>
                              </test-case>
                              <test-case name="NeoDatis.Odb.Test.Update.TestUpdate.Test8" executed="True" success="False" time="0.000" asserts="0">
                                <failure>
                                  <message><![CDATA[System.IO.IOException : The process cannot access the file 'F:\olivier\NeoDatis\06-2009\NeoDatis\test\bin\Debug\update.neodatis' because it is being used by another process.]]></message>
                                  <stack-trace><![CDATA[at System.IO.__Error.WinIOError(Int32 errorCode, String maybeFullPath)
at System.IO.File.Delete(String path)
at NeoDatis.Tool.Wrappers.IO.OdbFile.Delete() in F:\olivier\NeoDatis\06-2009\NeoDatis\src\NeoDatis\Tool\Wrappers\IO\OdbFile.cs:line 64
at NeoDatis.Tool.IOUtil.DeleteFile(String fileName) in F:\olivier\NeoDatis\06-2009\NeoDatis\src\NeoDatis\Tool\IOUtil.cs:line 23
at NeoDatis.Odb.Test.ODBTest.DeleteBase(String baseName) in F:\olivier\NeoDatis\06-2009\NeoDatis\test\Neodatis\Odb\Test\ODBTest.cs:line 97
at NeoDatis.Odb.Test.Update.TestUpdate.Test8() in F:\olivier\NeoDatis\06-2009\NeoDatis\test\Neodatis\Odb\Test\Update\TestUpdate.cs:line 322
]]></stack-trace>
                                </failure>
                              </test-case>
                              <test-case name="NeoDatis.Odb.Test.Update.TestUpdate.TestDirectSave" executed="True" success="False" time="0.010" asserts="0">
                                <failure>
                                  <message><![CDATA[NeoDatis.Odb.ODBRuntimeException : 
NeoDatis has thrown an Exception, please help us filling a bug report at https://sourceforge.net/tracker/?func=add&group_id=179124&atid=887885 with the following error message
Version=1.9 , Build=566, Date=21-05-2009-18-01-30, Thread=TestRunnerThread
Error:235:Class NeoDatis.Odb.Test.VO.Login.Function does not exist in meta-model]]></message>
                                  <stack-trace><![CDATA[at NeoDatis.Odb.Core.Layers.Layer2.Meta.MetaModel.GetClassInfo(String fullClassName, Boolean throwExceptionIfDoesNotExist) in F:\olivier\NeoDatis\06-2009\NeoDatis\src\NeoDatis\Odb\Core\Layers\Layer2\Meta\MetaModel.cs:line 150
at NeoDatis.Odb.Test.Update.TestUpdate.TestDirectSave() in F:\olivier\NeoDatis\06-2009\NeoDatis\test\Neodatis\Odb\Test\Update\TestUpdate.cs:line 505
]]></stack-trace>
                                </failure>
                              </test-case>
                              <test-case name="NeoDatis.Odb.Test.Update.TestUpdate.TestUpdateObjectReference" executed="True" success="False" time="0.000" asserts="0">
                                <failure>
                                  <message><![CDATA[System.IO.IOException : The process cannot access the file 'F:\olivier\NeoDatis\06-2009\NeoDatis\test\bin\Debug\update.neodatis' because it is being used by another process.]]></message>
                                  <stack-trace><![CDATA[at System.IO.__Error.WinIOError(Int32 errorCode, String maybeFullPath)
at System.IO.File.Delete(String path)
at NeoDatis.Tool.Wrappers.IO.OdbFile.Delete() in F:\olivier\NeoDatis\06-2009\NeoDatis\src\NeoDatis\Tool\Wrappers\IO\OdbFile.cs:line 64
at NeoDatis.Tool.IOUtil.DeleteFile(String fileName) in F:\olivier\NeoDatis\06-2009\NeoDatis\src\NeoDatis\Tool\IOUtil.cs:line 23
at NeoDatis.Odb.Test.ODBTest.DeleteBase(String baseName) in F:\olivier\NeoDatis\06-2009\NeoDatis\test\Neodatis\Odb\Test\ODBTest.cs:line 97
at NeoDatis.Odb.Test.Update.TestUpdate.TestUpdateObjectReference() in F:\olivier\NeoDatis\06-2009\NeoDatis\test\Neodatis\Odb\Test\Update\TestUpdate.cs:line 355
]]></stack-trace>
                                </failure>
                              </test-case>
                              <test-case name="NeoDatis.Odb.Test.Update.TestUpdate.TestUpdateObjectReference2" executed="True" success="False" time="0.000" asserts="0">
                                <failure>
                                  <message><![CDATA[System.IO.IOException : The process cannot access the file 'F:\olivier\NeoDatis\06-2009\NeoDatis\test\bin\Debug\update.neodatis' because it is being used by another process.]]></message>
                                  <stack-trace><![CDATA[at System.IO.__Error.WinIOError(Int32 errorCode, String maybeFullPath)
at System.IO.File.Delete(String path)
at NeoDatis.Tool.Wrappers.IO.OdbFile.Delete() in F:\olivier\NeoDatis\06-2009\NeoDatis\src\NeoDatis\Tool\Wrappers\IO\OdbFile.cs:line 64
at NeoDatis.Tool.IOUtil.DeleteFile(String fileName) in F:\olivier\NeoDatis\06-2009\NeoDatis\src\NeoDatis\Tool\IOUtil.cs:line 23
at NeoDatis.Odb.Test.ODBTest.DeleteBase(String baseName) in F:\olivier\NeoDatis\06-2009\NeoDatis\test\Neodatis\Odb\Test\ODBTest.cs:line 97
at NeoDatis.Odb.Test.Update.TestUpdate.TestUpdateObjectReference2() in F:\olivier\NeoDatis\06-2009\NeoDatis\test\Neodatis\Odb\Test\Update\TestUpdate.cs:line 387
]]></stack-trace>
                                </failure>
                              </test-case>
                              <test-case name="NeoDatis.Odb.Test.Update.TestUpdate.TestUpdateObjectReference3" executed="True" success="False" time="0.010" asserts="0">
                                <failure>
                                  <message><![CDATA[System.IO.IOException : The process cannot access the file 'F:\olivier\NeoDatis\06-2009\NeoDatis\test\bin\Debug\update.neodatis' because it is being used by another process.]]></message>
                                  <stack-trace><![CDATA[at System.IO.__Error.WinIOError(Int32 errorCode, String maybeFullPath)
at System.IO.File.Delete(String path)
at NeoDatis.Tool.Wrappers.IO.OdbFile.Delete() in F:\olivier\NeoDatis\06-2009\NeoDatis\src\NeoDatis\Tool\Wrappers\IO\OdbFile.cs:line 64
at NeoDatis.Tool.IOUtil.DeleteFile(String fileName) in F:\olivier\NeoDatis\06-2009\NeoDatis\src\NeoDatis\Tool\IOUtil.cs:line 23
at NeoDatis.Odb.Test.ODBTest.DeleteBase(String baseName) in F:\olivier\NeoDatis\06-2009\NeoDatis\test\Neodatis\Odb\Test\ODBTest.cs:line 97
at NeoDatis.Odb.Test.Update.TestUpdate.TestUpdateObjectReference3() in F:\olivier\NeoDatis\06-2009\NeoDatis\test\Neodatis\Odb\Test\Update\TestUpdate.cs:line 423
]]></stack-trace>
                                </failure>
                              </test-case>
                              <test-case name="NeoDatis.Odb.Test.Update.TestUpdate.TestUpdateObjectReference4" executed="True" success="False" time="0.000" asserts="0">
                                <failure>
                                  <message><![CDATA[System.IO.IOException : The process cannot access the file 'F:\olivier\NeoDatis\06-2009\NeoDatis\test\bin\Debug\update.neodatis' because it is being used by another process.]]></message>
                                  <stack-trace><![CDATA[at System.IO.__Error.WinIOError(Int32 errorCode, String maybeFullPath)
at System.IO.File.Delete(String path)
at NeoDatis.Tool.Wrappers.IO.OdbFile.Delete() in F:\olivier\NeoDatis\06-2009\NeoDatis\src\NeoDatis\Tool\Wrappers\IO\OdbFile.cs:line 64
at NeoDatis.Tool.IOUtil.DeleteFile(String fileName) in F:\olivier\NeoDatis\06-2009\NeoDatis\src\NeoDatis\Tool\IOUtil.cs:line 23
at NeoDatis.Odb.Test.ODBTest.DeleteBase(String baseName) in F:\olivier\NeoDatis\06-2009\NeoDatis\test\Neodatis\Odb\Test\ODBTest.cs:line 97
at NeoDatis.Odb.Test.Update.TestUpdate.TestUpdateObjectReference4() in F:\olivier\NeoDatis\06-2009\NeoDatis\test\Neodatis\Odb\Test\Update\TestUpdate.cs:line 456
]]></stack-trace>
                                </failure>
                              </test-case>
                              <test-case name="NeoDatis.Odb.Test.Update.TestUpdate.TestUpdateRelation" executed="True" success="True" time="0.010" asserts="2" />
                            </results>
                          </test-suite>
                        </results>
                      </test-suite>
                      <test-suite name="VO" success="True" time="0.000" asserts="0">
                        <results>
                          <test-suite name="Attribute" success="True" time="0.000" asserts="0">
                            <results>
                              <test-suite name="TestClass" success="True" time="0.000" asserts="0">
                                <results />
                              </test-suite>
                            </results>
                          </test-suite>
                        </results>
                      </test-suite>
                    </results>
                  </test-suite>
                </results>
              </test-suite>
            </results>
          </test-suite>
        </results>
      </test-suite>
    </results>
  </test-suite>
</test-results>