<?xml version="1.0" encoding="utf-8" standalone="no"?>
<!--This file represents the results of running a test suite-->
<test-results name="F:\olivier\NeoDatis\06-2009\NeoDatis\test\NeoDatisNunitProject.nunit" total="322" errors="35" failures="17" not-run="1" inconclusive="0" ignored="0" skipped="0" invalid="1" date="2009-08-20" time="00:08:35">
  <environment nunit-version="2.5.1.9189" clr-version="2.0.50727.1433" os-version="Microsoft Windows NT 5.1.2600 Service Pack 2" platform="Win32NT" cwd="C:\Arquivos de programas\NUnit 2.5.1\bin\net-2.0" machine-name="ORAXP" user="olivier" user-domain="ORAXP" />
  <culture-info current-culture="pt-BR" current-uiculture="pt-BR" />
  <test-suite name="F:\olivier\NeoDatis\06-2009\NeoDatis\test\NeoDatisNunitProject.nunit" executed="True" success="False" time="221.849" asserts="0">
    <results>
      <test-suite name="F:\olivier\NeoDatis\06-2009\NeoDatis\test\bin\Debug\NeoDatisUnitTest.dll" executed="True" success="False" time="221.849" asserts="0">
        <results>
          <test-suite name="NeoDatis" executed="True" success="False" time="221.849" asserts="0">
            <results>
              <test-suite name="Odb" executed="True" success="False" time="221.849" asserts="0">
                <results>
                  <test-suite name="Test" executed="True" success="False" time="221.849" asserts="0">
                    <results>
                      <test-suite name="Acid" executed="True" success="True" time="0.030" asserts="0">
                        <results>
                          <test-suite name="TestConsistency" executed="True" success="True" time="0.030" asserts="0">
                            <results>
                              <test-case name="NeoDatis.Odb.Test.Acid.TestConsistency.Test1" executed="True" success="True" time="0.010" asserts="1" />
                            </results>
                          </test-suite>
                          <test-suite name="TestStopEngineWithoutCommit" executed="True" success="True" time="0.000" asserts="0">
                            <results>
                              <test-case name="NeoDatis.Odb.Test.Acid.TestStopEngineWithoutCommit.Test1" executed="True" success="True" time="0.000" asserts="0" />
                            </results>
                          </test-suite>
                        </results>
                      </test-suite>
                      <test-suite name="Arraycollectionmap" executed="True" success="False" time="31.245" asserts="0">
                        <results>
                          <test-suite name="TestArray" executed="True" success="False" time="0.521" asserts="0">
                            <results>
                              <test-case name="NeoDatis.Odb.Test.Arraycollectionmap.TestArray.TestArray1" executed="True" success="True" time="0.290" asserts="2" />
                              <test-case name="NeoDatis.Odb.Test.Arraycollectionmap.TestArray.TestArray2" executed="True" success="True" time="0.010" asserts="51" />
                              <test-case name="NeoDatis.Odb.Test.Arraycollectionmap.TestArray.TestArray3" executed="True" success="True" time="0.020" asserts="51" />
                              <test-case name="NeoDatis.Odb.Test.Arraycollectionmap.TestArray.TestArray4" executed="True" success="True" time="0.010" asserts="51" />
                              <test-case name="NeoDatis.Odb.Test.Arraycollectionmap.TestArray.TestArray5" executed="True" success="True" time="0.030" asserts="4" />
                              <test-case name="NeoDatis.Odb.Test.Arraycollectionmap.TestArray.TestArray6" executed="True" success="True" time="0.000" asserts="2" />
                              <test-case name="NeoDatis.Odb.Test.Arraycollectionmap.TestArray.TestArray61" executed="True" success="True" time="0.010" asserts="2" />
                              <test-case name="NeoDatis.Odb.Test.Arraycollectionmap.TestArray.TestArray6UpdateIncreasingArraySize" executed="True" success="True" time="0.010" asserts="3" />
                              <test-case name="NeoDatis.Odb.Test.Arraycollectionmap.TestArray.TestArrayOfDate" executed="True" success="False" time="0.050" asserts="0">
                                <failure>
                                  <message><![CDATA[System.IO.IOException : The process cannot access the file 'F:\olivier\NeoDatis\06-2009\NeoDatis\test\bin\Debug\array1.neodatis' because it is being used by another process.]]></message>
                                  <stack-trace><![CDATA[at System.IO.__Error.WinIOError(Int32 errorCode, String maybeFullPath)
at System.IO.File.Delete(String path)
at NeoDatis.Tool.Wrappers.IO.OdbFile.Delete() in F:\olivier\NeoDatis\06-2009\NeoDatis\src\NeoDatis\Tool\Wrappers\IO\OdbFile.cs:line 64
at NeoDatis.Tool.IOUtil.DeleteFile(String fileName) in F:\olivier\NeoDatis\06-2009\NeoDatis\src\NeoDatis\Tool\IOUtil.cs:line 23
at NeoDatis.Odb.Test.ODBTest.DeleteBase(String baseName) in F:\olivier\NeoDatis\06-2009\NeoDatis\test\Neodatis\Odb\Test\ODBTest.cs:line 97
at NeoDatis.Odb.Test.Arraycollectionmap.TestArray.TestArrayOfDate() in F:\olivier\NeoDatis\06-2009\NeoDatis\test\Neodatis\Odb\Test\Arraycollectionmap\TestArray.cs:line 286
]]></stack-trace>
                                </failure>
                              </test-case>
                              <test-case name="NeoDatis.Odb.Test.Arraycollectionmap.TestArray.TestArrayQuery" executed="True" success="False" time="0.000" asserts="0">
                                <failure>
                                  <message><![CDATA[System.IO.IOException : The process cannot access the file 'F:\olivier\NeoDatis\06-2009\NeoDatis\test\bin\Debug\array1.neodatis' because it is being used by another process.]]></message>
                                  <stack-trace><![CDATA[at System.IO.__Error.WinIOError(Int32 errorCode, String maybeFullPath)
at System.IO.File.Delete(String path)
at NeoDatis.Tool.Wrappers.IO.OdbFile.Delete() in F:\olivier\NeoDatis\06-2009\NeoDatis\src\NeoDatis\Tool\Wrappers\IO\OdbFile.cs:line 64
at NeoDatis.Tool.IOUtil.DeleteFile(String fileName) in F:\olivier\NeoDatis\06-2009\NeoDatis\src\NeoDatis\Tool\IOUtil.cs:line 23
at NeoDatis.Odb.Test.ODBTest.DeleteBase(String baseName) in F:\olivier\NeoDatis\06-2009\NeoDatis\test\Neodatis\Odb\Test\ODBTest.cs:line 97
at NeoDatis.Odb.Test.Arraycollectionmap.TestArray.TestArrayQuery() in F:\olivier\NeoDatis\06-2009\NeoDatis\test\Neodatis\Odb\Test\Arraycollectionmap\TestArray.cs:line 189
]]></stack-trace>
                                </failure>
                              </test-case>
                              <test-case name="NeoDatis.Odb.Test.Arraycollectionmap.TestArray.TestArrayUpdateDecreasingArraySize" executed="True" success="False" time="0.000" asserts="0">
                                <failure>
                                  <message><![CDATA[System.IO.IOException : The process cannot access the file 'F:\olivier\NeoDatis\06-2009\NeoDatis\test\bin\Debug\array1.neodatis' because it is being used by another process.]]></message>
                                  <stack-trace><![CDATA[at System.IO.__Error.WinIOError(Int32 errorCode, String maybeFullPath)
at System.IO.File.Delete(String path)
at NeoDatis.Tool.Wrappers.IO.OdbFile.Delete() in F:\olivier\NeoDatis\06-2009\NeoDatis\src\NeoDatis\Tool\Wrappers\IO\OdbFile.cs:line 64
at NeoDatis.Tool.IOUtil.DeleteFile(String fileName) in F:\olivier\NeoDatis\06-2009\NeoDatis\src\NeoDatis\Tool\IOUtil.cs:line 23
at NeoDatis.Odb.Test.ODBTest.DeleteBase(String baseName) in F:\olivier\NeoDatis\06-2009\NeoDatis\test\Neodatis\Odb\Test\ODBTest.cs:line 97
at NeoDatis.Odb.Test.Arraycollectionmap.TestArray.TestArrayUpdateDecreasingArraySize() in F:\olivier\NeoDatis\06-2009\NeoDatis\test\Neodatis\Odb\Test\Arraycollectionmap\TestArray.cs:line 576
]]></stack-trace>
                                </failure>
                              </test-case>
                            </results>
                          </test-suite>
                          <test-suite name="TestList" executed="True" success="True" time="30.414" asserts="0">
                            <results>
                              <test-case name="NeoDatis.Odb.Test.Arraycollectionmap.TestList.TestBigList" executed="True" success="True" time="1.232" asserts="1" />
                              <test-case name="NeoDatis.Odb.Test.Arraycollectionmap.TestList.TestCollectionWithContain" executed="True" success="True" time="0.020" asserts="1" />
                              <test-case name="NeoDatis.Odb.Test.Arraycollectionmap.TestList.TestDeletingOneElementOfTheList" executed="True" success="True" time="0.000" asserts="0" />
                              <test-case name="NeoDatis.Odb.Test.Arraycollectionmap.TestList.TestList1" executed="True" success="True" time="0.030" asserts="2" />
                              <test-case name="NeoDatis.Odb.Test.Arraycollectionmap.TestList.TestList1WithNull" executed="True" success="True" time="0.020" asserts="2" />
                              <test-case name="NeoDatis.Odb.Test.Arraycollectionmap.TestList.TestList2" executed="True" success="True" time="0.000" asserts="1" />
                              <test-case name="NeoDatis.Odb.Test.Arraycollectionmap.TestList.TestList3" executed="True" success="True" time="0.010" asserts="1" />
                              <test-case name="NeoDatis.Odb.Test.Arraycollectionmap.TestList.TestList4Update" executed="True" success="True" time="0.010" asserts="3" />
                              <test-case name="NeoDatis.Odb.Test.Arraycollectionmap.TestList.TestList4Update2" executed="True" success="True" time="0.010" asserts="6" />
                              <test-case name="NeoDatis.Odb.Test.Arraycollectionmap.TestList.TestList4Update3" executed="True" success="True" time="0.010" asserts="3" />
                              <test-case name="NeoDatis.Odb.Test.Arraycollectionmap.TestList.TestList4Update4" executed="True" success="True" time="1.372" asserts="3" />
                              <test-case name="NeoDatis.Odb.Test.Arraycollectionmap.TestList.TestList4Update4Middle" executed="True" success="True" time="1.462" asserts="3" />
                              <test-case name="NeoDatis.Odb.Test.Arraycollectionmap.TestList.TestList4Update4Middle2" executed="True" success="True" time="18.727" asserts="2" />
                              <test-case name="NeoDatis.Odb.Test.Arraycollectionmap.TestList.TestList4Update5" executed="True" success="True" time="7.511" asserts="2" />
                            </results>
                          </test-suite>
                          <test-suite name="TestMap" executed="True" success="True" time="0.160" asserts="0">
                            <results>
                              <test-case name="NeoDatis.Odb.Test.Arraycollectionmap.TestMap.Test1" executed="True" success="True" time="0.030" asserts="1" />
                              <test-case name="NeoDatis.Odb.Test.Arraycollectionmap.TestMap.Test2" executed="True" success="True" time="0.010" asserts="1" />
                              <test-case name="NeoDatis.Odb.Test.Arraycollectionmap.TestMap.Test3" executed="True" success="True" time="0.010" asserts="2" />
                              <test-case name="NeoDatis.Odb.Test.Arraycollectionmap.TestMap.Test4" executed="True" success="True" time="0.020" asserts="2" />
                              <test-case name="NeoDatis.Odb.Test.Arraycollectionmap.TestMap.Test5updateIncreasingSize" executed="True" success="True" time="0.010" asserts="4" />
                              <test-case name="NeoDatis.Odb.Test.Arraycollectionmap.TestMap.Test6updateChangingKeyValue" executed="True" success="True" time="0.010" asserts="2" />
                              <test-case name="NeoDatis.Odb.Test.Arraycollectionmap.TestMap.Test6updateDecreasingSize" executed="True" success="True" time="0.010" asserts="2" />
                              <test-case name="NeoDatis.Odb.Test.Arraycollectionmap.TestMap.TestNonGenericMap" executed="True" success="True" time="0.030" asserts="5" />
                            </results>
                          </test-suite>
                          <test-suite name="TestMapContainingCollection" executed="True" success="False" time="0.150" asserts="0">
                            <results>
                              <test-case name="NeoDatis.Odb.Test.Arraycollectionmap.TestMapContainingCollection.Test1" executed="True" success="True" time="0.010" asserts="3" />
                              <test-case name="NeoDatis.Odb.Test.Arraycollectionmap.TestMapContainingCollection.Test2" executed="True" success="False" time="0.110" asserts="3">
                                <failure>
                                  <message><![CDATA[System.InvalidOperationException : Enumeration has either not started or has already finished.]]></message>
                                  <stack-trace><![CDATA[at System.ThrowHelper.ThrowInvalidOperationException(ExceptionResource resource)
at System.Collections.Generic.List`1.Enumerator.System.Collections.IEnumerator.get_Current()
at NeoDatis.Odb.Test.Arraycollectionmap.TestMapContainingCollection.Test2() in F:\olivier\NeoDatis\06-2009\NeoDatis\test\Neodatis\Odb\Test\Arraycollectionmap\TestMapContainingCollection.cs:line 58
]]></stack-trace>
                                </failure>
                              </test-case>
                              <test-case name="NeoDatis.Odb.Test.Arraycollectionmap.TestMapContainingCollection.Test3" executed="True" success="False" time="0.030" asserts="2">
                                <failure>
                                  <message><![CDATA[System.InvalidOperationException : Enumeration has either not started or has already finished.]]></message>
                                  <stack-trace><![CDATA[at System.ThrowHelper.ThrowInvalidOperationException(ExceptionResource resource)
at System.Collections.Generic.List`1.Enumerator.System.Collections.IEnumerator.get_Current()
at NeoDatis.Odb.Test.Arraycollectionmap.TestMapContainingCollection.Test3() in F:\olivier\NeoDatis\06-2009\NeoDatis\test\Neodatis\Odb\Test\Arraycollectionmap\TestMapContainingCollection.cs:line 91
]]></stack-trace>
                                </failure>
                              </test-case>
                            </results>
                          </test-suite>
                        </results>
                      </test-suite>
                      <test-suite name="Buffer" executed="True" success="False" time="0.000" asserts="0">
                        <results>
                          <test-suite name="TestBigData" executed="False">
                            <reason>
                              <message><![CDATA[TestBigData does not have any tests]]></message>
                            </reason>
                          </test-suite>
                        </results>
                      </test-suite>
                      <test-suite name="Cache" executed="True" success="False" time="0.621" asserts="0">
                        <results>
                          <test-suite name="TestCache" executed="True" success="False" time="0.110" asserts="0">
                            <results>
                              <test-case name="NeoDatis.Odb.Test.Cache.TestCache.Test1" executed="True" success="False" time="0.050" asserts="1">
                                <failure>
                                  <message><![CDATA[  Expected: False
  But was:  True
]]></message>
                                  <stack-trace><![CDATA[at NeoDatis.Odb.Test.NeoDatisAssert.AssertFalse(Boolean condition) in F:\olivier\NeoDatis\06-2009\NeoDatis\test\Neodatis\Odb\Test\NeoDatisAssert.cs:line 44
at NeoDatis.Odb.Test.Cache.TestCache.Test1() in F:\olivier\NeoDatis\06-2009\NeoDatis\test\Neodatis\Odb\Test\Cache\TestCache.cs:line 36
]]></stack-trace>
                                </failure>
                              </test-case>
                              <test-case name="NeoDatis.Odb.Test.Cache.TestCache.Test2" executed="True" success="False" time="0.060" asserts="0">
                                <failure>
                                  <message><![CDATA[NeoDatis.Odb.ODBRuntimeException : 
NeoDatis has thrown an Exception, please help us filling a bug report at https://sourceforge.net/tracker/?func=add&group_id=179124&atid=887885 with the following error message
Version=1.9 , Build=566, Date=21-05-2009-18-01-30, Thread=TestRunnerThread
Error:1013:cache.neodatis file is locked by the current Virtual machine - check if the database has not been opened in the current VM! : thread = TestRunnerThread - using multi thread ? True]]></message>
                                  <stack-trace><![CDATA[at NeoDatis.Odb.Impl.Core.Layers.Layer3.Buffer.MultiBufferedFileIO.Init(String fileName, Boolean canWrite) in F:\olivier\NeoDatis\06-2009\NeoDatis\src\NeoDatis\Odb\Impl\Core\Layers\Layer3\Buffer\MultiBufferedFileIO.cs:line 64
at NeoDatis.Odb.Impl.Core.Layers.Layer3.Buffer.MultiBufferedFileIO..ctor(Int32 nbBuffers, String name, String fileName, Boolean canWrite, Int32 bufferSize) in F:\olivier\NeoDatis\06-2009\NeoDatis\src\NeoDatis\Odb\Impl\Core\Layers\Layer3\Buffer\MultiBufferedFileIO.cs:line 24
at NeoDatis.Odb.Impl.DefaultCoreProvider.GetIO(String name, IBaseIdentification parameters, Int32 bufferSize) in F:\olivier\NeoDatis\06-2009\NeoDatis\src\NeoDatis\Odb\Impl\DefaultCoreProvider.cs:line 145
at NeoDatis.Odb.Core.Layers.Layer3.Engine.FileSystemInterface..ctor(String name, IBaseIdentification parameters, Boolean canLog, Int32 bufferSize) in F:\olivier\NeoDatis\06-2009\NeoDatis\src\NeoDatis\Odb\Core\Layers\Layer3\Engine\FileSystemInterface.cs:line 57
at NeoDatis.Odb.Impl.Core.Layers.Layer3.Engine.LocalFileSystemInterface..ctor(String name, ISession session, IBaseIdentification parameters, Boolean canLog, Int32 bufferSize) in F:\olivier\NeoDatis\06-2009\NeoDatis\src\NeoDatis\Odb\Impl\Core\Layers\Layer3\Engine\LocalFileSystemInterface.cs:line 14
at NeoDatis.Odb.Impl.Core.Layers.Layer3.Engine.LocalObjectWriter.BuildFSI() in F:\olivier\NeoDatis\06-2009\NeoDatis\src\NeoDatis\Odb\Impl\Core\Layers\Layer3\Engine\LocalObjectWriter.cs:line 21
at NeoDatis.Odb.Impl.Core.Layers.Layer3.Engine.AbstractObjectWriter.Init2() in F:\olivier\NeoDatis\06-2009\NeoDatis\src\NeoDatis\Odb\Impl\Core\Layers\Layer3\Engine\AbstractObjectWriter.cs:line 81
at NeoDatis.Odb.Core.Layers.Layer3.Engine.AbstractStorageEngine.Init() in F:\olivier\NeoDatis\06-2009\NeoDatis\src\NeoDatis\Odb\Core\Layers\Layer3\Engine\AbstractStorageEngine.cs:line 108
at NeoDatis.Odb.Core.Layers.Layer3.Engine.AbstractStorageEngine..ctor(IBaseIdentification parameters) in F:\olivier\NeoDatis\06-2009\NeoDatis\src\NeoDatis\Odb\Core\Layers\Layer3\Engine\AbstractStorageEngine.cs:line 89
at NeoDatis.Odb.Impl.Core.Layers.Layer3.Engine.LocalStorageEngine..ctor(IBaseIdentification parameters) in F:\olivier\NeoDatis\06-2009\NeoDatis\src\NeoDatis\Odb\Impl\Core\Layers\Layer3\Engine\LocalStorageEngine.cs:line 7
at NeoDatis.Odb.Impl.DefaultCoreProvider.GetClientStorageEngine(IBaseIdentification baseIdentification) in F:\olivier\NeoDatis\06-2009\NeoDatis\src\NeoDatis\Odb\Impl\DefaultCoreProvider.cs:line 67
at NeoDatis.Odb.Impl.Main.LocalODB..ctor(String fileName, String user, String password) in F:\olivier\NeoDatis\06-2009\NeoDatis\src\NeoDatis\Odb\Impl\Main\LocalODB.cs:line 24
at NeoDatis.Odb.Impl.Main.LocalODB.GetInstance(String fileName, String user, String password) in F:\olivier\NeoDatis\06-2009\NeoDatis\src\NeoDatis\Odb\Impl\Main\LocalODB.cs:line 16
at NeoDatis.Odb.ODBFactory.Open(String fileName, String user, String password) in F:\olivier\NeoDatis\06-2009\NeoDatis\src\NeoDatis\Odb\ODBFactory.cs:line 21
at NeoDatis.Odb.Test.ODBTest.Open(String fileName) in F:\olivier\NeoDatis\06-2009\NeoDatis\test\Neodatis\Odb\Test\ODBTest.cs:line 63
at NeoDatis.Odb.Test.Cache.TestCache.Test2() in F:\olivier\NeoDatis\06-2009\NeoDatis\test\Neodatis\Odb\Test\Cache\TestCache.cs:line 47
]]></stack-trace>
                                </failure>
                              </test-case>
                            </results>
                          </test-suite>
                          <test-suite name="TestHashCode" executed="True" success="True" time="0.481" asserts="0">
                            <results>
                              <test-case name="NeoDatis.Odb.Test.Cache.TestHashCode.Test1" executed="True" success="True" time="0.250" asserts="2" />
                              <test-case name="NeoDatis.Odb.Test.Cache.TestHashCode.Test2" executed="True" success="True" time="0.220" asserts="2" />
                            </results>
                          </test-suite>
                          <test-suite name="TestInsertingObject" executed="True" success="True" time="0.010" asserts="0">
                            <results>
                              <test-case name="NeoDatis.Odb.Test.Cache.TestInsertingObject.Test1" executed="True" success="True" time="0.000" asserts="6" />
                              <test-case name="NeoDatis.Odb.Test.Cache.TestInsertingObject.Test2" executed="True" success="True" time="0.010" asserts="12" />
                              <test-case name="NeoDatis.Odb.Test.Cache.TestInsertingObject.Test3" executed="True" success="True" time="0.000" asserts="6" />
                            </results>
                          </test-suite>
                        </results>
                      </test-suite>
                      <test-suite name="Commit" executed="True" success="True" time="3.795" asserts="0">
                        <results>
                          <test-suite name="TestCommit" executed="True" success="True" time="3.795" asserts="0">
                            <results>
                              <test-case name="NeoDatis.Odb.Test.Commit.TestCommit.TestInsertWithCommitsComplexObject" executed="True" success="True" time="2.754" asserts="3" />
                              <test-case name="NeoDatis.Odb.Test.Commit.TestCommit.TestInsertWithCommitsSimpleObject" executed="True" success="True" time="1.031" asserts="1" />
                            </results>
                          </test-suite>
                        </results>
                      </test-suite>
                      <test-suite name="Conversion" executed="True" success="False" time="0.010" asserts="0">
                        <results>
                          <test-suite name="TestNumberConversion" executed="True" success="False" time="0.010" asserts="0">
                            <results>
                              <test-case name="NeoDatis.Odb.Test.Conversion.TestNumberConversion.Test1" executed="True" success="False" time="0.010" asserts="0">
                                <failure>
                                  <message><![CDATA[System.ArgumentException : Object must be of type Int32.]]></message>
                                  <stack-trace><![CDATA[at System.Int32.CompareTo(Object value)
at NeoDatis.Odb.Impl.Core.Layers.Layer2.Meta.Compare.AttributeValueComparator.Compare(IComparable c1, IComparable c2) in F:\olivier\NeoDatis\06-2009\NeoDatis\src\NeoDatis\Odb\Impl\Core\Layers\Layer2\Meta\Compare\AttributeValueComparator.cs:line 12
at NeoDatis.Odb.Test.Conversion.TestNumberConversion.Test1() in F:\olivier\NeoDatis\06-2009\NeoDatis\test\Neodatis\Odb\Test\Conversion\TestNumberConversion.cs:line 11
]]></stack-trace>
                                </failure>
                              </test-case>
                            </results>
                          </test-suite>
                        </results>
                      </test-suite>
                      <test-suite name="Delete" executed="True" success="False" time="13.770" asserts="0">
                        <results>
                          <test-suite name="TestDelete" executed="True" success="False" time="13.549" asserts="0">
                            <results>
                              <test-case name="NeoDatis.Odb.Test.Delete.TestDelete.Test1" executed="True" success="True" time="0.020" asserts="1" />
                              <test-case name="NeoDatis.Odb.Test.Delete.TestDelete.Test10" executed="True" success="True" time="0.010" asserts="2" />
                              <test-case name="NeoDatis.Odb.Test.Delete.TestDelete.Test11" executed="True" success="True" time="0.000" asserts="1" />
                              <test-case name="NeoDatis.Odb.Test.Delete.TestDelete.Test12" executed="True" success="True" time="0.010" asserts="1" />
                              <test-case name="NeoDatis.Odb.Test.Delete.TestDelete.Test13" executed="True" success="True" time="0.010" asserts="1" />
                              <test-case name="NeoDatis.Odb.Test.Delete.TestDelete.Test14" executed="True" success="True" time="0.010" asserts="7" />
                              <test-case name="NeoDatis.Odb.Test.Delete.TestDelete.Test15" executed="True" success="True" time="0.010" asserts="4" />
                              <test-case name="NeoDatis.Odb.Test.Delete.TestDelete.Test15_by_oid" executed="True" success="True" time="0.010" asserts="4" />
                              <test-case name="NeoDatis.Odb.Test.Delete.TestDelete.Test15_by_oid_2" executed="True" success="True" time="0.000" asserts="4" />
                              <test-case name="NeoDatis.Odb.Test.Delete.TestDelete.Test16" executed="True" success="True" time="1.512" asserts="4" />
                              <test-case name="NeoDatis.Odb.Test.Delete.TestDelete.Test17" executed="True" success="True" time="0.010" asserts="4" />
                              <test-case name="NeoDatis.Odb.Test.Delete.TestDelete.Test18" executed="True" success="True" time="0.040" asserts="4" />
                              <test-case name="NeoDatis.Odb.Test.Delete.TestDelete.Test19" executed="True" success="True" time="0.000" asserts="3" />
                              <test-case name="NeoDatis.Odb.Test.Delete.TestDelete.Test2" executed="True" success="False" time="0.010" asserts="0">
                                <failure>
                                  <message><![CDATA[NeoDatis.Odb.ODBRuntimeException : 
NeoDatis has thrown an Exception, please help us filling a bug report at https://sourceforge.net/tracker/?func=add&group_id=179124&atid=887885 with the following error message
Version=1.9 , Build=566, Date=21-05-2009-18-01-30, Thread=TestRunnerThread
Error:1013:cache.neodatis file is locked by the current Virtual machine - check if the database has not been opened in the current VM! : thread = TestRunnerThread - using multi thread ? True]]></message>
                                  <stack-trace><![CDATA[at NeoDatis.Odb.Impl.Core.Layers.Layer3.Buffer.MultiBufferedFileIO.Init(String fileName, Boolean canWrite) in F:\olivier\NeoDatis\06-2009\NeoDatis\src\NeoDatis\Odb\Impl\Core\Layers\Layer3\Buffer\MultiBufferedFileIO.cs:line 64
at NeoDatis.Odb.Impl.Core.Layers.Layer3.Buffer.MultiBufferedFileIO..ctor(Int32 nbBuffers, String name, String fileName, Boolean canWrite, Int32 bufferSize) in F:\olivier\NeoDatis\06-2009\NeoDatis\src\NeoDatis\Odb\Impl\Core\Layers\Layer3\Buffer\MultiBufferedFileIO.cs:line 24
at NeoDatis.Odb.Impl.DefaultCoreProvider.GetIO(String name, IBaseIdentification parameters, Int32 bufferSize) in F:\olivier\NeoDatis\06-2009\NeoDatis\src\NeoDatis\Odb\Impl\DefaultCoreProvider.cs:line 145
at NeoDatis.Odb.Core.Layers.Layer3.Engine.FileSystemInterface..ctor(String name, IBaseIdentification parameters, Boolean canLog, Int32 bufferSize) in F:\olivier\NeoDatis\06-2009\NeoDatis\src\NeoDatis\Odb\Core\Layers\Layer3\Engine\FileSystemInterface.cs:line 57
at NeoDatis.Odb.Impl.Core.Layers.Layer3.Engine.LocalFileSystemInterface..ctor(String name, ISession session, IBaseIdentification parameters, Boolean canLog, Int32 bufferSize) in F:\olivier\NeoDatis\06-2009\NeoDatis\src\NeoDatis\Odb\Impl\Core\Layers\Layer3\Engine\LocalFileSystemInterface.cs:line 14
at NeoDatis.Odb.Impl.Core.Layers.Layer3.Engine.LocalObjectWriter.BuildFSI() in F:\olivier\NeoDatis\06-2009\NeoDatis\src\NeoDatis\Odb\Impl\Core\Layers\Layer3\Engine\LocalObjectWriter.cs:line 21
at NeoDatis.Odb.Impl.Core.Layers.Layer3.Engine.AbstractObjectWriter.Init2() in F:\olivier\NeoDatis\06-2009\NeoDatis\src\NeoDatis\Odb\Impl\Core\Layers\Layer3\Engine\AbstractObjectWriter.cs:line 81
at NeoDatis.Odb.Core.Layers.Layer3.Engine.AbstractStorageEngine.Init() in F:\olivier\NeoDatis\06-2009\NeoDatis\src\NeoDatis\Odb\Core\Layers\Layer3\Engine\AbstractStorageEngine.cs:line 108
at NeoDatis.Odb.Core.Layers.Layer3.Engine.AbstractStorageEngine..ctor(IBaseIdentification parameters) in F:\olivier\NeoDatis\06-2009\NeoDatis\src\NeoDatis\Odb\Core\Layers\Layer3\Engine\AbstractStorageEngine.cs:line 89
at NeoDatis.Odb.Impl.Core.Layers.Layer3.Engine.LocalStorageEngine..ctor(IBaseIdentification parameters) in F:\olivier\NeoDatis\06-2009\NeoDatis\src\NeoDatis\Odb\Impl\Core\Layers\Layer3\Engine\LocalStorageEngine.cs:line 7
at NeoDatis.Odb.Impl.DefaultCoreProvider.GetClientStorageEngine(IBaseIdentification baseIdentification) in F:\olivier\NeoDatis\06-2009\NeoDatis\src\NeoDatis\Odb\Impl\DefaultCoreProvider.cs:line 67
at NeoDatis.Odb.Impl.Main.LocalODB..ctor(String fileName, String user, String password) in F:\olivier\NeoDatis\06-2009\NeoDatis\src\NeoDatis\Odb\Impl\Main\LocalODB.cs:line 24
at NeoDatis.Odb.Impl.Main.LocalODB.GetInstance(String fileName, String user, String password) in F:\olivier\NeoDatis\06-2009\NeoDatis\src\NeoDatis\Odb\Impl\Main\LocalODB.cs:line 16
at NeoDatis.Odb.ODBFactory.Open(String fileName, String user, String password) in F:\olivier\NeoDatis\06-2009\NeoDatis\src\NeoDatis\Odb\ODBFactory.cs:line 21
at NeoDatis.Odb.Test.ODBTest.Open(String fileName) in F:\olivier\NeoDatis\06-2009\NeoDatis\test\Neodatis\Odb\Test\ODBTest.cs:line 63
at NeoDatis.Odb.Test.Delete.TestDelete.Test2() in F:\olivier\NeoDatis\06-2009\NeoDatis\test\Neodatis\Odb\Test\Delete\TestDelete.cs:line 53
]]></stack-trace>
                                </failure>
                              </test-case>
                              <test-case name="NeoDatis.Odb.Test.Delete.TestDelete.Test20" executed="True" success="False" time="0.100" asserts="1">
                                <failure>
                                  <message><![CDATA[  Expected: 1
  But was:  2
]]></message>
                                  <stack-trace><![CDATA[at NeoDatis.Odb.Test.NeoDatisAssert.AssertEquals(Int32 expected, Int32 actual) in F:\olivier\NeoDatis\06-2009\NeoDatis\test\Neodatis\Odb\Test\NeoDatisAssert.cs:line 239
at NeoDatis.Odb.Test.Delete.TestDelete.Test20() in F:\olivier\NeoDatis\06-2009\NeoDatis\test\Neodatis\Odb\Test\Delete\TestDelete.cs:line 910
]]></stack-trace>
                                </failure>
                              </test-case>
                              <test-case name="NeoDatis.Odb.Test.Delete.TestDelete.Test21" executed="True" success="True" time="0.010" asserts="1" />
                              <test-case name="NeoDatis.Odb.Test.Delete.TestDelete.Test22Last_toCheckDuration" executed="True" success="True" time="0.000" asserts="0" />
                              <test-case name="NeoDatis.Odb.Test.Delete.TestDelete.Test3" executed="True" success="False" time="0.090" asserts="0">
                                <failure>
                                  <message><![CDATA[NeoDatis.Odb.ODBRuntimeException : 
NeoDatis has thrown an Exception, please help us filling a bug report at https://sourceforge.net/tracker/?func=add&group_id=179124&atid=887885 with the following error message
Version=1.9 , Build=566, Date=21-05-2009-18-01-30, Thread=TestRunnerThread
Error:269:Error while getting object from list at index 0
  ----> System.ArgumentOutOfRangeException : Index was out of range. Must be non-negative and less than the size of the collection.
Parameter name: index]]></message>
                                  <stack-trace><![CDATA[at NeoDatis.Odb.Impl.Core.Query.List.Objects.LazySimpleListFromOid`1.Next() in F:\olivier\NeoDatis\06-2009\NeoDatis\src\NeoDatis\Odb\Impl\Core\Query\List\Objects\LazySimpleListFromOid.cs:line 106
at NeoDatis.Odb.Test.Delete.TestDelete.Test3() in F:\olivier\NeoDatis\06-2009\NeoDatis\test\Neodatis\Odb\Test\Delete\TestDelete.cs:line 136
--ArgumentOutOfRangeException
at System.ThrowHelper.ThrowArgumentOutOfRangeException(ExceptionArgument argument, ExceptionResource resource)
at System.ThrowHelper.ThrowArgumentOutOfRangeException()
at System.Collections.Generic.List`1.get_Item(Int32 index)
at NeoDatis.Odb.Impl.Core.Query.List.Objects.LazySimpleListFromOid`1.Next() in F:\olivier\NeoDatis\06-2009\NeoDatis\src\NeoDatis\Odb\Impl\Core\Query\List\Objects\LazySimpleListFromOid.cs:line 102
]]></stack-trace>
                                </failure>
                              </test-case>
                              <test-case name="NeoDatis.Odb.Test.Delete.TestDelete.Test30" executed="True" success="True" time="0.010" asserts="1" />
                              <test-case name="NeoDatis.Odb.Test.Delete.TestDelete.Test4" executed="True" success="True" time="11.597" asserts="2000" />
                              <test-case name="NeoDatis.Odb.Test.Delete.TestDelete.Test5" executed="True" success="True" time="0.010" asserts="0" />
                              <test-case name="NeoDatis.Odb.Test.Delete.TestDelete.Test5_byOid" executed="True" success="True" time="0.000" asserts="0" />
                              <test-case name="NeoDatis.Odb.Test.Delete.TestDelete.Test5_deleteNullObject" executed="True" success="True" time="0.010" asserts="0" />
                              <test-case name="NeoDatis.Odb.Test.Delete.TestDelete.Test6" executed="True" success="True" time="0.000" asserts="0" />
                              <test-case name="NeoDatis.Odb.Test.Delete.TestDelete.Test7" executed="True" success="True" time="0.000" asserts="1" />
                              <test-case name="NeoDatis.Odb.Test.Delete.TestDelete.Test8" executed="True" success="True" time="0.000" asserts="1" />
                              <test-case name="NeoDatis.Odb.Test.Delete.TestDelete.Test9" executed="True" success="True" time="0.010" asserts="1" />
                            </results>
                          </test-suite>
                          <test-suite name="TestDelete2" executed="True" success="False" time="0.220" asserts="0">
                            <results>
                              <test-case name="NeoDatis.Odb.Test.Delete.TestDelete2.TestDeleteListElements" executed="True" success="True" time="0.190" asserts="0" />
                              <test-case name="NeoDatis.Odb.Test.Delete.TestDelete2.TestDeleteListElements2" executed="True" success="False" time="0.020" asserts="3">
                                <failure>
                                  <message><![CDATA[System.IO.IOException : The process cannot access the file 'F:\olivier\NeoDatis\06-2009\NeoDatis\test\bin\Debug\my name633863235425011792.neodatis' because it is being used by another process.]]></message>
                                  <stack-trace><![CDATA[at System.IO.__Error.WinIOError(Int32 errorCode, String maybeFullPath)
at System.IO.File.Delete(String path)
at NeoDatis.Tool.Wrappers.IO.OdbFile.Delete() in F:\olivier\NeoDatis\06-2009\NeoDatis\src\NeoDatis\Tool\Wrappers\IO\OdbFile.cs:line 64
at NeoDatis.Tool.IOUtil.DeleteFile(String fileName) in F:\olivier\NeoDatis\06-2009\NeoDatis\src\NeoDatis\Tool\IOUtil.cs:line 23
at NeoDatis.Odb.Test.ODBTest.DeleteBase(String baseName) in F:\olivier\NeoDatis\06-2009\NeoDatis\test\Neodatis\Odb\Test\ODBTest.cs:line 97
at NeoDatis.Odb.Test.Delete.TestDelete2.TestDeleteListElements2() in F:\olivier\NeoDatis\06-2009\NeoDatis\test\Neodatis\Odb\Test\Delete\TestDelete2.cs:line 96
]]></stack-trace>
                                </failure>
                              </test-case>
                            </results>
                          </test-suite>
                        </results>
                      </test-suite>
                      <test-suite name="Encoding" executed="True" success="False" time="0.210" asserts="0">
                        <results>
                          <test-suite name="TestEncoding" executed="True" success="False" time="0.210" asserts="0">
                            <results>
                              <test-case name="NeoDatis.Odb.Test.Encoding.TestEncoding.Test1" executed="True" success="False" time="0.190" asserts="0">
                                <failure>
                                  <message><![CDATA[System.ArgumentException : 'ISO8859-5' is not a supported encoding name.
Parameter name: name]]></message>
                                  <stack-trace><![CDATA[at System.Globalization.EncodingTable.internalGetCodePageFromName(String name)
at System.Globalization.EncodingTable.GetCodePageFromName(String name)
at System.Text.Encoding.GetEncoding(String name)
at NeoDatis.Odb.Impl.Core.Layers.Layer3.Engine.DefaultByteArrayConverter.TestEncoding(String encoding) in F:\olivier\NeoDatis\06-2009\NeoDatis\src\NeoDatis\Odb\Impl\Core\Layers\Layer3\Engine\DefaultByteArrayConverter.cs:line 329
at NeoDatis.Odb.OdbConfiguration.SetDatabaseCharacterEncoding(String dbCharacterEncoding) in F:\olivier\NeoDatis\06-2009\NeoDatis\src\NeoDatis\Odb\OdbConfiguration.cs:line 630
at NeoDatis.Odb.Test.Encoding.TestEncoding.Test1() in F:\olivier\NeoDatis\06-2009\NeoDatis\test\Neodatis\Odb\Test\Encoding\TestEncoding.cs:line 16
]]></stack-trace>
                                </failure>
                              </test-case>
                              <test-case name="NeoDatis.Odb.Test.Encoding.TestEncoding.Test2_ClientServer" executed="True" success="False" time="0.000" asserts="0">
                                <failure>
                                  <message><![CDATA[System.ArgumentException : 'ISO8859-5' is not a supported encoding name.
Parameter name: name]]></message>
                                  <stack-trace><![CDATA[at System.Globalization.EncodingTable.internalGetCodePageFromName(String name)
at System.Globalization.EncodingTable.GetCodePageFromName(String name)
at System.Text.Encoding.GetEncoding(String name)
at NeoDatis.Odb.Impl.Core.Layers.Layer3.Engine.DefaultByteArrayConverter.TestEncoding(String encoding) in F:\olivier\NeoDatis\06-2009\NeoDatis\src\NeoDatis\Odb\Impl\Core\Layers\Layer3\Engine\DefaultByteArrayConverter.cs:line 329
at NeoDatis.Odb.OdbConfiguration.SetDatabaseCharacterEncoding(String dbCharacterEncoding) in F:\olivier\NeoDatis\06-2009\NeoDatis\src\NeoDatis\Odb\OdbConfiguration.cs:line 630
at NeoDatis.Odb.Test.Encoding.TestEncoding.Test2_ClientServer() in F:\olivier\NeoDatis\06-2009\NeoDatis\test\Neodatis\Odb\Test\Encoding\TestEncoding.cs:line 53
]]></stack-trace>
                                </failure>
                              </test-case>
                            </results>
                          </test-suite>
                        </results>
                      </test-suite>
                      <test-suite name="Enum" executed="True" success="True" time="0.010" asserts="0">
                        <results>
                          <test-suite name="TestEnum" executed="True" success="True" time="0.010" asserts="0">
                            <results>
                              <test-case name="NeoDatis.Odb.Test.Enum.TestEnum.TestEnum1" executed="True" success="True" time="0.010" asserts="1" />
                              <test-case name="NeoDatis.Odb.Test.Enum.TestEnum.TestEnumUpdate" executed="True" success="True" time="0.000" asserts="2" />
                            </results>
                          </test-suite>
                        </results>
                      </test-suite>
                      <test-suite name="Error" executed="True" success="True" time="0.000" asserts="0">
                        <results>
                          <test-suite name="TestError" executed="True" success="True" time="0.000" asserts="0">
                            <results>
                              <test-case name="NeoDatis.Odb.Test.Error.TestError.Test2" executed="True" success="True" time="0.000" asserts="1" />
                              <test-case name="NeoDatis.Odb.Test.Error.TestError.Test3" executed="True" success="True" time="0.000" asserts="1" />
                              <test-case name="NeoDatis.Odb.Test.Error.TestError.Test4" executed="True" success="True" time="0.000" asserts="1" />
                              <test-case name="NeoDatis.Odb.Test.Error.TestError.TestDollarInParam" executed="True" success="True" time="0.000" asserts="1" />
                            </results>
                          </test-suite>
                        </results>
                      </test-suite>
                      <test-suite name="Inheritance" executed="True" success="True" time="0.110" asserts="0">
                        <results>
                          <test-suite name="TestInheritance" executed="True" success="True" time="0.100" asserts="0">
                            <results>
                              <test-case name="NeoDatis.Odb.Test.Inheritance.TestInheritance.TestInterface" executed="True" success="True" time="0.090" asserts="2" />
                              <test-case name="NeoDatis.Odb.Test.Inheritance.TestInheritance.TestSubClass" executed="True" success="True" time="0.010" asserts="2" />
                            </results>
                          </test-suite>
                        </results>
                      </test-suite>
                      <test-suite name="Insert" executed="True" success="False" time="0.391" asserts="0">
                        <results>
                          <test-suite name="StorageEngineTest" executed="True" success="True" time="0.060" asserts="0">
                            <results>
                              <test-case name="NeoDatis.Odb.Test.Insert.StorageEngineTest.TestComplexInstance" executed="True" success="True" time="0.020" asserts="4" />
                              <test-case name="NeoDatis.Odb.Test.Insert.StorageEngineTest.TestNonNativeAttributes" executed="True" success="True" time="0.010" asserts="1" />
                              <test-case name="NeoDatis.Odb.Test.Insert.StorageEngineTest.TestSimpleInstance" executed="True" success="True" time="0.010" asserts="16" />
                              <test-case name="NeoDatis.Odb.Test.Insert.StorageEngineTest.TestSimpleInstanceRetrievingWithNQ" executed="True" success="True" time="0.010" asserts="0" />
                              <test-case name="NeoDatis.Odb.Test.Insert.StorageEngineTest.TestSimpleInstanceRetrievingWithNQWithNullBoolean" executed="True" success="True" time="0.010" asserts="0" />
                            </results>
                          </test-suite>
                          <test-suite name="TestInsert" executed="True" success="False" time="0.330" asserts="0">
                            <results>
                              <test-case name="NeoDatis.Odb.Test.Insert.TestInsert.Test1" executed="True" success="True" time="0.000" asserts="1" />
                              <test-case name="NeoDatis.Odb.Test.Insert.TestInsert.Test6" executed="True" success="True" time="0.010" asserts="2" />
                              <test-case name="NeoDatis.Odb.Test.Insert.TestInsert.Test7" executed="True" success="True" time="0.010" asserts="1" />
                              <test-case name="NeoDatis.Odb.Test.Insert.TestInsert.Test8" executed="True" success="True" time="0.010" asserts="4" />
                              <test-case name="NeoDatis.Odb.Test.Insert.TestInsert.TestBufferSize" executed="True" success="False" time="0.070" asserts="1">
                                <failure>
                                  <message><![CDATA[System.NullReferenceException : Object reference not set to an instance of an object.]]></message>
                                  <stack-trace><![CDATA[at NeoDatis.Odb.Test.Insert.TestInsert.TestBufferSize() in F:\olivier\NeoDatis\06-2009\NeoDatis\test\Neodatis\Odb\Test\Insert\TestInsert.cs:line 279
]]></stack-trace>
                                </failure>
                              </test-case>
                              <test-case name="NeoDatis.Odb.Test.Insert.TestInsert.TestCompositeCollection1" executed="True" success="True" time="0.020" asserts="1" />
                              <test-case name="NeoDatis.Odb.Test.Insert.TestInsert.TestCompositeCollection2" executed="True" success="True" time="0.020" asserts="3" />
                              <test-case name="NeoDatis.Odb.Test.Insert.TestInsert.TestCompositeCollection2DifferentObjects" executed="True" success="True" time="0.040" asserts="3" />
                              <test-case name="NeoDatis.Odb.Test.Insert.TestInsert.TestCompositeCollection3" executed="True" success="True" time="0.040" asserts="3" />
                              <test-case name="NeoDatis.Odb.Test.Insert.TestInsert.TestCompositeCollection4" executed="True" success="True" time="0.060" asserts="3" />
                              <test-case name="NeoDatis.Odb.Test.Insert.TestInsert.TestDatePersistence" executed="True" success="True" time="0.010" asserts="3" />
                              <test-case name="NeoDatis.Odb.Test.Insert.TestInsert.TestSimple" executed="True" success="True" time="0.010" asserts="2" />
                              <test-case name="NeoDatis.Odb.Test.Insert.TestInsert.TestStringPersistence" executed="True" success="False" time="0.010" asserts="3">
                                <failure>
                                  <message><![CDATA[  Expected: null
  But was:  0m
]]></message>
                                  <stack-trace><![CDATA[at NeoDatis.Odb.Test.NeoDatisAssert.AssertEquals(Object expected, Object actual) in F:\olivier\NeoDatis\06-2009\NeoDatis\test\Neodatis\Odb\Test\NeoDatisAssert.cs:line 78
at NeoDatis.Odb.Test.Insert.TestInsert.TestStringPersistence() in F:\olivier\NeoDatis\06-2009\NeoDatis\test\Neodatis\Odb\Test\Insert\TestInsert.cs:line 337
]]></stack-trace>
                                </failure>
                              </test-case>
                            </results>
                          </test-suite>
                        </results>
                      </test-suite>
                      <test-suite name="List" executed="True" success="True" time="4.807" asserts="0">
                        <results>
                          <test-suite name="TestFieldComparatorSort" executed="True" success="True" time="0.551" asserts="0">
                            <results>
                              <test-case name="NeoDatis.Odb.Test.List.TestFieldComparatorSort.Test1" executed="True" success="True" time="0.451" asserts="2" />
                              <test-case name="NeoDatis.Odb.Test.List.TestFieldComparatorSort.Test1_2" executed="True" success="True" time="0.030" asserts="2" />
                              <test-case name="NeoDatis.Odb.Test.List.TestFieldComparatorSort.Test2" executed="True" success="True" time="0.040" asserts="2" />
                              <test-case name="NeoDatis.Odb.Test.List.TestFieldComparatorSort.Test2_2" executed="True" success="True" time="0.030" asserts="2" />
                            </results>
                          </test-suite>
                          <test-suite name="TestLong" executed="False">
                            <reason>
                              <message><![CDATA[TestLong does not have any tests]]></message>
                            </reason>
                          </test-suite>
                          <test-suite name="Update" executed="True" success="True" time="4.256" asserts="0">
                            <results>
                              <test-suite name="TestUpdateList" executed="True" success="True" time="4.256" asserts="0">
                                <results>
                                  <test-case name="NeoDatis.Odb.Test.List.Update.TestUpdateList.Test1" executed="True" success="True" time="0.050" asserts="1" />
                                  <test-case name="NeoDatis.Odb.Test.List.Update.TestUpdateList.Test2" executed="True" success="True" time="4.206" asserts="203" />
                                </results>
                              </test-suite>
                            </results>
                          </test-suite>
                        </results>
                      </test-suite>
                      <test-suite name="Lookup" executed="True" success="True" time="0.010" asserts="0">
                        <results>
                          <test-suite name="TestLookup" executed="True" success="True" time="0.010" asserts="0">
                            <results>
                              <test-case name="NeoDatis.Odb.Test.Lookup.TestLookup.Test1" executed="True" success="True" time="0.000" asserts="1" />
                              <test-case name="NeoDatis.Odb.Test.Lookup.TestLookup.Test2" executed="True" success="True" time="0.000" asserts="1" />
                            </results>
                          </test-suite>
                        </results>
                      </test-suite>
                      <test-suite name="Newbie" executed="True" success="True" time="0.140" asserts="0">
                        <results>
                          <test-suite name="CreateDataBaseTest" executed="True" success="True" time="0.010" asserts="0">
                            <results>
                              <test-case name="NeoDatis.Odb.Test.Newbie.CreateDataBaseTest.TestCreateDataBase" executed="True" success="True" time="0.010" asserts="1" />
                            </results>
                          </test-suite>
                          <test-suite name="InsertTest" executed="True" success="True" time="0.120" asserts="0">
                            <results>
                              <test-case name="NeoDatis.Odb.Test.Newbie.InsertTest.TestInsert" executed="True" success="True" time="0.120" asserts="3" />
                            </results>
                          </test-suite>
                          <test-suite name="UpdateTest" executed="True" success="True" time="0.010" asserts="0">
                            <results>
                              <test-case name="NeoDatis.Odb.Test.Newbie.UpdateTest.TestUpdate" executed="True" success="True" time="0.010" asserts="1" />
                            </results>
                          </test-suite>
                        </results>
                      </test-suite>
                      <test-suite name="Oid" executed="True" success="False" time="41.632" asserts="0">
                        <results>
                          <test-suite name="AllIDs" executed="True" success="True" time="0.010" asserts="0">
                            <results>
                              <test-case name="NeoDatis.Odb.Test.Oid.AllIDs.Test1" executed="True" success="True" time="0.010" asserts="1" />
                            </results>
                          </test-suite>
                          <test-suite name="TestGetObjectByOid" executed="True" success="True" time="40.731" asserts="0">
                            <results>
                              <test-case name="NeoDatis.Odb.Test.Oid.TestGetObjectByOid.Test1" executed="True" success="True" time="0.010" asserts="2" />
                              <test-case name="NeoDatis.Odb.Test.Oid.TestGetObjectByOid.Test2" executed="True" success="True" time="0.010" asserts="1" />
                              <test-case name="NeoDatis.Odb.Test.Oid.TestGetObjectByOid.Test3" executed="True" success="True" time="0.000" asserts="1" />
                              <test-case name="NeoDatis.Odb.Test.Oid.TestGetObjectByOid.Test4" executed="True" success="True" time="0.000" asserts="1" />
                              <test-case name="NeoDatis.Odb.Test.Oid.TestGetObjectByOid.Test5" executed="True" success="True" time="0.010" asserts="2" />
                              <test-case name="NeoDatis.Odb.Test.Oid.TestGetObjectByOid.Test6" executed="True" success="True" time="11.589" asserts="20001" />
                              <test-case name="NeoDatis.Odb.Test.Oid.TestGetObjectByOid.Test7" executed="True" success="True" time="29.092" asserts="10001" />
                              <test-case name="NeoDatis.Odb.Test.Oid.TestGetObjectByOid.TestGetOIDThatDoesNotExist" executed="True" success="True" time="0.010" asserts="1" />
                            </results>
                          </test-suite>
                          <test-suite name="TestOid" executed="True" success="True" time="0.821" asserts="0">
                            <results>
                              <test-case name="NeoDatis.Odb.Test.Oid.TestOid.TestAndy1" executed="True" success="True" time="0.040" asserts="3" />
                              <test-case name="NeoDatis.Odb.Test.Oid.TestOid.TestAndy2" executed="True" success="True" time="0.010" asserts="3" />
                              <test-case name="NeoDatis.Odb.Test.Oid.TestOid.TestAndy3" executed="True" success="True" time="0.030" asserts="0" />
                              <test-case name="NeoDatis.Odb.Test.Oid.TestOid.TestEquals" executed="True" success="True" time="0.000" asserts="1" />
                              <test-case name="NeoDatis.Odb.Test.Oid.TestOid.TestOIdInMap" executed="True" success="True" time="0.000" asserts="1" />
                              <test-case name="NeoDatis.Odb.Test.Oid.TestOid.TestPerformanceOid" executed="True" success="True" time="0.731" asserts="300000" />
                            </results>
                          </test-suite>
                          <test-suite name="TestOidAsNativeObject" executed="True" success="True" time="0.010" asserts="0">
                            <results>
                              <test-case name="NeoDatis.Odb.Test.Oid.TestOidAsNativeObject.Test1" executed="True" success="True" time="0.010" asserts="2" />
                            </results>
                          </test-suite>
                          <test-suite name="TestOIDToString" executed="True" success="False" time="0.030" asserts="0">
                            <results>
                              <test-case name="NeoDatis.Odb.Test.Oid.TestOIDToString.Test1" executed="True" success="True" time="0.010" asserts="1" />
                              <test-case name="NeoDatis.Odb.Test.Oid.TestOIDToString.Test2" executed="True" success="True" time="0.000" asserts="1" />
                              <test-case name="NeoDatis.Odb.Test.Oid.TestOIDToString.Test3" executed="True" success="False" time="0.010" asserts="1">
                                <failure>
                                  <message><![CDATA[  Expected: <2>
  But was:  <2>
]]></message>
                                  <stack-trace><![CDATA[at NeoDatis.Odb.Test.NeoDatisAssert.AssertEquals(Object expected, Object actual) in F:\olivier\NeoDatis\06-2009\NeoDatis\test\Neodatis\Odb\Test\NeoDatisAssert.cs:line 78
at NeoDatis.Odb.Test.Oid.TestOIDToString.Test3() in F:\olivier\NeoDatis\06-2009\NeoDatis\test\Neodatis\Odb\Test\Oid\TestOIDToString.cs:line 35
]]></stack-trace>
                                </failure>
                              </test-case>
                              <test-case name="NeoDatis.Odb.Test.Oid.TestOIDToString.Test4" executed="True" success="True" time="0.010" asserts="1" />
                            </results>
                          </test-suite>
                          <test-suite name="TestStoreWithOID" executed="True" success="True" time="0.010" asserts="0">
                            <results>
                              <test-case name="NeoDatis.Odb.Test.Oid.TestStoreWithOID.Test1" executed="True" success="True" time="0.010" asserts="1" />
                            </results>
                          </test-suite>
                        </results>
                      </test-suite>
                      <test-suite name="Other" executed="True" success="False" time="2.594" asserts="0">
                        <results>
                          <test-suite name="Test2Closes" executed="True" success="True" time="0.010" asserts="0">
                            <results>
                              <test-case name="NeoDatis.Odb.Test.Other.Test2Closes.Test1" executed="True" success="True" time="0.010" asserts="2" />
                            </results>
                          </test-suite>
                          <test-suite name="TestAgainstNativeObjects" executed="True" success="True" time="0.010" asserts="0">
                            <results>
                              <test-case name="NeoDatis.Odb.Test.Other.TestAgainstNativeObjects.Test1" executed="True" success="True" time="0.000" asserts="0" />
                              <test-case name="NeoDatis.Odb.Test.Other.TestAgainstNativeObjects.Test2" executed="True" success="True" time="0.000" asserts="0" />
                            </results>
                          </test-suite>
                          <test-suite name="TestDownloadManager" executed="True" success="False" time="2.393" asserts="0">
                            <results>
                              <test-case name="NeoDatis.Odb.Test.Other.TestDownloadManager.Test1" executed="True" success="False" time="2.383" asserts="1">
                                <failure>
                                  <message><![CDATA[  Expected: 2
  But was:  2014
]]></message>
                                  <stack-trace><![CDATA[at NeoDatis.Odb.Test.NeoDatisAssert.AssertEquals(Int64 expected, Int64 actual) in F:\olivier\NeoDatis\06-2009\NeoDatis\test\Neodatis\Odb\Test\NeoDatisAssert.cs:line 154
at NeoDatis.Odb.Test.Other.TestDownloadManager.Test1() in F:\olivier\NeoDatis\06-2009\NeoDatis\test\Neodatis\Odb\Test\Other\TestDownloadManager.cs:line 62
]]></stack-trace>
                                </failure>
                              </test-case>
                              <test-case name="NeoDatis.Odb.Test.Other.TestDownloadManager.Test2" executed="True" success="False" time="0.000" asserts="0">
                                <failure>
                                  <message><![CDATA[NeoDatis.Odb.ODBRuntimeException : 
NeoDatis has thrown an Exception, please help us filling a bug report at https://sourceforge.net/tracker/?func=add&group_id=179124&atid=887885 with the following error message
Version=1.9 , Build=566, Date=21-05-2009-18-01-30, Thread=TestRunnerThread
Error:1013:cache.neodatis file is locked by the current Virtual machine - check if the database has not been opened in the current VM! : thread = TestRunnerThread - using multi thread ? True]]></message>
                                  <stack-trace><![CDATA[at NeoDatis.Odb.Impl.Core.Layers.Layer3.Buffer.MultiBufferedFileIO.Init(String fileName, Boolean canWrite) in F:\olivier\NeoDatis\06-2009\NeoDatis\src\NeoDatis\Odb\Impl\Core\Layers\Layer3\Buffer\MultiBufferedFileIO.cs:line 64
at NeoDatis.Odb.Impl.Core.Layers.Layer3.Buffer.MultiBufferedFileIO..ctor(Int32 nbBuffers, String name, String fileName, Boolean canWrite, Int32 bufferSize) in F:\olivier\NeoDatis\06-2009\NeoDatis\src\NeoDatis\Odb\Impl\Core\Layers\Layer3\Buffer\MultiBufferedFileIO.cs:line 24
at NeoDatis.Odb.Impl.DefaultCoreProvider.GetIO(String name, IBaseIdentification parameters, Int32 bufferSize) in F:\olivier\NeoDatis\06-2009\NeoDatis\src\NeoDatis\Odb\Impl\DefaultCoreProvider.cs:line 145
at NeoDatis.Odb.Core.Layers.Layer3.Engine.FileSystemInterface..ctor(String name, IBaseIdentification parameters, Boolean canLog, Int32 bufferSize) in F:\olivier\NeoDatis\06-2009\NeoDatis\src\NeoDatis\Odb\Core\Layers\Layer3\Engine\FileSystemInterface.cs:line 57
at NeoDatis.Odb.Impl.Core.Layers.Layer3.Engine.LocalFileSystemInterface..ctor(String name, ISession session, IBaseIdentification parameters, Boolean canLog, Int32 bufferSize) in F:\olivier\NeoDatis\06-2009\NeoDatis\src\NeoDatis\Odb\Impl\Core\Layers\Layer3\Engine\LocalFileSystemInterface.cs:line 14
at NeoDatis.Odb.Impl.Core.Layers.Layer3.Engine.LocalObjectWriter.BuildFSI() in F:\olivier\NeoDatis\06-2009\NeoDatis\src\NeoDatis\Odb\Impl\Core\Layers\Layer3\Engine\LocalObjectWriter.cs:line 21
at NeoDatis.Odb.Impl.Core.Layers.Layer3.Engine.AbstractObjectWriter.Init2() in F:\olivier\NeoDatis\06-2009\NeoDatis\src\NeoDatis\Odb\Impl\Core\Layers\Layer3\Engine\AbstractObjectWriter.cs:line 81
at NeoDatis.Odb.Core.Layers.Layer3.Engine.AbstractStorageEngine.Init() in F:\olivier\NeoDatis\06-2009\NeoDatis\src\NeoDatis\Odb\Core\Layers\Layer3\Engine\AbstractStorageEngine.cs:line 108
at NeoDatis.Odb.Core.Layers.Layer3.Engine.AbstractStorageEngine..ctor(IBaseIdentification parameters) in F:\olivier\NeoDatis\06-2009\NeoDatis\src\NeoDatis\Odb\Core\Layers\Layer3\Engine\AbstractStorageEngine.cs:line 89
at NeoDatis.Odb.Impl.Core.Layers.Layer3.Engine.LocalStorageEngine..ctor(IBaseIdentification parameters) in F:\olivier\NeoDatis\06-2009\NeoDatis\src\NeoDatis\Odb\Impl\Core\Layers\Layer3\Engine\LocalStorageEngine.cs:line 7
at NeoDatis.Odb.Impl.DefaultCoreProvider.GetClientStorageEngine(IBaseIdentification baseIdentification) in F:\olivier\NeoDatis\06-2009\NeoDatis\src\NeoDatis\Odb\Impl\DefaultCoreProvider.cs:line 67
at NeoDatis.Odb.Impl.Main.LocalODB..ctor(String fileName, String user, String password) in F:\olivier\NeoDatis\06-2009\NeoDatis\src\NeoDatis\Odb\Impl\Main\LocalODB.cs:line 24
at NeoDatis.Odb.Impl.Main.LocalODB.GetInstance(String fileName, String user, String password) in F:\olivier\NeoDatis\06-2009\NeoDatis\src\NeoDatis\Odb\Impl\Main\LocalODB.cs:line 16
at NeoDatis.Odb.ODBFactory.Open(String fileName, String user, String password) in F:\olivier\NeoDatis\06-2009\NeoDatis\src\NeoDatis\Odb\ODBFactory.cs:line 21
at NeoDatis.Odb.Test.ODBTest.Open(String fileName) in F:\olivier\NeoDatis\06-2009\NeoDatis\test\Neodatis\Odb\Test\ODBTest.cs:line 63
at NeoDatis.Odb.Test.Other.TestDownloadManager.NewDownload(String name, String email, String downloadType, String fileName) in F:\olivier\NeoDatis\06-2009\NeoDatis\test\Neodatis\Odb\Test\Other\TestDownloadManager.cs:line 18
at NeoDatis.Odb.Test.Other.TestDownloadManager.Test2() in F:\olivier\NeoDatis\06-2009\NeoDatis\test\Neodatis\Odb\Test\Other\TestDownloadManager.cs:line 78
]]></stack-trace>
                                </failure>
                              </test-case>
                            </results>
                          </test-suite>
                          <test-suite name="TestGetDatabaseName" executed="True" success="False" time="0.010" asserts="0">
                            <results>
                              <test-case name="NeoDatis.Odb.Test.Other.TestGetDatabaseName.Test1" executed="True" success="True" time="0.010" asserts="1" />
                              <test-case name="NeoDatis.Odb.Test.Other.TestGetDatabaseName.Test2" executed="True" success="False" time="0.000" asserts="0">
                                <failure>
                                  <message><![CDATA[NeoDatis.Odb.ODBRuntimeException : 
NeoDatis has thrown an Exception, please help us filling a bug report at https://sourceforge.net/tracker/?func=add&group_id=179124&atid=887885 with the following error message
Version=1.9 , Build=566, Date=21-05-2009-18-01-30, Thread=TestRunnerThread
Error:1013:cache.neodatis file is locked by the current Virtual machine - check if the database has not been opened in the current VM! : thread = TestRunnerThread - using multi thread ? True]]></message>
                                  <stack-trace><![CDATA[at NeoDatis.Odb.Impl.Core.Layers.Layer3.Buffer.MultiBufferedFileIO.Init(String fileName, Boolean canWrite) in F:\olivier\NeoDatis\06-2009\NeoDatis\src\NeoDatis\Odb\Impl\Core\Layers\Layer3\Buffer\MultiBufferedFileIO.cs:line 64
at NeoDatis.Odb.Impl.Core.Layers.Layer3.Buffer.MultiBufferedFileIO..ctor(Int32 nbBuffers, String name, String fileName, Boolean canWrite, Int32 bufferSize) in F:\olivier\NeoDatis\06-2009\NeoDatis\src\NeoDatis\Odb\Impl\Core\Layers\Layer3\Buffer\MultiBufferedFileIO.cs:line 24
at NeoDatis.Odb.Impl.DefaultCoreProvider.GetIO(String name, IBaseIdentification parameters, Int32 bufferSize) in F:\olivier\NeoDatis\06-2009\NeoDatis\src\NeoDatis\Odb\Impl\DefaultCoreProvider.cs:line 145
at NeoDatis.Odb.Core.Layers.Layer3.Engine.FileSystemInterface..ctor(String name, IBaseIdentification parameters, Boolean canLog, Int32 bufferSize) in F:\olivier\NeoDatis\06-2009\NeoDatis\src\NeoDatis\Odb\Core\Layers\Layer3\Engine\FileSystemInterface.cs:line 57
at NeoDatis.Odb.Impl.Core.Layers.Layer3.Engine.LocalFileSystemInterface..ctor(String name, ISession session, IBaseIdentification parameters, Boolean canLog, Int32 bufferSize) in F:\olivier\NeoDatis\06-2009\NeoDatis\src\NeoDatis\Odb\Impl\Core\Layers\Layer3\Engine\LocalFileSystemInterface.cs:line 14
at NeoDatis.Odb.Impl.Core.Layers.Layer3.Engine.LocalObjectWriter.BuildFSI() in F:\olivier\NeoDatis\06-2009\NeoDatis\src\NeoDatis\Odb\Impl\Core\Layers\Layer3\Engine\LocalObjectWriter.cs:line 21
at NeoDatis.Odb.Impl.Core.Layers.Layer3.Engine.AbstractObjectWriter.Init2() in F:\olivier\NeoDatis\06-2009\NeoDatis\src\NeoDatis\Odb\Impl\Core\Layers\Layer3\Engine\AbstractObjectWriter.cs:line 81
at NeoDatis.Odb.Core.Layers.Layer3.Engine.AbstractStorageEngine.Init() in F:\olivier\NeoDatis\06-2009\NeoDatis\src\NeoDatis\Odb\Core\Layers\Layer3\Engine\AbstractStorageEngine.cs:line 108
at NeoDatis.Odb.Core.Layers.Layer3.Engine.AbstractStorageEngine..ctor(IBaseIdentification parameters) in F:\olivier\NeoDatis\06-2009\NeoDatis\src\NeoDatis\Odb\Core\Layers\Layer3\Engine\AbstractStorageEngine.cs:line 89
at NeoDatis.Odb.Impl.Core.Layers.Layer3.Engine.LocalStorageEngine..ctor(IBaseIdentification parameters) in F:\olivier\NeoDatis\06-2009\NeoDatis\src\NeoDatis\Odb\Impl\Core\Layers\Layer3\Engine\LocalStorageEngine.cs:line 7
at NeoDatis.Odb.Impl.DefaultCoreProvider.GetClientStorageEngine(IBaseIdentification baseIdentification) in F:\olivier\NeoDatis\06-2009\NeoDatis\src\NeoDatis\Odb\Impl\DefaultCoreProvider.cs:line 67
at NeoDatis.Odb.Impl.Main.LocalODB..ctor(String fileName, String user, String password) in F:\olivier\NeoDatis\06-2009\NeoDatis\src\NeoDatis\Odb\Impl\Main\LocalODB.cs:line 24
at NeoDatis.Odb.Impl.Main.LocalODB.GetInstance(String fileName, String user, String password) in F:\olivier\NeoDatis\06-2009\NeoDatis\src\NeoDatis\Odb\Impl\Main\LocalODB.cs:line 16
at NeoDatis.Odb.ODBFactory.Open(String fileName, String user, String password) in F:\olivier\NeoDatis\06-2009\NeoDatis\src\NeoDatis\Odb\ODBFactory.cs:line 21
at NeoDatis.Odb.Test.ODBTest.Open(String fileName) in F:\olivier\NeoDatis\06-2009\NeoDatis\test\Neodatis\Odb\Test\ODBTest.cs:line 63
at NeoDatis.Odb.Test.Other.TestGetDatabaseName.Test2() in F:\olivier\NeoDatis\06-2009\NeoDatis\test\Neodatis\Odb\Test\Other\TestGetDatabaseName.cs:line 30
]]></stack-trace>
                                </failure>
                              </test-case>
                            </results>
                          </test-suite>
                          <test-suite name="TestJavaClassPersistence" executed="True" success="True" time="0.120" asserts="0">
                            <results>
                              <test-case name="NeoDatis.Odb.Test.Other.TestJavaClassPersistence.Test1" executed="True" success="True" time="0.120" asserts="0" />
                            </results>
                          </test-suite>
                          <test-suite name="TestObjectWithOid" executed="True" success="True" time="0.030" asserts="0">
                            <results>
                              <test-case name="NeoDatis.Odb.Test.Other.TestObjectWithOid.Test1" executed="True" success="True" time="0.030" asserts="2" />
                            </results>
                          </test-suite>
                          <test-suite name="TestShutdownHook" executed="True" success="True" time="0.000" asserts="0">
                            <results>
                              <test-case name="NeoDatis.Odb.Test.Other.TestShutdownHook.Test1" executed="True" success="True" time="0.000" asserts="0" />
                            </results>
                          </test-suite>
                        </results>
                      </test-suite>
                      <test-suite name="Performance" executed="True" success="False" time="85.290" asserts="0">
                        <results>
                          <test-suite name="PerformanceTest1" executed="True" success="True" time="0.000" asserts="0">
                            <results>
                              <test-case name="NeoDatis.Odb.Test.Performance.PerformanceTest1.TestEmpty" executed="True" success="True" time="0.000" asserts="0" />
                              <test-case name="NeoDatis.Odb.Test.Performance.PerformanceTest1.TestInsertSimpleObjectODB" executed="False">
                                <reason>
                                  <message><![CDATA[No arguments were provided]]></message>
                                </reason>
                              </test-case>
                            </results>
                          </test-suite>
                          <test-suite name="PerformanceTest1OnlySelect" executed="True" success="True" time="0.010" asserts="0">
                            <results>
                              <test-case name="NeoDatis.Odb.Test.Performance.PerformanceTest1OnlySelect.TestSelectSimpleObjectODB" executed="True" success="True" time="0.010" asserts="0" />
                            </results>
                          </test-suite>
                          <test-suite name="PerformanceTest1WithIndex" executed="True" success="False" time="0.020" asserts="0">
                            <results>
                              <test-case name="NeoDatis.Odb.Test.Performance.PerformanceTest1WithIndex.Test1" executed="True" success="True" time="0.000" asserts="0" />
                              <test-case name="NeoDatis.Odb.Test.Performance.PerformanceTest1WithIndex.Test2" executed="True" success="False" time="0.020" asserts="0">
                                <failure>
                                  <message><![CDATA[System.NullReferenceException : Object reference not set to an instance of an object.]]></message>
                                  <stack-trace><![CDATA[at NeoDatis.Tool.Wrappers.OdbClassUtil.GetFullName(Type type) in F:\olivier\NeoDatis\06-2009\NeoDatis\src\NeoDatis\Tool\Wrappers\OdbClassUtil.cs:line 56
at NeoDatis.Odb.Impl.Core.Layers.Layer1.Introspector.AbstractClassIntrospector.InternalIntrospect(Type clazz, Boolean recursive, ClassInfoList classInfoList) in F:\olivier\NeoDatis\06-2009\NeoDatis\src\NeoDatis\Odb\Impl\Core\Layers\Layer1\Introspector\AbstractClassIntrospector.cs:line 147
at NeoDatis.Odb.Impl.Core.Layers.Layer1.Introspector.AbstractClassIntrospector.Introspect(Type clazz, Boolean recursive) in F:\olivier\NeoDatis\06-2009\NeoDatis\src\NeoDatis\Odb\Impl\Core\Layers\Layer1\Introspector\AbstractClassIntrospector.cs:line 56
at NeoDatis.Odb.Impl.Core.Layers.Layer1.Introspector.AbstractClassIntrospector.Introspect(String fullClassName, Boolean recursive) in F:\olivier\NeoDatis\06-2009\NeoDatis\src\NeoDatis\Odb\Impl\Core\Layers\Layer1\Introspector\AbstractClassIntrospector.cs:line 397
at NeoDatis.Odb.Impl.Main.ODBAdapter.GetClassRepresentation(String fullClassName) in F:\olivier\NeoDatis\06-2009\NeoDatis\src\NeoDatis\Odb\Impl\Main\ODBAdapter.cs:line 157
at NeoDatis.Odb.Impl.Main.ODBAdapter.GetClassRepresentation(Type clazz) in F:\olivier\NeoDatis\06-2009\NeoDatis\src\NeoDatis\Odb\Impl\Main\ODBAdapter.cs:line 147
at NeoDatis.Odb.Test.Performance.PerformanceTest1WithIndex.T1estInsertSimpleObjectODB(Int32 size) in F:\olivier\NeoDatis\06-2009\NeoDatis\test\Neodatis\Odb\Test\Performance\PerformanceTest1WithIndex.cs:line 68
at NeoDatis.Odb.Test.Performance.PerformanceTest1WithIndex.Test2() in F:\olivier\NeoDatis\06-2009\NeoDatis\test\Neodatis\Odb\Test\Performance\PerformanceTest1WithIndex.cs:line 34
]]></stack-trace>
                                </failure>
                              </test-case>
                            </results>
                          </test-suite>
                          <test-suite name="PerformanceTest2" executed="True" success="False" time="0.040" asserts="0">
                            <results>
                              <test-case name="NeoDatis.Odb.Test.Performance.PerformanceTest2.TestInsertSimpleObjectODB" executed="True" success="False" time="0.030" asserts="0">
                                <failure>
                                  <message><![CDATA[System.NullReferenceException : Object reference not set to an instance of an object.]]></message>
                                  <stack-trace><![CDATA[at NeoDatis.Tool.Wrappers.OdbClassUtil.GetFullName(Type type) in F:\olivier\NeoDatis\06-2009\NeoDatis\src\NeoDatis\Tool\Wrappers\OdbClassUtil.cs:line 56
at NeoDatis.Odb.Impl.Core.Layers.Layer1.Introspector.AbstractClassIntrospector.InternalIntrospect(Type clazz, Boolean recursive, ClassInfoList classInfoList) in F:\olivier\NeoDatis\06-2009\NeoDatis\src\NeoDatis\Odb\Impl\Core\Layers\Layer1\Introspector\AbstractClassIntrospector.cs:line 147
at NeoDatis.Odb.Impl.Core.Layers.Layer1.Introspector.AbstractClassIntrospector.Introspect(Type clazz, Boolean recursive) in F:\olivier\NeoDatis\06-2009\NeoDatis\src\NeoDatis\Odb\Impl\Core\Layers\Layer1\Introspector\AbstractClassIntrospector.cs:line 56
at NeoDatis.Odb.Impl.Core.Layers.Layer1.Introspector.AbstractClassIntrospector.Introspect(String fullClassName, Boolean recursive) in F:\olivier\NeoDatis\06-2009\NeoDatis\src\NeoDatis\Odb\Impl\Core\Layers\Layer1\Introspector\AbstractClassIntrospector.cs:line 397
at NeoDatis.Odb.Impl.Main.ODBAdapter.GetClassRepresentation(String fullClassName) in F:\olivier\NeoDatis\06-2009\NeoDatis\src\NeoDatis\Odb\Impl\Main\ODBAdapter.cs:line 157
at NeoDatis.Odb.Impl.Main.ODBAdapter.GetClassRepresentation(Type clazz) in F:\olivier\NeoDatis\06-2009\NeoDatis\src\NeoDatis\Odb\Impl\Main\ODBAdapter.cs:line 147
at NeoDatis.Odb.Test.Performance.PerformanceTest2.TestInsertSimpleObjectODB() in F:\olivier\NeoDatis\06-2009\NeoDatis\test\Neodatis\Odb\Test\Performance\PerformanceTest2.cs:line 34
]]></stack-trace>
                                </failure>
                              </test-case>
                            </results>
                          </test-suite>
                          <test-suite name="TestArrayCopy" executed="True" success="True" time="0.611" asserts="0">
                            <results>
                              <test-case name="NeoDatis.Odb.Test.Performance.TestArrayCopy.Test1" executed="True" success="True" time="0.611" asserts="1" />
                            </results>
                          </test-suite>
                          <test-suite name="TestArrayList_vs_array" executed="True" success="True" time="0.010" asserts="0">
                            <results>
                              <test-case name="NeoDatis.Odb.Test.Performance.TestArrayList_vs_array.Test1" executed="True" success="True" time="0.000" asserts="0" />
                            </results>
                          </test-suite>
                          <test-suite name="TestBatchInsert" executed="True" success="False" time="0.020" asserts="0">
                            <results>
                              <test-case name="NeoDatis.Odb.Test.Performance.TestBatchInsert.TestEmpty" executed="True" success="True" time="0.000" asserts="0" />
                              <test-case name="NeoDatis.Odb.Test.Performance.TestBatchInsert.TestSelect" executed="True" success="False" time="0.020" asserts="1">
                                <failure>
                                  <message><![CDATA[  Expected: 1
  But was:  0
]]></message>
                                  <stack-trace><![CDATA[at NeoDatis.Odb.Test.NeoDatisAssert.AssertEquals(Int32 expected, Int32 actual) in F:\olivier\NeoDatis\06-2009\NeoDatis\test\Neodatis\Odb\Test\NeoDatisAssert.cs:line 239
at NeoDatis.Odb.Test.Performance.TestBatchInsert.TestSelect() in F:\olivier\NeoDatis\06-2009\NeoDatis\test\Neodatis\Odb\Test\Performance\TestBatchInsert.cs:line 55
]]></stack-trace>
                                </failure>
                              </test-case>
                            </results>
                          </test-suite>
                          <test-suite name="TestByteConversion" executed="True" success="True" time="0.030" asserts="0">
                            <results>
                              <test-case name="NeoDatis.Odb.Test.Performance.TestByteConversion.TestBigDecimal1" executed="True" success="True" time="0.000" asserts="1" />
                              <test-case name="NeoDatis.Odb.Test.Performance.TestByteConversion.TestBigDecimal10" executed="True" success="True" time="0.000" asserts="1" />
                              <test-case name="NeoDatis.Odb.Test.Performance.TestByteConversion.TestBigDecimal11" executed="True" success="True" time="0.000" asserts="1" />
                              <test-case name="NeoDatis.Odb.Test.Performance.TestByteConversion.TestBigDecimal2" executed="True" success="True" time="0.000" asserts="1" />
                              <test-case name="NeoDatis.Odb.Test.Performance.TestByteConversion.TestBigDecimal3" executed="True" success="True" time="0.000" asserts="1" />
                              <test-case name="NeoDatis.Odb.Test.Performance.TestByteConversion.TestBigDecimal4" executed="True" success="True" time="0.010" asserts="1" />
                              <test-case name="NeoDatis.Odb.Test.Performance.TestByteConversion.TestBigDecimal5" executed="True" success="True" time="0.000" asserts="1" />
                              <test-case name="NeoDatis.Odb.Test.Performance.TestByteConversion.TestBigDecimal6" executed="True" success="True" time="0.000" asserts="1" />
                              <test-case name="NeoDatis.Odb.Test.Performance.TestByteConversion.TestBigDecimal7" executed="True" success="True" time="0.010" asserts="1" />
                              <test-case name="NeoDatis.Odb.Test.Performance.TestByteConversion.TestBigDecimal8" executed="True" success="True" time="0.000" asserts="1" />
                              <test-case name="NeoDatis.Odb.Test.Performance.TestByteConversion.TestBigDecimal9" executed="True" success="True" time="0.000" asserts="1" />
                              <test-case name="NeoDatis.Odb.Test.Performance.TestByteConversion.TestBoolean" executed="True" success="True" time="0.000" asserts="2" />
                              <test-case name="NeoDatis.Odb.Test.Performance.TestByteConversion.TestChar" executed="True" success="True" time="0.000" asserts="1" />
                              <test-case name="NeoDatis.Odb.Test.Performance.TestByteConversion.TestDouble" executed="True" success="True" time="0.000" asserts="1" />
                              <test-case name="NeoDatis.Odb.Test.Performance.TestByteConversion.TestFloat" executed="True" success="True" time="0.000" asserts="1" />
                              <test-case name="NeoDatis.Odb.Test.Performance.TestByteConversion.TestInt" executed="True" success="True" time="0.010" asserts="1" />
                              <test-case name="NeoDatis.Odb.Test.Performance.TestByteConversion.TestLong" executed="True" success="True" time="0.000" asserts="3" />
[...]
at NeoDatis.Odb.Impl.Core.Layers.Layer3.Engine.AbstractObjectWriter.Init2() in F:\olivier\NeoDatis\06-2009\NeoDatis\src\NeoDatis\Odb\Impl\Core\Layers\Layer3\Engine\AbstractObjectWriter.cs:line 81
at NeoDatis.Odb.Core.Layers.Layer3.Engine.AbstractStorageEngine.Init() in F:\olivier\NeoDatis\06-2009\NeoDatis\src\NeoDatis\Odb\Core\Layers\Layer3\Engine\AbstractStorageEngine.cs:line 108
at NeoDatis.Odb.Core.Layers.Layer3.Engine.AbstractStorageEngine..ctor(IBaseIdentification parameters) in F:\olivier\NeoDatis\06-2009\NeoDatis\src\NeoDatis\Odb\Core\Layers\Layer3\Engine\AbstractStorageEngine.cs:line 89
at NeoDatis.Odb.Impl.Core.Layers.Layer3.Engine.LocalStorageEngine..ctor(IBaseIdentification parameters) in F:\olivier\NeoDatis\06-2009\NeoDatis\src\NeoDatis\Odb\Impl\Core\Layers\Layer3\Engine\LocalStorageEngine.cs:line 7
at NeoDatis.Odb.Impl.DefaultCoreProvider.GetClientStorageEngine(IBaseIdentification baseIdentification) in F:\olivier\NeoDatis\06-2009\NeoDatis\src\NeoDatis\Odb\Impl\DefaultCoreProvider.cs:line 67
at NeoDatis.Odb.Impl.Main.LocalODB..ctor(String fileName, String user, String password) in F:\olivier\NeoDatis\06-2009\NeoDatis\src\NeoDatis\Odb\Impl\Main\LocalODB.cs:line 24
at NeoDatis.Odb.Impl.Main.LocalODB.GetInstance(String fileName, String user, String password) in F:\olivier\NeoDatis\06-2009\NeoDatis\src\NeoDatis\Odb\Impl\Main\LocalODB.cs:line 16
at NeoDatis.Odb.ODBFactory.Open(String fileName, String user, String password) in F:\olivier\NeoDatis\06-2009\NeoDatis\src\NeoDatis\Odb\ODBFactory.cs:line 21
at NeoDatis.Odb.Test.ODBTest.Open(String fileName) in F:\olivier\NeoDatis\06-2009\NeoDatis\test\Neodatis\Odb\Test\ODBTest.cs:line 63
at NeoDatis.Odb.Test.Update.TestUpdate.Test2() in F:\olivier\NeoDatis\06-2009\NeoDatis\test\Neodatis\Odb\Test\Update\TestUpdate.cs:line 68
]]></stack-trace>
                                </failure>
                              </test-case>
                              <test-case name="NeoDatis.Odb.Test.Update.TestUpdate.Test3" executed="True" success="False" time="0.000" asserts="0">
                                <failure>
                                  <message><![CDATA[NeoDatis.Odb.ODBRuntimeException : 
NeoDatis has thrown an Exception, please help us filling a bug report at https://sourceforge.net/tracker/?func=add&group_id=179124&atid=887885 with the following error message
Version=1.9 , Build=566, Date=21-05-2009-18-01-30, Thread=TestRunnerThread
Error:1013:cache.neodatis file is locked by the current Virtual machine - check if the database has not been opened in the current VM! : thread = TestRunnerThread - using multi thread ? True]]></message>
                                  <stack-trace><![CDATA[at NeoDatis.Odb.Impl.Core.Layers.Layer3.Buffer.MultiBufferedFileIO.Init(String fileName, Boolean canWrite) in F:\olivier\NeoDatis\06-2009\NeoDatis\src\NeoDatis\Odb\Impl\Core\Layers\Layer3\Buffer\MultiBufferedFileIO.cs:line 64
at NeoDatis.Odb.Impl.Core.Layers.Layer3.Buffer.MultiBufferedFileIO..ctor(Int32 nbBuffers, String name, String fileName, Boolean canWrite, Int32 bufferSize) in F:\olivier\NeoDatis\06-2009\NeoDatis\src\NeoDatis\Odb\Impl\Core\Layers\Layer3\Buffer\MultiBufferedFileIO.cs:line 24
at NeoDatis.Odb.Impl.DefaultCoreProvider.GetIO(String name, IBaseIdentification parameters, Int32 bufferSize) in F:\olivier\NeoDatis\06-2009\NeoDatis\src\NeoDatis\Odb\Impl\DefaultCoreProvider.cs:line 145
at NeoDatis.Odb.Core.Layers.Layer3.Engine.FileSystemInterface..ctor(String name, IBaseIdentification parameters, Boolean canLog, Int32 bufferSize) in F:\olivier\NeoDatis\06-2009\NeoDatis\src\NeoDatis\Odb\Core\Layers\Layer3\Engine\FileSystemInterface.cs:line 57
at NeoDatis.Odb.Impl.Core.Layers.Layer3.Engine.LocalFileSystemInterface..ctor(String name, ISession session, IBaseIdentification parameters, Boolean canLog, Int32 bufferSize) in F:\olivier\NeoDatis\06-2009\NeoDatis\src\NeoDatis\Odb\Impl\Core\Layers\Layer3\Engine\LocalFileSystemInterface.cs:line 14
at NeoDatis.Odb.Impl.Core.Layers.Layer3.Engine.LocalObjectWriter.BuildFSI() in F:\olivier\NeoDatis\06-2009\NeoDatis\src\NeoDatis\Odb\Impl\Core\Layers\Layer3\Engine\LocalObjectWriter.cs:line 21
at NeoDatis.Odb.Impl.Core.Layers.Layer3.Engine.AbstractObjectWriter.Init2() in F:\olivier\NeoDatis\06-2009\NeoDatis\src\NeoDatis\Odb\Impl\Core\Layers\Layer3\Engine\AbstractObjectWriter.cs:line 81
at NeoDatis.Odb.Core.Layers.Layer3.Engine.AbstractStorageEngine.Init() in F:\olivier\NeoDatis\06-2009\NeoDatis\src\NeoDatis\Odb\Core\Layers\Layer3\Engine\AbstractStorageEngine.cs:line 108
at NeoDatis.Odb.Core.Layers.Layer3.Engine.AbstractStorageEngine..ctor(IBaseIdentification parameters) in F:\olivier\NeoDatis\06-2009\NeoDatis\src\NeoDatis\Odb\Core\Layers\Layer3\Engine\AbstractStorageEngine.cs:line 89
at NeoDatis.Odb.Impl.Core.Layers.Layer3.Engine.LocalStorageEngine..ctor(IBaseIdentification parameters) in F:\olivier\NeoDatis\06-2009\NeoDatis\src\NeoDatis\Odb\Impl\Core\Layers\Layer3\Engine\LocalStorageEngine.cs:line 7
at NeoDatis.Odb.Impl.DefaultCoreProvider.GetClientStorageEngine(IBaseIdentification baseIdentification) in F:\olivier\NeoDatis\06-2009\NeoDatis\src\NeoDatis\Odb\Impl\DefaultCoreProvider.cs:line 67
at NeoDatis.Odb.Impl.Main.LocalODB..ctor(String fileName, String user, String password) in F:\olivier\NeoDatis\06-2009\NeoDatis\src\NeoDatis\Odb\Impl\Main\LocalODB.cs:line 24
at NeoDatis.Odb.Impl.Main.LocalODB.GetInstance(String fileName, String user, String password) in F:\olivier\NeoDatis\06-2009\NeoDatis\src\NeoDatis\Odb\Impl\Main\LocalODB.cs:line 16
at NeoDatis.Odb.ODBFactory.Open(String fileName, String user, String password) in F:\olivier\NeoDatis\06-2009\NeoDatis\src\NeoDatis\Odb\ODBFactory.cs:line 21
at NeoDatis.Odb.Test.ODBTest.Open(String fileName) in F:\olivier\NeoDatis\06-2009\NeoDatis\test\Neodatis\Odb\Test\ODBTest.cs:line 63
at NeoDatis.Odb.Test.Update.TestUpdate.Test3() in F:\olivier\NeoDatis\06-2009\NeoDatis\test\Neodatis\Odb\Test\Update\TestUpdate.cs:line 119
]]></stack-trace>
                                </failure>
                              </test-case>
                              <test-case name="NeoDatis.Odb.Test.Update.TestUpdate.Test4" executed="True" success="False" time="0.000" asserts="0">
                                <failure>
                                  <message><![CDATA[System.IO.IOException : The process cannot access the file 'F:\olivier\NeoDatis\06-2009\NeoDatis\test\bin\Debug\update.neodatis' because it is being used by another process.]]></message>
                                  <stack-trace><![CDATA[at System.IO.__Error.WinIOError(Int32 errorCode, String maybeFullPath)
at System.IO.File.Delete(String path)
at NeoDatis.Tool.Wrappers.IO.OdbFile.Delete() in F:\olivier\NeoDatis\06-2009\NeoDatis\src\NeoDatis\Tool\Wrappers\IO\OdbFile.cs:line 64
at NeoDatis.Tool.IOUtil.DeleteFile(String fileName) in F:\olivier\NeoDatis\06-2009\NeoDatis\src\NeoDatis\Tool\IOUtil.cs:line 23
at NeoDatis.Odb.Test.ODBTest.DeleteBase(String baseName) in F:\olivier\NeoDatis\06-2009\NeoDatis\test\Neodatis\Odb\Test\ODBTest.cs:line 97
at NeoDatis.Odb.Test.Update.TestUpdate.Test4() in F:\olivier\NeoDatis\06-2009\NeoDatis\test\Neodatis\Odb\Test\Update\TestUpdate.cs:line 173
]]></stack-trace>
                                </failure>
                              </test-case>
                              <test-case name="NeoDatis.Odb.Test.Update.TestUpdate.Test5" executed="True" success="False" time="0.000" asserts="0">
                                <failure>
                                  <message><![CDATA[System.IO.IOException : The process cannot access the file 'F:\olivier\NeoDatis\06-2009\NeoDatis\test\bin\Debug\update.neodatis' because it is being used by another process.]]></message>
                                  <stack-trace><![CDATA[at System.IO.__Error.WinIOError(Int32 errorCode, String maybeFullPath)
at System.IO.File.Delete(String path)
at NeoDatis.Tool.Wrappers.IO.OdbFile.Delete() in F:\olivier\NeoDatis\06-2009\NeoDatis\src\NeoDatis\Tool\Wrappers\IO\OdbFile.cs:line 64
at NeoDatis.Tool.IOUtil.DeleteFile(String fileName) in F:\olivier\NeoDatis\06-2009\NeoDatis\src\NeoDatis\Tool\IOUtil.cs:line 23
at NeoDatis.Odb.Test.ODBTest.DeleteBase(String baseName) in F:\olivier\NeoDatis\06-2009\NeoDatis\test\Neodatis\Odb\Test\ODBTest.cs:line 97
at NeoDatis.Odb.Test.Update.TestUpdate.Test5() in F:\olivier\NeoDatis\06-2009\NeoDatis\test\Neodatis\Odb\Test\Update\TestUpdate.cs:line 219
]]></stack-trace>
                                </failure>
                              </test-case>
                              <test-case name="NeoDatis.Odb.Test.Update.TestUpdate.Test6" executed="True" success="False" time="0.010" asserts="0">
                                <failure>
                                  <message><![CDATA[System.IO.IOException : The process cannot access the file 'F:\olivier\NeoDatis\06-2009\NeoDatis\test\bin\Debug\update.neodatis' because it is being used by another process.]]></message>
                                  <stack-trace><![CDATA[at System.IO.__Error.WinIOError(Int32 errorCode, String maybeFullPath)
at System.IO.File.Delete(String path)
at NeoDatis.Tool.Wrappers.IO.OdbFile.Delete() in F:\olivier\NeoDatis\06-2009\NeoDatis\src\NeoDatis\Tool\Wrappers\IO\OdbFile.cs:line 64
at NeoDatis.Tool.IOUtil.DeleteFile(String fileName) in F:\olivier\NeoDatis\06-2009\NeoDatis\src\NeoDatis\Tool\IOUtil.cs:line 23
at NeoDatis.Odb.Test.ODBTest.DeleteBase(String baseName) in F:\olivier\NeoDatis\06-2009\NeoDatis\test\Neodatis\Odb\Test\ODBTest.cs:line 97
at NeoDatis.Odb.Test.Update.TestUpdate.Test6() in F:\olivier\NeoDatis\06-2009\NeoDatis\test\Neodatis\Odb\Test\Update\TestUpdate.cs:line 255
]]></stack-trace>
                                </failure>
                              </test-case>
                              <test-case name="NeoDatis.Odb.Test.Update.TestUpdate.Test7" executed="True" success="False" time="0.000" asserts="0">
                                <failure>
                                  <message><![CDATA[System.IO.IOException : The process cannot access the file 'F:\olivier\NeoDatis\06-2009\NeoDatis\test\bin\Debug\update.neodatis' because it is being used by another process.]]></message>
                                  <stack-trace><![CDATA[at System.IO.__Error.WinIOError(Int32 errorCode, String maybeFullPath)
at System.IO.File.Delete(String path)
at NeoDatis.Tool.Wrappers.IO.OdbFile.Delete() in F:\olivier\NeoDatis\06-2009\NeoDatis\src\NeoDatis\Tool\Wrappers\IO\OdbFile.cs:line 64
at NeoDatis.Tool.IOUtil.DeleteFile(String fileName) in F:\olivier\NeoDatis\06-2009\NeoDatis\src\NeoDatis\Tool\IOUtil.cs:line 23
at NeoDatis.Odb.Test.ODBTest.DeleteBase(String baseName) in F:\olivier\NeoDatis\06-2009\NeoDatis\test\Neodatis\Odb\Test\ODBTest.cs:line 97
at NeoDatis.Odb.Test.Update.TestUpdate.Test7() in F:\olivier\NeoDatis\06-2009\NeoDatis\test\Neodatis\Odb\Test\Update\TestUpdate.cs:line 289
]]></stack-trace>
                                </failure>
                              </test-case>
                              <test-case name="NeoDatis.Odb.Test.Update.TestUpdate.Test8" executed="True" success="False" time="0.000" asserts="0">
                                <failure>
                                  <message><![CDATA[System.IO.IOException : The process cannot access the file 'F:\olivier\NeoDatis\06-2009\NeoDatis\test\bin\Debug\update.neodatis' because it is being used by another process.]]></message>
                                  <stack-trace><![CDATA[at System.IO.__Error.WinIOError(Int32 errorCode, String maybeFullPath)
at System.IO.File.Delete(String path)
at NeoDatis.Tool.Wrappers.IO.OdbFile.Delete() in F:\olivier\NeoDatis\06-2009\NeoDatis\src\NeoDatis\Tool\Wrappers\IO\OdbFile.cs:line 64
at NeoDatis.Tool.IOUtil.DeleteFile(String fileName) in F:\olivier\NeoDatis\06-2009\NeoDatis\src\NeoDatis\Tool\IOUtil.cs:line 23
at NeoDatis.Odb.Test.ODBTest.DeleteBase(String baseName) in F:\olivier\NeoDatis\06-2009\NeoDatis\test\Neodatis\Odb\Test\ODBTest.cs:line 97
at NeoDatis.Odb.Test.Update.TestUpdate.Test8() in F:\olivier\NeoDatis\06-2009\NeoDatis\test\Neodatis\Odb\Test\Update\TestUpdate.cs:line 322
]]></stack-trace>
                                </failure>
                              </test-case>
                              <test-case name="NeoDatis.Odb.Test.Update.TestUpdate.TestDirectSave" executed="True" success="False" time="0.010" asserts="0">
                                <failure>
                                  <message><![CDATA[NeoDatis.Odb.ODBRuntimeException : 
NeoDatis has thrown an Exception, please help us filling a bug report at https://sourceforge.net/tracker/?func=add&group_id=179124&atid=887885 with the following error message
Version=1.9 , Build=566, Date=21-05-2009-18-01-30, Thread=TestRunnerThread
Error:235:Class NeoDatis.Odb.Test.VO.Login.Function does not exist in meta-model]]></message>
                                  <stack-trace><![CDATA[at NeoDatis.Odb.Core.Layers.Layer2.Meta.MetaModel.GetClassInfo(String fullClassName, Boolean throwExceptionIfDoesNotExist) in F:\olivier\NeoDatis\06-2009\NeoDatis\src\NeoDatis\Odb\Core\Layers\Layer2\Meta\MetaModel.cs:line 151
at NeoDatis.Odb.Test.Update.TestUpdate.TestDirectSave() in F:\olivier\NeoDatis\06-2009\NeoDatis\test\Neodatis\Odb\Test\Update\TestUpdate.cs:line 505
]]></stack-trace>
                                </failure>
                              </test-case>
                              <test-case name="NeoDatis.Odb.Test.Update.TestUpdate.TestUpdateObjectReference" executed="True" success="False" time="0.010" asserts="0">
                                <failure>
                                  <message><![CDATA[System.IO.IOException : The process cannot access the file 'F:\olivier\NeoDatis\06-2009\NeoDatis\test\bin\Debug\update.neodatis' because it is being used by another process.]]></message>
                                  <stack-trace><![CDATA[at System.IO.__Error.WinIOError(Int32 errorCode, String maybeFullPath)
at System.IO.File.Delete(String path)
at NeoDatis.Tool.Wrappers.IO.OdbFile.Delete() in F:\olivier\NeoDatis\06-2009\NeoDatis\src\NeoDatis\Tool\Wrappers\IO\OdbFile.cs:line 64
at NeoDatis.Tool.IOUtil.DeleteFile(String fileName) in F:\olivier\NeoDatis\06-2009\NeoDatis\src\NeoDatis\Tool\IOUtil.cs:line 23
at NeoDatis.Odb.Test.ODBTest.DeleteBase(String baseName) in F:\olivier\NeoDatis\06-2009\NeoDatis\test\Neodatis\Odb\Test\ODBTest.cs:line 97
at NeoDatis.Odb.Test.Update.TestUpdate.TestUpdateObjectReference() in F:\olivier\NeoDatis\06-2009\NeoDatis\test\Neodatis\Odb\Test\Update\TestUpdate.cs:line 355
]]></stack-trace>
                                </failure>
                              </test-case>
                              <test-case name="NeoDatis.Odb.Test.Update.TestUpdate.TestUpdateObjectReference2" executed="True" success="False" time="0.000" asserts="0">
                                <failure>
                                  <message><![CDATA[System.IO.IOException : The process cannot access the file 'F:\olivier\NeoDatis\06-2009\NeoDatis\test\bin\Debug\update.neodatis' because it is being used by another process.]]></message>
                                  <stack-trace><![CDATA[at System.IO.__Error.WinIOError(Int32 errorCode, String maybeFullPath)
at System.IO.File.Delete(String path)
at NeoDatis.Tool.Wrappers.IO.OdbFile.Delete() in F:\olivier\NeoDatis\06-2009\NeoDatis\src\NeoDatis\Tool\Wrappers\IO\OdbFile.cs:line 64
at NeoDatis.Tool.IOUtil.DeleteFile(String fileName) in F:\olivier\NeoDatis\06-2009\NeoDatis\src\NeoDatis\Tool\IOUtil.cs:line 23
at NeoDatis.Odb.Test.ODBTest.DeleteBase(String baseName) in F:\olivier\NeoDatis\06-2009\NeoDatis\test\Neodatis\Odb\Test\ODBTest.cs:line 97
at NeoDatis.Odb.Test.Update.TestUpdate.TestUpdateObjectReference2() in F:\olivier\NeoDatis\06-2009\NeoDatis\test\Neodatis\Odb\Test\Update\TestUpdate.cs:line 387
]]></stack-trace>
                                </failure>
                              </test-case>
                              <test-case name="NeoDatis.Odb.Test.Update.TestUpdate.TestUpdateObjectReference3" executed="True" success="False" time="0.000" asserts="0">
                                <failure>
                                  <message><![CDATA[System.IO.IOException : The process cannot access the file 'F:\olivier\NeoDatis\06-2009\NeoDatis\test\bin\Debug\update.neodatis' because it is being used by another process.]]></message>
                                  <stack-trace><![CDATA[at System.IO.__Error.WinIOError(Int32 errorCode, String maybeFullPath)
at System.IO.File.Delete(String path)
at NeoDatis.Tool.Wrappers.IO.OdbFile.Delete() in F:\olivier\NeoDatis\06-2009\NeoDatis\src\NeoDatis\Tool\Wrappers\IO\OdbFile.cs:line 64
at NeoDatis.Tool.IOUtil.DeleteFile(String fileName) in F:\olivier\NeoDatis\06-2009\NeoDatis\src\NeoDatis\Tool\IOUtil.cs:line 23
at NeoDatis.Odb.Test.ODBTest.DeleteBase(String baseName) in F:\olivier\NeoDatis\06-2009\NeoDatis\test\Neodatis\Odb\Test\ODBTest.cs:line 97
at NeoDatis.Odb.Test.Update.TestUpdate.TestUpdateObjectReference3() in F:\olivier\NeoDatis\06-2009\NeoDatis\test\Neodatis\Odb\Test\Update\TestUpdate.cs:line 423
]]></stack-trace>
                                </failure>
                              </test-case>
                              <test-case name="NeoDatis.Odb.Test.Update.TestUpdate.TestUpdateObjectReference4" executed="True" success="False" time="0.000" asserts="0">
                                <failure>
                                  <message><![CDATA[System.IO.IOException : The process cannot access the file 'F:\olivier\NeoDatis\06-2009\NeoDatis\test\bin\Debug\update.neodatis' because it is being used by another process.]]></message>
                                  <stack-trace><![CDATA[at System.IO.__Error.WinIOError(Int32 errorCode, String maybeFullPath)
at System.IO.File.Delete(String path)
at NeoDatis.Tool.Wrappers.IO.OdbFile.Delete() in F:\olivier\NeoDatis\06-2009\NeoDatis\src\NeoDatis\Tool\Wrappers\IO\OdbFile.cs:line 64
at NeoDatis.Tool.IOUtil.DeleteFile(String fileName) in F:\olivier\NeoDatis\06-2009\NeoDatis\src\NeoDatis\Tool\IOUtil.cs:line 23
at NeoDatis.Odb.Test.ODBTest.DeleteBase(String baseName) in F:\olivier\NeoDatis\06-2009\NeoDatis\test\Neodatis\Odb\Test\ODBTest.cs:line 97
at NeoDatis.Odb.Test.Update.TestUpdate.TestUpdateObjectReference4() in F:\olivier\NeoDatis\06-2009\NeoDatis\test\Neodatis\Odb\Test\Update\TestUpdate.cs:line 456
]]></stack-trace>
                                </failure>
                              </test-case>
                              <test-case name="NeoDatis.Odb.Test.Update.TestUpdate.TestUpdateRelation" executed="True" success="True" time="0.020" asserts="2" />
                            </results>
                          </test-suite>
                        </results>
                      </test-suite>
                      <test-suite name="VO" executed="True" success="False" time="0.000" asserts="0">
                        <results>
                          <test-suite name="Attribute" executed="True" success="False" time="0.000" asserts="0">
                            <results>
                              <test-suite name="TestClass" executed="False">
                                <reason>
                                  <message><![CDATA[TestClass does not have any tests]]></message>
                                </reason>
                              </test-suite>
                            </results>
                          </test-suite>
                        </results>
                      </test-suite>
                    </results>
                  </test-suite>
                </results>
              </test-suite>
            </results>
          </test-suite>
        </results>
      </test-suite>
    </results>
  </test-suite>
</test-results>